INFO-FLOW: Workspace /home/ylxiao/ws_201/RISC/ip_development/hls_prj/rendering/zculling_top opened at Sun Dec 20 18:53:32 EST 2020
Execute     config_clock -quiet -name default -period 10 -default=false 
INFO: [SYN 201-201] Setting up clock 'default' with a period of 10ns.
Execute     open_platform DefaultPlatform 
Execute     import_lib /opt/Xilinx/Vivado/2018.2/common/technology/xilinx/zynq/zynq 
Execute       source /opt/Xilinx/Vivado/2018.2/common/technology/xilinx/common/xilinx.lib 
Execute         source /opt/Xilinx/Vivado/2018.2/common/technology/xilinx/interface/xilinx_interface.lib 
Execute           source /opt/Xilinx/Vivado/2018.2/common/technology/xilinx/interface/plb46.lib 
Execute           source /opt/Xilinx/Vivado/2018.2/common/technology/xilinx/interface/fsl.lib 
Execute           source /opt/Xilinx/Vivado/2018.2/common/technology/xilinx/interface/axi4.lib 
Execute           source /opt/Xilinx/Vivado/2018.2/common/technology/xilinx/interface/maxi.lib 
Execute           source /opt/Xilinx/Vivado/2018.2/common/technology/xilinx/interface/saxilite.lib 
Execute         source /opt/Xilinx/Vivado/2018.2/common/technology/xilinx/common/dsp48.lib 
Execute         source /opt/Xilinx/Vivado/2018.2/common/technology/xilinx/ip/xfft.lib 
Execute         source /opt/Xilinx/Vivado/2018.2/common/technology/xilinx/ip/xfir.lib 
Execute         source /opt/Xilinx/Vivado/2018.2/common/technology/xilinx/ip/dds_compiler.lib 
Execute       source /opt/Xilinx/Vivado/2018.2/common/technology/xilinx/common/xilinx_old.lib 
Execute       source /opt/Xilinx/Vivado/2018.2/common/technology/xilinx/common/xilinx_vivado.lib 
Execute       source /opt/Xilinx/Vivado/2018.2/common/technology/xilinx/common/xilinx.hlp 
Execute         source /opt/Xilinx/Vivado/2018.2/common/technology/xilinx/common/target_info.tcl 
Execute         source /opt/Xilinx/Vivado/2018.2/common/technology/xilinx/interface/xilinx_interface.hlp 
Execute           source /opt/Xilinx/Vivado/2018.2/common/technology/xilinx/interface/maxi.hlp 
Execute           source /opt/Xilinx/Vivado/2018.2/common/technology/xilinx/interface/saxilite.hlp 
Execute         source /opt/Xilinx/Vivado/2018.2/common/technology/xilinx/common/dsp48.hlp 
Execute       source /opt/Xilinx/Vivado/2018.2/common/technology/xilinx/zynq/dsp48e1.hlp 
Execute       get_default_platform 
Execute       config_chip_info -quiet -resource  {SLICE 13300}  {LUT 53200}     {FF 106400} {DSP48E 220}   {BRAM 280}  
Execute       config_chip_info -quiet -speed medium 
Execute       source /opt/Xilinx/Vivado/2018.2/common/technology/xilinx/common/xilinx.hlp 
Execute         source /opt/Xilinx/Vivado/2018.2/common/technology/xilinx/common/target_info.tcl 
Execute         source /opt/Xilinx/Vivado/2018.2/common/technology/xilinx/interface/xilinx_interface.hlp 
Execute           source /opt/Xilinx/Vivado/2018.2/common/technology/xilinx/interface/maxi.hlp 
Execute           source /opt/Xilinx/Vivado/2018.2/common/technology/xilinx/interface/saxilite.hlp 
Execute         source /opt/Xilinx/Vivado/2018.2/common/technology/xilinx/common/dsp48.hlp 
Execute     source /opt/Xilinx/Vivado/2018.2/common/technology/xilinx/zynq/zynq.gen 
Execute       source /opt/Xilinx/Vivado/2018.2/common/technology/xilinx/common/virtex.gen 
Execute         source /opt/Xilinx/Vivado/2018.2/common/technology/xilinx/common/xilinx.gen 
Execute           source /opt/Xilinx/Vivado/2018.2/common/technology/xilinx/interface/plb46.gen 
Execute           source /opt/Xilinx/Vivado/2018.2/common/technology/xilinx/interface/fsl.gen 
Execute           source /opt/Xilinx/Vivado/2018.2/common/technology/xilinx/interface/axi4.gen 
Execute           source /opt/Xilinx/Vivado/2018.2/common/technology/xilinx/interface/nativeAXI4.gen 
Execute             source /opt/Xilinx/Vivado/2018.2/common/technology/xilinx/interface/saxilite.gen 
Execute             source /opt/Xilinx/Vivado/2018.2/common/technology/xilinx/interface/maxi.gen 
Execute           source /opt/Xilinx/Vivado/2018.2/common/technology/xilinx/scripts/xilinxcoregen.gen 
Execute           source /opt/Xilinx/Vivado/2018.2/common/technology/xilinx/interface/XilEDKCoreGen.gen 
Execute           source /opt/Xilinx/Vivado/2018.2/common/technology/xilinx/ip/dds_compiler.gen 
Execute           source /opt/Xilinx/Vivado/2018.2/common/technology/xilinx/ip/util.gen 
Execute           source /opt/Xilinx/Vivado/2018.2/common/technology/xilinx/ip/xfft.gen 
Execute           source /opt/Xilinx/Vivado/2018.2/common/technology/xilinx/ip/xfir.gen 
Execute         source /opt/Xilinx/Vivado/2018.2/common/technology/xilinx/common/dsp48.gen 
Execute     open_platform DefaultPlatform 
Execute     import_lib /opt/Xilinx/Vivado/2018.2/common/technology/xilinx/zynq/zynq_fpv6 
Execute       source /opt/Xilinx/Vivado/2018.2/common/technology/xilinx/common/xilinx_fpv7.lib 
Execute         source /opt/Xilinx/Vivado/2018.2/common/technology/xilinx/common/xilinx_hp.lib 
Execute       source /opt/Xilinx/Vivado/2018.2/common/technology/xilinx/common/xilinx_fpv.hlp 
Execute         source /opt/Xilinx/Vivado/2018.2/common/technology/xilinx/common/xilinx.hlp 
Execute           source /opt/Xilinx/Vivado/2018.2/common/technology/xilinx/common/target_info.tcl 
Execute           source /opt/Xilinx/Vivado/2018.2/common/technology/xilinx/interface/xilinx_interface.hlp 
Execute             source /opt/Xilinx/Vivado/2018.2/common/technology/xilinx/interface/maxi.hlp 
Execute             source /opt/Xilinx/Vivado/2018.2/common/technology/xilinx/interface/saxilite.hlp 
Execute           source /opt/Xilinx/Vivado/2018.2/common/technology/xilinx/common/dsp48.hlp 
Execute       source /opt/Xilinx/Vivado/2018.2/common/technology/xilinx/zynq/zynq_hp.hlp 
Execute     source /opt/Xilinx/Vivado/2018.2/common/technology/xilinx/zynq/zynq_fpv6.gen 
Execute       source /opt/Xilinx/Vivado/2018.2/common/technology/xilinx/common/xilinx_fpv6.gen 
Execute     set_part xc7z020clg484-1 
Execute       add_library xilinx/zynq/zynq:xc7z020:clg484:-1 
Execute         get_default_platform 
Execute         license_isbetapart xc7z020 
Command         license_isbetapart done; error code: 1; 
Execute         get_default_platform 
Execute         config_chip_info -quiet -resource  {SLICE 13300}  {LUT 53200}     {FF 106400} {DSP48E 220}   {BRAM 280}  
Execute         config_chip_info -quiet -speed slow 
Execute       add_library xilinx/zynq/zynq_fpv6 
Execute         get_default_platform 
INFO: [HLS 200-10] Setting target device to 'xc7z020clg484-1'
Execute       get_default_platform 
Execute     get_default_platform 
Execute     config_chip_info -quiet -resource  {SLICE 13300}  {LUT 53200}     {FF 106400} {DSP48E 220}   {BRAM 280}  
Execute     config_chip_info -quiet -speed slow 
Command   open_solution done; 0.16 sec.
Execute   set_part xc7z020clg484-1 
Execute     add_library xilinx/zynq/zynq:xc7z020:clg484:-1 
Execute       get_default_platform 
Execute       license_isbetapart xc7z020 
Command       license_isbetapart done; error code: 1; 
Execute       get_default_platform 
Execute       config_chip_info -quiet -resource  {SLICE 13300}  {LUT 53200}     {FF 106400} {DSP48E 220}   {BRAM 280}  
Execute       config_chip_info -quiet -speed slow 
Execute     add_library xilinx/zynq/zynq_fpv6 
Execute       get_default_platform 
Execute     get_default_platform 
Execute   create_clock -period 10 -name default 
Execute   csynth_design 
Execute     get_config_compile -effort 
Execute     get_config_compile -enable_clang39 
Execute     get_config_compile -g 
Execute     get_config_compile -lm 
Execute     get_config_compile -ng 
Execute     get_config_compile -opt_fp 
Execute     get_config_compile -skip_cdt 
Execute     get_config_compile -skip_syncheck 
Execute     get_config_compile -skip_transform 
Execute     get_config_compile -keep_printf 
Execute     elaborate -effort=medium -skip_syncheck=0 -keep_printf=0 -lm=0 -skip_cdt=0 -skip_transform=0 -ng=0 -g=0 -opt_fp=0 -from_csynth_design=1 
Execute       get_config_schedule -relax_ii_for_timing 
Execute       get_config_schedule -suppress_dependence_error_break 
INFO: [HLS 200-10] Analyzing design file '../c_src/sdsoc/rendering.cpp' ... 
INFO-FLOW: Compiling one TU...
Execute       is_m_axi_addr64 
INFO-FLOW: Handling ../c_src/sdsoc/rendering.cpp as C++
Execute       get_default_platform 
Execute       is_encrypted ../c_src/sdsoc/rendering.cpp 
Execute       get_default_platform 
INFO-FLOW: Source preprocessing
Execute       clang  -fno-limit-debug-info -gcc-toolchain "/opt/Xilinx/Vivado/2018.2/lnx64/tools/gcc" -hls  -fno-exceptions  -D__llvm__  -E "../c_src/sdsoc/rendering.cpp"     -fno-math-errno -c -emit-llvm -O0  -mllvm -disable-llvm-optzns -fno-threadsafe-statics  -fno-use-cxa-atexit  -fno-threadsafe-statics -fno-use-cxa-atexit -D__CLANG_3_1__ -DAESL_SYN -D__SYNTHESIS__ -D__HLS_SYN__ -I "/opt/Xilinx/Vivado/2018.2/common/technology/autopilot" -I "/opt/Xilinx/Vivado/2018.2/common/technology/autopilot/ap_sysc" -include etc/autopilot_ssdm_op.h -D__DSP48E1__  -o "/home/ylxiao/ws_201/RISC/ip_development/hls_prj/rendering/zculling_top/.autopilot/db/rendering.pp.0.cpp" 
INFO-FLOW: exec /opt/Xilinx/Vivado/2018.2/lnx64/tools/clang/bin/clang -fno-limit-debug-info -gcc-toolchain /opt/Xilinx/Vivado/2018.2/lnx64/tools/gcc -hls -fno-exceptions -D__llvm__ -E ../c_src/sdsoc/rendering.cpp -fno-math-errno -c -emit-llvm -O0 -mllvm -disable-llvm-optzns -fno-threadsafe-statics -fno-use-cxa-atexit -fno-threadsafe-statics -fno-use-cxa-atexit -D__CLANG_3_1__ -DAESL_SYN -D__SYNTHESIS__ -D__HLS_SYN__ -I /opt/Xilinx/Vivado/2018.2/common/technology/autopilot -I /opt/Xilinx/Vivado/2018.2/common/technology/autopilot/ap_sysc -include etc/autopilot_ssdm_op.h -D__DSP48E1__ -o /home/ylxiao/ws_201/RISC/ip_development/hls_prj/rendering/zculling_top/.autopilot/db/rendering.pp.0.cpp
Command       clang done; 1.4 sec.
INFO-FLOW: Syntax Checking before pre-processing...
Execute       clang  -fno-limit-debug-info -gcc-toolchain "/opt/Xilinx/Vivado/2018.2/lnx64/tools/gcc" -hls    -fno-math-errno -c -emit-llvm -O0  -mllvm -disable-llvm-optzns -fno-threadsafe-statics  -fno-use-cxa-atexit  -fno-threadsafe-statics -fno-use-cxa-atexit -D__CLANG_3_1__ -DAESL_SYN -D__SYNTHESIS__ -D__HLS_SYN__ -I "/opt/Xilinx/Vivado/2018.2/common/technology/autopilot" -I "/opt/Xilinx/Vivado/2018.2/common/technology/autopilot/ap_sysc" -include etc/autopilot_ssdm_op.h -D__DSP48E1__  "/home/ylxiao/ws_201/RISC/ip_development/hls_prj/rendering/zculling_top/.autopilot/db/rendering.pp.0.cpp"  -o "/home/ylxiao/ws_201/RISC/ip_development/hls_prj/rendering/zculling_top/.autopilot/db/useless.bc"  
INFO-FLOW: exec /opt/Xilinx/Vivado/2018.2/lnx64/tools/clang/bin/clang -fno-limit-debug-info -gcc-toolchain /opt/Xilinx/Vivado/2018.2/lnx64/tools/gcc -hls -fno-math-errno -c -emit-llvm -O0 -mllvm -disable-llvm-optzns -fno-threadsafe-statics -fno-use-cxa-atexit -fno-threadsafe-statics -fno-use-cxa-atexit -D__CLANG_3_1__ -DAESL_SYN -D__SYNTHESIS__ -D__HLS_SYN__ -I /opt/Xilinx/Vivado/2018.2/common/technology/autopilot -I /opt/Xilinx/Vivado/2018.2/common/technology/autopilot/ap_sysc -include etc/autopilot_ssdm_op.h -D__DSP48E1__ /home/ylxiao/ws_201/RISC/ip_development/hls_prj/rendering/zculling_top/.autopilot/db/rendering.pp.0.cpp -o /home/ylxiao/ws_201/RISC/ip_development/hls_prj/rendering/zculling_top/.autopilot/db/useless.bc
Command       clang done; 2.95 sec.
INFO-FLOW: GCC PP time: 4 seconds per iteration
Execute       list_core -type functional_unit 
Execute       tidy_31 xilinx-systemc-detector /home/ylxiao/ws_201/RISC/ip_development/hls_prj/rendering/zculling_top/.autopilot/db/rendering.pp.0.cpp std=gnu++98 -directive=/home/ylxiao/ws_201/RISC/ip_development/hls_prj/rendering/zculling_top/.autopilot/db/.systemc_flag 
INFO-FLOW: exec /opt/Xilinx/Vivado/2018.2/lnx64/tools/clang-3.9-csynth/bin/tidy-3.1 -header-filter=.* --checks=-*,xilinx-systemc-detector -import-directive=/home/ylxiao/ws_201/RISC/ip_development/hls_prj/rendering/zculling_top/.autopilot/db/.systemc_flag -quiet -fix-errors /home/ylxiao/ws_201/RISC/ip_development/hls_prj/rendering/zculling_top/.autopilot/db/rendering.pp.0.cpp -- -std=gnu++98 -fhls -ferror-limit=0
Command       tidy_31 done; 3.84 sec.
INFO-FLOW: CDT Preprocessing with tidy-3.1...
Execute       tidy_31 xilinx-directive2pragma /home/ylxiao/ws_201/RISC/ip_development/hls_prj/rendering/zculling_top/.autopilot/db/rendering.pp.0.cpp std=gnu++98 -directive=/home/ylxiao/ws_201/RISC/ip_development/hls_prj/rendering/zculling_top/zculling_top.json 
INFO-FLOW: exec /opt/Xilinx/Vivado/2018.2/lnx64/tools/clang-3.9-csynth/bin/tidy-3.1 -header-filter=.* --checks=-*,xilinx-directive2pragma -import-directive=/home/ylxiao/ws_201/RISC/ip_development/hls_prj/rendering/zculling_top/zculling_top.json -quiet -fix-errors /home/ylxiao/ws_201/RISC/ip_development/hls_prj/rendering/zculling_top/.autopilot/db/rendering.pp.0.cpp -- -std=gnu++98 -fhls -ferror-limit=0
Command       tidy_31 done; 3.87 sec.
Execute       get_config_dataflow -strict_mode 
Execute       ap_eval exec -ignorestderr /opt/Xilinx/Vivado/2018.2/lnx64/tools/clang-3.9-csynth/bin/xilinx-dataflow-lawyer -export-fixes=/home/ylxiao/ws_201/RISC/ip_development/hls_prj/rendering/zculling_top/.autopilot/db/xilinx-dataflow-lawyer.rendering.pp.0.cpp.diag.yml /home/ylxiao/ws_201/RISC/ip_development/hls_prj/rendering/zculling_top/.autopilot/db/rendering.pp.0.cpp -- -std=gnu++98 -fhls -ferror-limit=0 -fstrict-dataflow > /home/ylxiao/ws_201/RISC/ip_development/hls_prj/rendering/zculling_top/.autopilot/db/xilinx-dataflow-lawyer.rendering.pp.0.cpp.out.log 2> /home/ylxiao/ws_201/RISC/ip_development/hls_prj/rendering/zculling_top/.autopilot/db/xilinx-dataflow-lawyer.rendering.pp.0.cpp.err.log 
Command       ap_eval done; 2.7 sec.
WARNING: [HLS 214-113] Variables defined outside dataflow region are not supported: ../c_src/sdsoc/rendering.cpp:141:12
WARNING: [HLS 214-111] Static variables and non-static stream cannot be used inside a dataflow region: ../c_src/sdsoc/rendering.cpp:1729:29
WARNING: [HLS 214-113] Variables defined outside dataflow region are not supported: ../c_src/sdsoc/rendering.cpp:2050:5
Execute       tidy_31 -errorcheck xilinx-constantarray-param,xilinx-resource-pragma-transformer /home/ylxiao/ws_201/RISC/ip_development/hls_prj/rendering/zculling_top/.autopilot/db/rendering.pp.0.cpp std=gnu++98 
INFO-FLOW: exec /opt/Xilinx/Vivado/2018.2/lnx64/tools/clang-3.9-csynth/bin/tidy-3.1 -header-filter=.* --checks=-*,xilinx-constantarray-param,xilinx-resource-pragma-transformer -quiet -fix-errors /home/ylxiao/ws_201/RISC/ip_development/hls_prj/rendering/zculling_top/.autopilot/db/rendering.pp.0.cpp -- -std=gnu++98 -fhls -ferror-limit=0
INFO-FLOW: exec /opt/Xilinx/Vivado/2018.2/lnx64/tools/clang-3.9-csynth/bin/xilinx-legacy-rewriter /home/ylxiao/ws_201/RISC/ip_development/hls_prj/rendering/zculling_top/.autopilot/db/rendering.pp.0.cpp -- -std=gnu++98 -fhls -ferror-limit=0
Command       tidy_31 done; 8.36 sec.
INFO-FLOW: tidy-3.1 time 14 seconds per iteration
INFO-FLOW: Pragma Handling...
Execute       tidy_31 xilinx-ssdm-intrinsics-arguments /home/ylxiao/ws_201/RISC/ip_development/hls_prj/rendering/zculling_top/.autopilot/db/rendering.pragma.1.cpp std=gnu++98 
INFO-FLOW: exec /opt/Xilinx/Vivado/2018.2/lnx64/tools/clang-3.9-csynth/bin/tidy-3.1 -header-filter=.* --checks=-*,xilinx-ssdm-intrinsics-arguments -quiet -fix-errors /home/ylxiao/ws_201/RISC/ip_development/hls_prj/rendering/zculling_top/.autopilot/db/rendering.pragma.1.cpp -- -std=gnu++98 -fhls -ferror-limit=0
Command       tidy_31 done; 4.52 sec.
INFO-FLOW: Source preprocessing
Execute       clang  -fno-limit-debug-info -gcc-toolchain "/opt/Xilinx/Vivado/2018.2/lnx64/tools/gcc" -hls  -fno-exceptions  -D__llvm__  -E "/home/ylxiao/ws_201/RISC/ip_development/hls_prj/rendering/zculling_top/.autopilot/db/rendering.pragma.1.cpp"     -fno-math-errno -c -emit-llvm -O0  -mllvm -disable-llvm-optzns -fno-threadsafe-statics  -fno-use-cxa-atexit  -fno-threadsafe-statics -fno-use-cxa-atexit -D__CLANG_3_1__ -DAESL_SYN -D__SYNTHESIS__ -D__HLS_SYN__ -I "/opt/Xilinx/Vivado/2018.2/common/technology/autopilot" -I "/opt/Xilinx/Vivado/2018.2/common/technology/autopilot/ap_sysc" -include etc/autopilot_ssdm_op.h -D__DSP48E1__  -o "/home/ylxiao/ws_201/RISC/ip_development/hls_prj/rendering/zculling_top/.autopilot/db/rendering.pragma.2.cpp" 
INFO-FLOW: exec /opt/Xilinx/Vivado/2018.2/lnx64/tools/clang/bin/clang -fno-limit-debug-info -gcc-toolchain /opt/Xilinx/Vivado/2018.2/lnx64/tools/gcc -hls -fno-exceptions -D__llvm__ -E /home/ylxiao/ws_201/RISC/ip_development/hls_prj/rendering/zculling_top/.autopilot/db/rendering.pragma.1.cpp -fno-math-errno -c -emit-llvm -O0 -mllvm -disable-llvm-optzns -fno-threadsafe-statics -fno-use-cxa-atexit -fno-threadsafe-statics -fno-use-cxa-atexit -D__CLANG_3_1__ -DAESL_SYN -D__SYNTHESIS__ -D__HLS_SYN__ -I /opt/Xilinx/Vivado/2018.2/common/technology/autopilot -I /opt/Xilinx/Vivado/2018.2/common/technology/autopilot/ap_sysc -include etc/autopilot_ssdm_op.h -D__DSP48E1__ -o /home/ylxiao/ws_201/RISC/ip_development/hls_prj/rendering/zculling_top/.autopilot/db/rendering.pragma.2.cpp
Command       clang done; 1.04 sec.
Execute       get_default_platform 
INFO-FLOW: Processing labels
Execute       clang -src /home/ylxiao/ws_201/RISC/ip_development/hls_prj/rendering/zculling_top/.autopilot/db/rendering.pragma.2.cpp  -fno-limit-debug-info -gcc-toolchain /opt/Xilinx/Vivado/2018.2/lnx64/tools/gcc -hls -hls-analyze-label -hls-analyze-pragma -fno-exceptions  -D__llvm__  -w  "/home/ylxiao/ws_201/RISC/ip_development/hls_prj/rendering/zculling_top/.autopilot/db/rendering.pragma.2.cpp"    -fno-math-errno -c -emit-llvm -O0  -mllvm -disable-llvm-optzns -fno-threadsafe-statics  -fno-use-cxa-atexit -DAESL_SYN -D__SYNTHESIS__ -D__HLS_SYN__ -I "/opt/Xilinx/Vivado/2018.2/common/technology/autopilot" -I "/opt/Xilinx/Vivado/2018.2/common/technology/autopilot/ap_sysc" -include etc/autopilot_ssdm_op.h -D__DSP48E1__ -g -o "/home/ylxiao/ws_201/RISC/ip_development/hls_prj/rendering/zculling_top/.autopilot/db/rendering.bc" 
INFO-FLOW: exec /opt/Xilinx/Vivado/2018.2/lnx64/tools/clang/bin/clang -fno-limit-debug-info -gcc-toolchain /opt/Xilinx/Vivado/2018.2/lnx64/tools/gcc -hls -hls-analyze-label -hls-analyze-pragma -fno-exceptions -D__llvm__ -w /home/ylxiao/ws_201/RISC/ip_development/hls_prj/rendering/zculling_top/.autopilot/db/rendering.pragma.2.cpp -fno-math-errno -c -emit-llvm -O0 -mllvm -disable-llvm-optzns -fno-threadsafe-statics -fno-use-cxa-atexit -DAESL_SYN -D__SYNTHESIS__ -D__HLS_SYN__ -I /opt/Xilinx/Vivado/2018.2/common/technology/autopilot -I /opt/Xilinx/Vivado/2018.2/common/technology/autopilot/ap_sysc -include etc/autopilot_ssdm_op.h -D__DSP48E1__ -g -o /home/ylxiao/ws_201/RISC/ip_development/hls_prj/rendering/zculling_top/.autopilot/db/rendering.bc
Command       clang done; 2.98 sec.
INFO-FLOW: Linking Debug ...
Execute       llvm-ld /home/ylxiao/ws_201/RISC/ip_development/hls_prj/rendering/zculling_top/.autopilot/db/rendering.g.bc -hls-opt -except-internalize zculling_top -L/opt/Xilinx/Vivado/2018.2/lnx64/lib -lhlsm -lhlsmc++ -o /home/ylxiao/ws_201/RISC/ip_development/hls_prj/rendering/zculling_top/.autopilot/db/a.g 
Command       llvm-ld done; 0.71 sec.
INFO: [HLS 200-111] Finished Linking Time (s): cpu = 00:00:32 ; elapsed = 00:00:33 . Memory (MB): peak = 368.723 ; gain = 0.121 ; free physical = 13259 ; free virtual = 23084
INFO: [HLS 200-111] Finished Checking Pragmas Time (s): cpu = 00:00:32 ; elapsed = 00:00:33 . Memory (MB): peak = 368.723 ; gain = 0.121 ; free physical = 13259 ; free virtual = 23084
Execute       ::config_rtl 
Execute       opt_and_import_c a -opt_level=2 -skip_syncheck=0 -ng=0 -keep_printf=0 
Execute         cleanup_all_models 
INFO: [HLS 200-10] Starting code transformations ...
Execute         transform -promote-dbg-pointer /home/ylxiao/ws_201/RISC/ip_development/hls_prj/rendering/zculling_top/.autopilot/db/a.pp.bc -o /home/ylxiao/ws_201/RISC/ip_development/hls_prj/rendering/zculling_top/.autopilot/db/a.pp.0.bc -f 
Execute         llvm-ld /home/ylxiao/ws_201/RISC/ip_development/hls_prj/rendering/zculling_top/.autopilot/db/a.pp.0.bc -disable-opt -L/opt/Xilinx/Vivado/2018.2/lnx64/lib -lfloatconversion -o /home/ylxiao/ws_201/RISC/ip_development/hls_prj/rendering/zculling_top/.autopilot/db/a.g.0 
Command         llvm-ld done; 0.58 sec.
INFO-FLOW: Running Standard Transforms...
Execute         transform -hls -share-std-xform -demangle-name -inline-byval-memcpy -always-inline -promote-dbg-pointer -interface-preproc -scalarrepl -mem2reg -keep-read-access -instcombine -dce -promote-dbg-pointer -bitop-raise -loop-simplify -indvarspre -indvars -loop-simplify -xunroll -constprop -instcombine -simplifycfg -indvars -simplifycfg -dce -globaldce -basicaa -simplifycfg -mem2reg -globalopt -global-constprop -deadargelim -instcombine -simplifycfg -prune-eh -simplifycfg -scalarrepl -instcombine -reassociate -licm -simplifycfg -loop-simplify -indvars -instcombine -simplifycfg -mem2reg -loop-simplify -indvars -instcombine -gvn -gvn -instcombine -adce -break-crit-edges -simplifycfg -loop-delete -global-array-opt -dce -dse -adce -find-syn-modules -top zculling_top -deadargelim -mem2reg -instcombine -dce -presyn-prepare -auto-rom-infer -interface-preproc -syn-check -check-rec-only -find-region -simplifycfg -func-extr -function-inline -globaldce -mem2reg -instcombine -dce -gvn -globaldce -adce -adse -constprop -instcombine -bit-constprop -instcombine -dce -simplifycfg -bitop-raise -simplifycfg -dce -loop-delete -reassociate -globalopt -global-privatize -mem2reg -dce -global-constprop -pointer-simplify -constprop -dce -func-inst -deadargelim -auto-shift-reg-idiom -promote-dbg-pointer -norm-name /home/ylxiao/ws_201/RISC/ip_development/hls_prj/rendering/zculling_top/.autopilot/db/a.g.0.bc -o /home/ylxiao/ws_201/RISC/ip_development/hls_prj/rendering/zculling_top/.autopilot/db/a.g.1.bc -f -phase std-opt 
INFO: [HLS 200-111] Finished Standard Transforms Time (s): cpu = 00:00:33 ; elapsed = 00:00:34 . Memory (MB): peak = 496.602 ; gain = 128.000 ; free physical = 13240 ; free virtual = 23068
INFO: [HLS 200-10] Checking synthesizability ...
INFO-FLOW: Checking Synthesizability 1/2..
Execute         transform -hls -syn-check -check-rec-only -disaggr -scalarrepl -norm-name -dce -mem2reg -instcombine -function-uniquify -directive-preproc -mem2reg -dse -dce -auto-rom-infer -dce -array-normalize -instcombine -dce -warn-fifo-pointer -array-seg-normalize -instcombine -dce -array-flatten -instcombine -dce -array-burst -dce -deadargelim -promote-global-argument -simplifycfg -mem2reg -globaldce -resolve-double-ptr -dce -deadargelim -dce -instcombine -function-inline -globaldce -dce -doublePtrSimplify -doublePtrElim -dce -doublePtrSimplify -promote-dbg-pointer -dce -scalarrepl -dse -adse -instcombine -ptrLegalization -simplifycfg -dce -instcombine -pointer-simplify -ptrArgReplace -dce -instcombine -disaggr -scalarrepl -norm-name -dce -mem2reg -instcombine -ptrLegalization -simplifycfg -deadargelim -instcombine -dce -inst-simplify -function-uniquify -directive-preproc -mem2reg -dse -dce -globaldce /home/ylxiao/ws_201/RISC/ip_development/hls_prj/rendering/zculling_top/.autopilot/db/a.g.1.bc -o /home/ylxiao/ws_201/RISC/ip_development/hls_prj/rendering/zculling_top/.autopilot/db/a.g.2.prechk.bc -f 
INFO-FLOW: Checking Synthesizability 2/2..
Execute         transform -syn-check /home/ylxiao/ws_201/RISC/ip_development/hls_prj/rendering/zculling_top/.autopilot/db/a.g.2.prechk.bc -o /home/ylxiao/ws_201/RISC/ip_development/hls_prj/rendering/zculling_top/.autopilot/db/a.g.2.bc -f -phase syn-check 
INFO: [HLS 200-111] Finished Checking Synthesizability Time (s): cpu = 00:00:33 ; elapsed = 00:00:34 . Memory (MB): peak = 497.215 ; gain = 128.613 ; free physical = 13230 ; free virtual = 23059
INFO-FLOW: Compiler optimizing ...
INFO-FLOW: Share syncheck's 1.bc for syn flow: copy /home/ylxiao/ws_201/RISC/ip_development/hls_prj/rendering/zculling_top/.autopilot/db/a.g.1.bc to /home/ylxiao/ws_201/RISC/ip_development/hls_prj/rendering/zculling_top/.autopilot/db/a.o.1.bc
INFO-FLOW: Presyn 1...
Execute         transform -hls -tmp /home/ylxiao/ws_201/RISC/ip_development/hls_prj/rendering/zculling_top/.autopilot/db -interface-port-rename -type-info -function-uniquify -directive-preproc -mem2reg -dse -dce -disaggr -scalarrepl -norm-name -deadargelim -mem2reg -instcombine -dce -simplifycfg -auto-rom-infer -dce -function-uniquify -resource-proc -simplifycfg -mem2reg -globaldce -resolve-double-ptr -dce -deadargelim -dce -instcombine -clib-intrinsic-prepare -dce -func-buffer -dce -array-normalize -func-legal -instcombine -gvn -constprop -dce -ptrArgReplace -mem2reg -instcombine -dce -array-seg-normalize -deadargelim -instcombine -dce -pointer-simplify -dce -port-alignment -dce -interface-preproc -data-pack -instcombine -dce -basicaa -aggr-aa -aggrmodref-aa -aggr-aa -gvn -gvn -basicaa -aggr-aa -aggrmodref-aa -aggr-aa -dse -adse -adce -loop-simplify -indvars -instcombine -gvn -loop-simplify -mem2reg -dce -find-region -instcombine -auto-loop-pipeline -inst-simplify -interface-preproc -cfgopt -instcombine -indvars -auto-loop-unroll -loop-simplify -loop-bound -xunroll -constprop -instcombine -simplifycfg -indvars -simplifycfg -dce -globaldce -clean-region -attach-range -gvn -inst-simplify -constprop -simplifycfg -dce -pointer-simplify -dce -globalopt -constprop -dce -array-promote -constprop -instcombine -dce -ptrArgReplace -mem2reg -instcombine -simplifycfg -dce -auto-par -instcombine -dce -array-transform-check -array-reshape -instcombine -simplifycfg -dce -ptrArgReplace -deadargelim -mem2reg -instcombine -simplifycfg -dce -indvars -loop-simplify -loop-bound -xunroll -constprop -instcombine -simplifycfg -indvars -simplifycfg -dce -globaldce -duplicate-dataflow-processes -globaldce -instcombine -array-partition -instcombine -simplifycfg -dce -ptrArgReplace -global-constprop -deadargelim -mem2reg -func-legal -instcombine -dce -global-constprop -deadargelim -mem2reg -instcombine -simplifycfg -dce -merge-param -deadargelim -globalopt -constprop -dce -array-promote -constprop -instcombine -dce -ptrArgReplace -mem2reg -instcombine -simplifycfg -dce -mem-intrinsic-preproc -dce -global-internalize -global-privatize -mem2reg -globaldce -promote-global-argument -ptrArgReplace -mem2reg -instcombine -dce -globalopt -mergereturn -simplify-global-access -mem2reg -dce -pointer-simplify -dce -functionattrs -basicaa -aggr-aa -aggrmodref-aa -aggr-aa -gvn -gvn -basicaa -aggr-aa -aggrmodref-aa -aggr-aa -dse -adse -adce -inst-simplify -dce -norm-name -function-inline -globaldce -func-inst -constprop -instcombine -simplifycfg -dce -func-legal -dce -loop-bound -arraycheck -bitwidthmin -on-by-dataflow -loop-delete -instcombine -simplifycfg -globaldce -dce -gvn -deadargelim -dce -loop-simplify -clean-region -simplifycfg -propagate-stable-arguments -loop-stream -instcombine -simplifycfg -dce -globaldce -duplicate-dataflow-processes -stream-intrinsic-preproc -dce -check-ap-stream -loop-simplify -eliminate-keepreads -extract-dataflow-in-loop -loop-simplify -dce -gvn -deadargelim -dse -check-dataflow-syntax -legalize-stream-variable -legalize-global -extract-subproc -dce -dead-channel-elimination -canonicalize-gep -globaldce -dce -gvn -deadargelim -annotate-dataflow-channels -scalar-propagation -deadargelim -globaldce -mem2reg -check-dataflow-channels -function-stream -dce -globaldce -prop-fifo-spec -internal-stream-gen -canonicalize-gep -globaldce -dce -gvn -deadargelim -mergereturn -indvars -loop-simplify -instcombine -array-stream -array-seg-normalize -array-partition -func-legal -instcombine -simplifycfg -dce -bundle-memfifo-ops -deadargelim -function-uniquify -directive-preproc -mem2reg -dse -dce -group-axi-access -licm -simplifycfg -dce -loop-delete -norm-name /home/ylxiao/ws_201/RISC/ip_development/hls_prj/rendering/zculling_top/.autopilot/db/a.o.1.bc -o /home/ylxiao/ws_201/RISC/ip_development/hls_prj/rendering/zculling_top/.autopilot/db/a.o.1.tmp.bc -f 
INFO: [XFORM 203-502] Unrolling all sub-loops inside loop 'ZCULLING_INIT_ROW' (../c_src/sdsoc/rendering.cpp:1300) in function 'zculling_top' for pipelining.
INFO: [XFORM 203-501] Unrolling loop 'ZCULLING_INIT_COL' (../c_src/sdsoc/rendering.cpp:1303) in function 'zculling_top' completely.
Command         transform done; 1.03 sec.
INFO-FLOW: Presyn 2...
Execute         transform -hls -keep-callgraph -scalarrepl -mem2reg -port-alignment -attach-range -dce -pipe-mux-gen -indvars -loop-bound -inst-simplify -instcombine -dce -merge-array-access -mem2reg -dce -clean-region -mergereturn -if-conv -instcombine -dce -constprop -basicaa -aggr-aa -aggrmodref-aa -aggr-aa -gvn -gvn -basicaa -aggr-aa -aggrmodref-aa -aggr-aa -dse -adse -adce -scalarrepl -mem2reg -global-constprop -deadargelim -deadargelim -instcombine -dce -simplifycfg -ptrArgReplace -mem2reg -function-inline -globaldce -mem2reg -instcombine -dce -expr-balance -instcombine -dce -bitwidthmin -interface-preproc -directive-preproc -inst-rectify -instcombine -dce -functionattrs -constprop -instcombine -bit-constprop -simplify-global-access -globalopt -globaldce -inst-simplify -instcombine -elimdeaddata -dce -loop-delete -simplifycfg -loop-simplify -auto-burst -norm-name /home/ylxiao/ws_201/RISC/ip_development/hls_prj/rendering/zculling_top/.autopilot/db/a.o.1.tmp.bc -o /home/ylxiao/ws_201/RISC/ip_development/hls_prj/rendering/zculling_top/.autopilot/db/a.o.2.bc -f -phase presyn 
Command         transform done; 0.18 sec.
INFO: [HLS 200-111] Finished Pre-synthesis Time (s): cpu = 00:00:34 ; elapsed = 00:00:35 . Memory (MB): peak = 497.215 ; gain = 128.613 ; free physical = 13192 ; free virtual = 23023
INFO-FLOW: Building ssdm...
Execute         transform -hls -function-uniquify -auto-function-inline -globaldce -ptrArgReplace -mem2reg -instcombine -dce -reset-lda -loop-simplify -indvars -licm -loop-dep -loop-bound -licm -loop-simplify -flattenloopnest -array-flatten -gvn -instcombine -dce -array-map -dce -func-legal -gvn -adce -instcombine -cfgopt -simplifycfg -loop-simplify -array-burst -promote-global-argument -dce -axi4-lower -array-seg-normalize -basicaa -aggrmodref-aa -globalsmodref-aa -aggr-aa -gvn -gvn -basicaa -aggrmodref-aa -globalsmodref-aa -aggr-aa -dse -adse -adce -licm -inst-simplify -dce -globaldce -instcombine -array-stream -eliminate-keepreads -instcombine -dce -deadargelim -doublePtrSimplify -doublePtrElim -dce -doublePtrSimplify -promote-dbg-pointer -dce -scalarrepl -mem2reg -disaggr -norm-name -mem2reg -instcombine -dse -adse -adce -ptrLegalization -dce -auto-rom-infer -array-flatten -dce -instcombine -check-doubleptr -loop-rot -constprop -cfgopt -simplifycfg -loop-simplify -indvars -pointer-simplify -dce -loop-bound -loop-simplify -loop-preproc -constprop -global-constprop -gvn -mem2reg -instcombine -dce -loop-bound -loop-merge -dce -bitwidthmin -deadargelim -dce -canonicalize-dataflow -dce -scalar-propagation -deadargelim -globaldce -mem2reg -read-loop-dep -interface-preproc -directive-preproc -interface-gen -bram-byte-enable -deadargelim -inst-simplify -dce -gvn -mem2reg -instcombine -dce -adse -loop-bound -instcombine -cfgopt -simplifycfg -loop-simplify -clean-region -io-protocol -find-region -mem2reg -bitop-raise -inst-simplify -inst-rectify -instcombine -adce -deadargelim -loop-simplify -phi-opt -bitop-raise -cfgopt -simplifycfg -strip-dead-prototypes -interface-lower -bitop-lower -intrinsic-lower -auto-function-inline -basicaa -aggrmodref-aa -globalsmodref-aa -aggr-aa -inst-simplify -simplifycfg -loop-simplify -mergereturn -inst-simplify -inst-rectify -dce -load-elim -bitop-lower -loop-rewind -pointer-simplify -dce -cfgopt -dce -bitwidth -loop-dep -read-loop-dep -dce -check-stream -norm-name -legalize -validate-dataflow -dead-allocation-elimination -cdfg-build /home/ylxiao/ws_201/RISC/ip_development/hls_prj/rendering/zculling_top/.autopilot/db/a.o.2.bc -o /home/ylxiao/ws_201/RISC/ip_development/hls_prj/rendering/zculling_top/.autopilot/db/a.o.3.bc -f -phase build-ssdm 
Command         transform done; 1.5 sec.
INFO: [HLS 200-111] Finished Architecture Synthesis Time (s): cpu = 00:00:36 ; elapsed = 00:00:37 . Memory (MB): peak = 560.602 ; gain = 192.000 ; free physical = 13165 ; free virtual = 22994
INFO-FLOW: Finish building internal data model.
Command       opt_and_import_c done; 3.55 sec.
Command     elaborate done; 36.3 sec.
Execute     autosyn -from_csynth_design=1 
INFO: [HLS 200-10] Starting hardware synthesis ...
INFO-FLOW: Synthesizing C/C++ design ...
INFO: [HLS 200-10] Synthesizing 'zculling_top' ...
Execute       ap_set_top_model zculling_top 
Execute       get_model_list zculling_top -filter all-wo-channel -topdown 
Execute       preproc_iomode -model zculling_top 
Execute       get_model_list zculling_top -filter all-wo-channel 
INFO-FLOW: Model list for configure: zculling_top
INFO-FLOW: Configuring Module : zculling_top ...
Execute       set_default_model zculling_top 
Execute       apply_spec_resource_limit zculling_top 
INFO-FLOW: Model list for preprocess: zculling_top
INFO-FLOW: Preprocessing Module: zculling_top ...
Execute       set_default_model zculling_top 
Execute       cdfg_preprocess -model zculling_top 
Execute       rtl_gen_preprocess zculling_top 
INFO-FLOW: Model list for synthesis: zculling_top
INFO: [HLS 200-10] ----------------------------------------------------------------
INFO: [HLS 200-42] -- Implementing module 'zculling_top' 
INFO: [HLS 200-10] ----------------------------------------------------------------
Execute       set_default_model zculling_top 
Execute       schedule -model zculling_top 
INFO: [SCHED 204-11] Starting scheduling ...
INFO: [SCHED 204-61] Pipelining loop 'ZCULLING_INIT_ROW'.
WARNING: [SCHED 204-69] Unable to schedule 'store' operation (../c_src/sdsoc/rendering.cpp:1304) of constant 255 on array 'z_buffer_V' due to limited memory ports. Please consider using a memory core with more ports or partitioning the array 'z_buffer_V'.
INFO: [SCHED 204-61] Pipelining result : Target II = 1, Final II = 128, Depth = 128.
INFO: [SCHED 204-61] Pipelining loop 'ZCULLING'.
WARNING: [SCHED 204-68] Unable to enforce a carried dependence constraint (II = 1, distance = 1, offset = 1)
   between 'store' operation (../c_src/sdsoc/rendering.cpp:1340) of variable 'fragment.z.V', ../c_src/sdsoc/rendering.cpp:1331 on array 'z_buffer_V' and 'load' operation ('z_buffer_V_load', ../c_src/sdsoc/rendering.cpp:1333) on array 'z_buffer_V'.
INFO: [SCHED 204-61] Pipelining result : Target II = 1, Final II = 2, Depth = 3.
INFO: [SCHED 204-61] Pipelining loop 'Loop 3'.
INFO: [SCHED 204-61] Pipelining result : Target II = 1, Final II = 1, Depth = 2.
INFO: [SCHED 204-11] Finished scheduling.
Command       schedule done; 3.05 sec.
INFO: [HLS 200-111]  Elapsed time: 39.85 seconds; current allocated memory: 141.422 MB.
Execute       report -o /home/ylxiao/ws_201/RISC/ip_development/hls_prj/rendering/zculling_top/.autopilot/db/zculling_top.verbose.sched.rpt -verbose -f 
WARNING: [HLS 200-433] Loop - ZCULLING_INIT_ROW has an initiation interval that is equal to the pipeline depth (128) - this results in an unpipelined loop.
Command       report done; 0.46 sec.
Execute       db_write -o /home/ylxiao/ws_201/RISC/ip_development/hls_prj/rendering/zculling_top/.autopilot/db/zculling_top.sched.adb -f 
INFO-FLOW: Finish scheduling zculling_top.
Execute       set_default_model zculling_top 
Execute       bind -model zculling_top 
BIND OPTION: fu_weight=[ 0.0 -- 1.0 ]
BIND OPTION: model=zculling_top
BIND OPTION: reg_weight=[ 0.0 -- 1.0 ]
INFO: [BIND 205-100] Starting micro-architecture generation ...
INFO: [BIND 205-101] Performing variable lifetime analysis.
INFO: [BIND 205-101] Exploring resource sharing.
INFO: [BIND 205-101] Binding ...
INFO: [BIND 205-100] Finished micro-architecture generation.
Command       bind done; 0.4 sec.
INFO: [HLS 200-111]  Elapsed time: 0.95 seconds; current allocated memory: 145.338 MB.
Execute       report -o /home/ylxiao/ws_201/RISC/ip_development/hls_prj/rendering/zculling_top/.autopilot/db/zculling_top.verbose.bind.rpt -verbose -f 
WARNING: [HLS 200-433] Loop - ZCULLING_INIT_ROW has an initiation interval that is equal to the pipeline depth (128) - this results in an unpipelined loop.
Command       report done; 0.32 sec.
Execute       db_write -o /home/ylxiao/ws_201/RISC/ip_development/hls_prj/rendering/zculling_top/.autopilot/db/zculling_top.bind.adb -f 
INFO-FLOW: Finish binding zculling_top.
Execute       get_model_list zculling_top -filter all-wo-channel 
INFO-FLOW: Preprocessing for RTLGen ...
Execute       rtl_gen_preprocess zculling_top 
INFO-FLOW: Model list for RTL generation: zculling_top
INFO: [HLS 200-10] ----------------------------------------------------------------
INFO: [HLS 200-10] -- Generating RTL for module 'zculling_top' 
INFO: [HLS 200-10] ----------------------------------------------------------------
Execute       get_config_rtl -prefix 
Execute       get_config_rtl -auto_prefix 
Execute       create_rtl_model zculling_top -vendor xilinx -mg_file /home/ylxiao/ws_201/RISC/ip_development/hls_prj/rendering/zculling_top/.autopilot/db/zculling_top.compgen.tcl 
INFO: [RTGEN 206-500] Setting interface mode on port 'zculling_top/Input_1_V_V' to 'ap_hs'.
INFO: [RTGEN 206-500] Setting interface mode on port 'zculling_top/Input_2_V_V' to 'ap_hs'.
INFO: [RTGEN 206-500] Setting interface mode on port 'zculling_top/Output_1_V_V' to 'ap_hs'.
INFO: [RTGEN 206-500] Setting interface mode on function 'zculling_top' to 'ap_ctrl_hs'.
WARNING: [RTGEN 206-101] Register 'odd_even_V' is power-on initialization.
WARNING: [RTGEN 206-101] Register 'zculling_top_in_1' is power-on initialization.
WARNING: [RTGEN 206-101] Register 'zculling_top_in_2' is power-on initialization.
WARNING: [RTGEN 206-101] Register 'counter_V' is power-on initialization.
INFO: [SYN 201-210] Renamed object name 'zculling_top_z_buffer_V' to 'zculling_top_z_bubkb' due to the length limit 20
WARNING: [RTGEN 206-101] Register 'zculling_top_out_1' is power-on initialization.
INFO: [SYN 201-210] Renamed object name 'zculling_top_pixels_x_V' to 'zculling_top_pixecud' due to the length limit 20
INFO: [SYN 201-210] Renamed object name 'zculling_top_pixels_y_V' to 'zculling_top_pixedEe' due to the length limit 20
INFO: [SYN 201-210] Renamed object name 'zculling_top_pixels_color_V' to 'zculling_top_pixeeOg' due to the length limit 20
INFO: [RTGEN 206-100] Finished creating RTL model for 'zculling_top'.
Command       create_rtl_model done; 0.48 sec.
INFO: [HLS 200-111]  Elapsed time: 0.91 seconds; current allocated memory: 152.273 MB.
Execute       source /home/ylxiao/ws_201/RISC/ip_development/hls_prj/rendering/zculling_top/.autopilot/db/zculling_top.rtl_wrap.cfg.tcl 
Execute       gen_rtl zculling_top -istop -style xilinx -tracefl mytrace -tracefmt vcd -traceopt all -f -lang sc -o /home/ylxiao/ws_201/RISC/ip_development/hls_prj/rendering/zculling_top/syn/systemc/zculling_top -synmodules zculling_top 
Execute       gen_rtl zculling_top -istop -style xilinx -f -lang vhdl -o /home/ylxiao/ws_201/RISC/ip_development/hls_prj/rendering/zculling_top/syn/vhdl/zculling_top 
Command       gen_rtl done; 0.16 sec.
Execute       gen_rtl zculling_top -istop -style xilinx -f -lang vlog -o /home/ylxiao/ws_201/RISC/ip_development/hls_prj/rendering/zculling_top/syn/verilog/zculling_top 
Execute       export_constraint_db -o /home/ylxiao/ws_201/RISC/ip_development/hls_prj/rendering/zculling_top/.autopilot/db/zculling_top.constraint.tcl -f -tool general 
Execute       report -model zculling_top -o /home/ylxiao/ws_201/RISC/ip_development/hls_prj/rendering/zculling_top/.autopilot/db/zculling_top.design.xml -verbose -f -dv 
Command       report done; 0.16 sec.
Execute       report -model zculling_top -o /home/ylxiao/ws_201/RISC/ip_development/hls_prj/rendering/zculling_top/.autopilot/db/zculling_top.sdaccel.xml -verbose -f -sdaccel 
WARNING: [HLS 200-433] Loop - ZCULLING_INIT_ROW has an initiation interval that is equal to the pipeline depth (128) - this results in an unpipelined loop.
Command       report done; 0.27 sec.
Execute       gen_tb_info zculling_top -o /home/ylxiao/ws_201/RISC/ip_development/hls_prj/rendering/zculling_top/.autopilot/db/zculling_top -p /home/ylxiao/ws_201/RISC/ip_development/hls_prj/rendering/zculling_top/.autopilot/db 
Execute       report -model zculling_top -o /home/ylxiao/ws_201/RISC/ip_development/hls_prj/rendering/zculling_top/syn/report/zculling_top_csynth.rpt -f 
WARNING: [HLS 200-433] Loop - ZCULLING_INIT_ROW has an initiation interval that is equal to the pipeline depth (128) - this results in an unpipelined loop.
Execute       report -model zculling_top -o /home/ylxiao/ws_201/RISC/ip_development/hls_prj/rendering/zculling_top/syn/report/zculling_top_csynth.xml -f -x 
Execute       report -model zculling_top -o /home/ylxiao/ws_201/RISC/ip_development/hls_prj/rendering/zculling_top/.autopilot/db/zculling_top.verbose.rpt -verbose -f 
WARNING: [HLS 200-433] Loop - ZCULLING_INIT_ROW has an initiation interval that is equal to the pipeline depth (128) - this results in an unpipelined loop.
Command       report done; 0.38 sec.
Execute       db_write -model zculling_top -o /home/ylxiao/ws_201/RISC/ip_development/hls_prj/rendering/zculling_top/.autopilot/db/zculling_top.adb -f 
Command       db_write done; 0.3 sec.
Execute       sc_get_clocks zculling_top 
Execute       sc_get_portdomain zculling_top 
INFO-FLOW: Model list for RTL component generation: zculling_top
INFO-FLOW: Handling components in module [zculling_top] ... 
Execute       source /home/ylxiao/ws_201/RISC/ip_development/hls_prj/rendering/zculling_top/.autopilot/db/zculling_top.compgen.tcl 
INFO-FLOW: Found component zculling_top_z_bubkb.
INFO-FLOW: Append model zculling_top_z_bubkb
INFO-FLOW: Found component zculling_top_pixecud.
INFO-FLOW: Append model zculling_top_pixecud
INFO-FLOW: Append model zculling_top
INFO-FLOW: Generating RTL model list ...
INFO-FLOW: All models in this session: zculling_top_z_bubkb zculling_top_pixecud zculling_top
INFO-FLOW: To file: write model zculling_top_z_bubkb
INFO-FLOW: To file: write model zculling_top_pixecud
INFO-FLOW: To file: write model zculling_top
INFO-FLOW: Finished generating RTL model list.


INFO-FLOW: RTL Generation done.
INFO-FLOW: CAS Generation done.
INFO-FLOW: CBC Generation done.
Execute       get_config_sdx -target 
Execute       source /home/ylxiao/ws_201/RISC/ip_development/hls_prj/rendering/zculling_top/.autopilot/db/global.setting.tcl 
Execute       source /opt/Xilinx/Vivado/2018.2/common/technology/generic/autopilot/common.gen 
Execute         source /opt/Xilinx/Vivado/2018.2/common/technology/generic/autopilot/APCoreGen.gen 
Execute       source /opt/Xilinx/Vivado/2018.2/common/technology/generic/autopilot/op.gen 
Execute       source /opt/Xilinx/Vivado/2018.2/common/technology/generic/autopilot/op_simcore.gen 
Execute       source /opt/Xilinx/Vivado/2018.2/common/technology/generic/autopilot/interface.gen 
Execute       source /home/ylxiao/ws_201/RISC/ip_development/hls_prj/rendering/zculling_top/.autopilot/db/global.setting.tcl 
Execute       source /opt/Xilinx/Vivado/2018.2/common/technology/xilinx/zynq/zynq.gen 
Execute         source /opt/Xilinx/Vivado/2018.2/common/technology/xilinx/common/virtex.gen 
Execute           source /opt/Xilinx/Vivado/2018.2/common/technology/xilinx/common/xilinx.gen 
Execute             source /opt/Xilinx/Vivado/2018.2/common/technology/xilinx/interface/plb46.gen 
Execute             source /opt/Xilinx/Vivado/2018.2/common/technology/xilinx/interface/fsl.gen 
Execute             source /opt/Xilinx/Vivado/2018.2/common/technology/xilinx/interface/axi4.gen 
Execute             source /opt/Xilinx/Vivado/2018.2/common/technology/xilinx/interface/nativeAXI4.gen 
Execute               source /opt/Xilinx/Vivado/2018.2/common/technology/xilinx/interface/saxilite.gen 
Execute               source /opt/Xilinx/Vivado/2018.2/common/technology/xilinx/interface/maxi.gen 
Execute             source /opt/Xilinx/Vivado/2018.2/common/technology/xilinx/scripts/xilinxcoregen.gen 
Execute             source /opt/Xilinx/Vivado/2018.2/common/technology/xilinx/interface/XilEDKCoreGen.gen 
Execute             source /opt/Xilinx/Vivado/2018.2/common/technology/xilinx/ip/dds_compiler.gen 
Execute             source /opt/Xilinx/Vivado/2018.2/common/technology/xilinx/ip/util.gen 
Execute             source /opt/Xilinx/Vivado/2018.2/common/technology/xilinx/ip/xfft.gen 
Execute             source /opt/Xilinx/Vivado/2018.2/common/technology/xilinx/ip/xfir.gen 
Execute           source /opt/Xilinx/Vivado/2018.2/common/technology/xilinx/common/dsp48.gen 
Execute       source /opt/Xilinx/Vivado/2018.2/common/technology/xilinx/zynq/zynq_fpv6.gen 
Execute         source /opt/Xilinx/Vivado/2018.2/common/technology/xilinx/common/xilinx_fpv6.gen 
Execute       source /home/ylxiao/ws_201/RISC/ip_development/hls_prj/rendering/zculling_top/.autopilot/db/global.setting.tcl 
Execute       source /home/ylxiao/ws_201/RISC/ip_development/hls_prj/rendering/zculling_top/.autopilot/db/global.setting.tcl 
Execute       source /home/ylxiao/ws_201/RISC/ip_development/hls_prj/rendering/zculling_top/.autopilot/db/global.setting.tcl 
Execute       source /home/ylxiao/ws_201/RISC/ip_development/hls_prj/rendering/zculling_top/.autopilot/db/zculling_top.compgen.tcl 
INFO: [RTMG 210-278] Implementing memory 'zculling_top_z_bubkb_ram (RAM)' using block RAMs with power-on initialization.
INFO: [RTMG 210-278] Implementing memory 'zculling_top_pixecud_ram (RAM)' using block RAMs.
Execute       get_config_sdx -target 
Execute       source /home/ylxiao/ws_201/RISC/ip_development/hls_prj/rendering/zculling_top/.autopilot/db/global.setting.tcl 
Execute       source /opt/Xilinx/Vivado/2018.2/common/technology/generic/autopilot/common.gen 
Execute         source /opt/Xilinx/Vivado/2018.2/common/technology/generic/autopilot/APCoreGen.gen 
Execute       source /opt/Xilinx/Vivado/2018.2/common/technology/generic/autopilot/op.gen 
Execute       source /opt/Xilinx/Vivado/2018.2/common/technology/generic/autopilot/op_simcore.gen 
Execute       source /opt/Xilinx/Vivado/2018.2/common/technology/generic/autopilot/interface.gen 
Execute       source /home/ylxiao/ws_201/RISC/ip_development/hls_prj/rendering/zculling_top/.autopilot/db/global.setting.tcl 
Execute       source /opt/Xilinx/Vivado/2018.2/common/technology/xilinx/zynq/zynq.gen 
Execute         source /opt/Xilinx/Vivado/2018.2/common/technology/xilinx/common/virtex.gen 
Execute           source /opt/Xilinx/Vivado/2018.2/common/technology/xilinx/common/xilinx.gen 
Execute             source /opt/Xilinx/Vivado/2018.2/common/technology/xilinx/interface/plb46.gen 
Execute             source /opt/Xilinx/Vivado/2018.2/common/technology/xilinx/interface/fsl.gen 
Execute             source /opt/Xilinx/Vivado/2018.2/common/technology/xilinx/interface/axi4.gen 
Execute             source /opt/Xilinx/Vivado/2018.2/common/technology/xilinx/interface/nativeAXI4.gen 
Execute               source /opt/Xilinx/Vivado/2018.2/common/technology/xilinx/interface/saxilite.gen 
Execute               source /opt/Xilinx/Vivado/2018.2/common/technology/xilinx/interface/maxi.gen 
Execute             source /opt/Xilinx/Vivado/2018.2/common/technology/xilinx/scripts/xilinxcoregen.gen 
Execute             source /opt/Xilinx/Vivado/2018.2/common/technology/xilinx/interface/XilEDKCoreGen.gen 
Execute             source /opt/Xilinx/Vivado/2018.2/common/technology/xilinx/ip/dds_compiler.gen 
Execute             source /opt/Xilinx/Vivado/2018.2/common/technology/xilinx/ip/util.gen 
Execute             source /opt/Xilinx/Vivado/2018.2/common/technology/xilinx/ip/xfft.gen 
Execute             source /opt/Xilinx/Vivado/2018.2/common/technology/xilinx/ip/xfir.gen 
Execute           source /opt/Xilinx/Vivado/2018.2/common/technology/xilinx/common/dsp48.gen 
Execute       source /opt/Xilinx/Vivado/2018.2/common/technology/xilinx/zynq/zynq_fpv6.gen 
Execute         source /opt/Xilinx/Vivado/2018.2/common/technology/xilinx/common/xilinx_fpv6.gen 
Execute       source /home/ylxiao/ws_201/RISC/ip_development/hls_prj/rendering/zculling_top/.autopilot/db/zculling_top.rtl_wrap.cfg.tcl 
Execute       source /home/ylxiao/ws_201/RISC/ip_development/hls_prj/rendering/zculling_top/.autopilot/db/zculling_top.rtl_wrap.cfg.tcl 
Execute       source /home/ylxiao/ws_201/RISC/ip_development/hls_prj/rendering/zculling_top/.autopilot/db/zculling_top.rtl_wrap.cfg.tcl 
Execute       source /home/ylxiao/ws_201/RISC/ip_development/hls_prj/rendering/zculling_top/.autopilot/db/zculling_top.tbgen.tcl 
Execute       source /home/ylxiao/ws_201/RISC/ip_development/hls_prj/rendering/zculling_top/.autopilot/db/zculling_top.tbgen.tcl 
Execute       source /home/ylxiao/ws_201/RISC/ip_development/hls_prj/rendering/zculling_top/.autopilot/db/global.setting.tcl 
Execute       source /home/ylxiao/ws_201/RISC/ip_development/hls_prj/rendering/zculling_top/.autopilot/db/zculling_top.compgen.tcl 
Execute       source /home/ylxiao/ws_201/RISC/ip_development/hls_prj/rendering/zculling_top/.autopilot/db/global.setting.tcl 
Execute       source /home/ylxiao/ws_201/RISC/ip_development/hls_prj/rendering/zculling_top/.autopilot/db/zculling_top.compgen.tcl 
Execute       source /home/ylxiao/ws_201/RISC/ip_development/hls_prj/rendering/zculling_top/.autopilot/db/global.setting.tcl 
Execute       source /home/ylxiao/ws_201/RISC/ip_development/hls_prj/rendering/zculling_top/.autopilot/db/zculling_top.compgen.tcl 
Execute       source /home/ylxiao/ws_201/RISC/ip_development/hls_prj/rendering/zculling_top/.autopilot/db/global.setting.tcl 
Execute       source /home/ylxiao/ws_201/RISC/ip_development/hls_prj/rendering/zculling_top/.autopilot/db/zculling_top.constraint.tcl 
Execute       source /home/ylxiao/ws_201/RISC/ip_development/hls_prj/rendering/zculling_top/.autopilot/db/zculling_top.tbgen.tcl 
Execute       source /home/ylxiao/ws_201/RISC/ip_development/hls_prj/rendering/zculling_top/.autopilot/db/global.setting.tcl 
Execute       source /home/ylxiao/ws_201/RISC/ip_development/hls_prj/rendering/zculling_top/.autopilot/db/global.setting.tcl 
Execute       source /home/ylxiao/ws_201/RISC/ip_development/hls_prj/rendering/zculling_top/.autopilot/db/global.setting.tcl 
Execute       source /home/ylxiao/ws_201/RISC/ip_development/hls_prj/rendering/zculling_top/.autopilot/db/zculling_top.tbgen.tcl 
Execute       source /home/ylxiao/ws_201/RISC/ip_development/hls_prj/rendering/zculling_top/.autopilot/db/zculling_top.tbgen.tcl 
Execute       source /home/ylxiao/ws_201/RISC/ip_development/hls_prj/rendering/zculling_top/.autopilot/db/global.setting.tcl 
Execute       source /home/ylxiao/ws_201/RISC/ip_development/hls_prj/rendering/zculling_top/.autopilot/db/zculling_top.constraint.tcl 
Execute       sc_get_clocks zculling_top 
Execute       source /home/ylxiao/ws_201/RISC/ip_development/hls_prj/rendering/zculling_top/.autopilot/db/global.setting.tcl 
Execute       get_config_sdx -target 
Execute       get_config_sdx -profile 
Execute       ::config_rtl 
INFO: [HLS 200-111] Finished generating all RTL models Time (s): cpu = 00:00:42 ; elapsed = 00:00:44 . Memory (MB): peak = 560.602 ; gain = 192.000 ; free physical = 13144 ; free virtual = 22993
INFO: [SYSC 207-301] Generating SystemC RTL for zculling_top.
INFO: [VHDL 208-304] Generating VHDL RTL for zculling_top.
INFO: [VLOG 209-307] Generating Verilog RTL for zculling_top.
Command     autosyn done; 6.96 sec.
Command   csynth_design done; 43.27 sec.
Command ap_source done; 43.48 sec.
Execute cleanup_all 
