

================================================================
== Vivado HLS Report for 'data_gen'
================================================================
* Date:           Sun Dec 20 18:48:35 2020

* Version:        2018.2 (Build 2258646 on Thu Jun 14 20:25:20 MDT 2018)
* Project:        rendering
* Solution:       solution1
* Product family: zynq
* Target device:  xc7z020clg484-1


================================================================
== Performance Estimates
================================================================
+ Timing (ns): 
    * Summary: 
    +--------+-------+----------+------------+
    |  Clock | Target| Estimated| Uncertainty|
    +--------+-------+----------+------------+
    |ap_clk  |  10.00|     3.254|        1.25|
    +--------+-------+----------+------------+

+ Latency (clock cycles): 
    * Summary: 
    +-------+-------+-------+-------+---------+
    |    Latency    |    Interval   | Pipeline|
    |  min  |  max  |  min  |  max  |   Type  |
    +-------+-------+-------+-------+---------+
    |  12769|  12769|  12769|  12769|   none  |
    +-------+-------+-------+-------+---------+

    + Detail: 
        * Instance: 
        N/A

        * Loop: 
        +----------+-------+-------+----------+-----------+-----------+------+----------+
        |          |    Latency    | Iteration|  Initiation Interval  | Trip |          |
        | Loop Name|  min  |  max  |  Latency |  achieved |   target  | Count| Pipelined|
        +----------+-------+-------+----------+-----------+-----------+------+----------+
        |- Loop 1  |  12768|  12768|         4|          -|          -|  3192|    no    |
        +----------+-------+-------+----------+-----------+-----------+------+----------+



================================================================
== Utilization Estimates
================================================================
* Summary: 
+-----------------+---------+-------+--------+-------+
|       Name      | BRAM_18K| DSP48E|   FF   |  LUT  |
+-----------------+---------+-------+--------+-------+
|DSP              |        -|      -|       -|      -|
|Expression       |        -|      -|       0|     25|
|FIFO             |        -|      -|       -|      -|
|Instance         |        -|      -|       -|      -|
|Memory           |       18|      -|       0|      0|
|Multiplexer      |        -|      -|       -|     81|
|Register         |        -|      -|      70|      -|
+-----------------+---------+-------+--------+-------+
|Total            |       18|      0|      70|    106|
+-----------------+---------+-------+--------+-------+
|Available        |      280|    220|  106400|  53200|
+-----------------+---------+-------+--------+-------+
|Utilization (%)  |        6|      0|   ~0   |   ~0  |
+-----------------+---------+-------+--------+-------+

+ Detail: 
    * Instance: 
    N/A

    * DSP48: 
    N/A

    * Memory: 
    +---------------------+----------------------+---------+---+----+------+-----+------+-------------+
    |        Memory       |        Module        | BRAM_18K| FF| LUT| Words| Bits| Banks| W*Bits*Banks|
    +---------------------+----------------------+---------+---+----+------+-----+------+-------------+
    |triangle_3ds_x0_V_U  |data_gen_trianglebkb  |        2|  0|   0|  3192|    8|     1|        25536|
    |triangle_3ds_y0_V_U  |data_gen_trianglecud  |        2|  0|   0|  3192|    8|     1|        25536|
    |triangle_3ds_z0_V_U  |data_gen_triangledEe  |        2|  0|   0|  3192|    8|     1|        25536|
    |triangle_3ds_x1_V_U  |data_gen_triangleeOg  |        2|  0|   0|  3192|    8|     1|        25536|
    |triangle_3ds_y1_V_U  |data_gen_trianglefYi  |        2|  0|   0|  3192|    8|     1|        25536|
    |triangle_3ds_z1_V_U  |data_gen_triangleg8j  |        2|  0|   0|  3192|    8|     1|        25536|
    |triangle_3ds_x2_V_U  |data_gen_trianglehbi  |        2|  0|   0|  3192|    8|     1|        25536|
    |triangle_3ds_y2_V_U  |data_gen_triangleibs  |        2|  0|   0|  3192|    8|     1|        25536|
    |triangle_3ds_z2_V_U  |data_gen_trianglejbC  |        2|  0|   0|  3192|    8|     1|        25536|
    +---------------------+----------------------+---------+---+----+------+-----+------+-------------+
    |Total                |                      |       18|  0|   0| 28728|   72|     9|       229824|
    +---------------------+----------------------+---------+---+----+------+-----+------+-------------+

    * FIFO: 
    N/A

    * Expression: 
    +--------------------+----------+-------+---+----+------------+------------+
    |    Variable Name   | Operation| DSP48E| FF| LUT| Bitwidth P0| Bitwidth P1|
    +--------------------+----------+-------+---+----+------------+------------+
    |i_1_fu_195_p2       |     +    |      0|  0|  12|          12|           1|
    |exitcond_fu_189_p2  |   icmp   |      0|  0|  13|          12|          11|
    +--------------------+----------+-------+---+----+------------+------------+
    |Total               |          |      0|  0|  25|          24|          12|
    +--------------------+----------+-------+---+----+------------+------------+

    * Multiplexer: 
    +------------------------------------+----+-----------+-----+-----------+
    |                Name                | LUT| Input Size| Bits| Total Bits|
    +------------------------------------+----+-----------+-----+-----------+
    |Output_1_V_V                        |  21|          4|   32|        128|
    |Output_1_V_V_blk_n                  |   9|          2|    1|          2|
    |ap_NS_fsm                           |  33|          6|    1|          6|
    |ap_sig_ioackin_Output_1_V_V_ap_ack  |   9|          2|    1|          2|
    |i_reg_178                           |   9|          2|   12|         24|
    +------------------------------------+----+-----------+-----+-----------+
    |Total                               |  81|         16|   47|        162|
    +------------------------------------+----+-----------+-----+-----------+

    * Register: 
    +------------------------------------+----+----+-----+-----------+
    |                Name                | FF | LUT| Bits| Const Bits|
    +------------------------------------+----+----+-----+-----------+
    |ap_CS_fsm                           |   5|   0|    5|          0|
    |ap_reg_ioackin_Output_1_V_V_ap_ack  |   1|   0|    1|          0|
    |i_1_reg_247                         |  12|   0|   12|          0|
    |i_reg_178                           |  12|   0|   12|          0|
    |triangle_3ds_x2_V_lo_reg_307        |   8|   0|    8|          0|
    |triangle_3ds_y1_V_lo_reg_297        |   8|   0|    8|          0|
    |triangle_3ds_y2_V_lo_reg_312        |   8|   0|    8|          0|
    |triangle_3ds_z1_V_lo_reg_302        |   8|   0|    8|          0|
    |triangle_3ds_z2_V_lo_reg_317        |   8|   0|    8|          0|
    +------------------------------------+----+----+-----+-----------+
    |Total                               |  70|   0|   70|          0|
    +------------------------------------+----+----+-----+-----------+



================================================================
== Interface
================================================================
* Summary: 
+---------------------+-----+-----+------------+--------------+--------------+
|      RTL Ports      | Dir | Bits|  Protocol  | Source Object|    C Type    |
+---------------------+-----+-----+------------+--------------+--------------+
|ap_clk               |  in |    1| ap_ctrl_hs |   data_gen   | return value |
|ap_rst               |  in |    1| ap_ctrl_hs |   data_gen   | return value |
|ap_start             |  in |    1| ap_ctrl_hs |   data_gen   | return value |
|ap_done              | out |    1| ap_ctrl_hs |   data_gen   | return value |
|ap_idle              | out |    1| ap_ctrl_hs |   data_gen   | return value |
|ap_ready             | out |    1| ap_ctrl_hs |   data_gen   | return value |
|Output_1_V_V         | out |   32|    ap_hs   | Output_1_V_V |    pointer   |
|Output_1_V_V_ap_vld  | out |    1|    ap_hs   | Output_1_V_V |    pointer   |
|Output_1_V_V_ap_ack  |  in |    1|    ap_hs   | Output_1_V_V |    pointer   |
+---------------------+-----+-----+------------+--------------+--------------+

============================================================
+ Verbose Summary: Synthesis Manager
============================================================
InlineROM: 1
ExposeGlobal: 0
============================================================
+ Verbose Summary: CDFG Model
============================================================
IsTopModel: 1
ResetActiveHigh: 1
IsCombinational: 2
IsDatapathOnly: 2
HasWiredReturn: 1
HasMFsm: 0
HasVarLatency: 1
IsPipeline: 0
IsRtlPipelined: 0
IsInstanceOverlapped: 0
IsDontTouch: 0
HasImplIP: 0
IsGatedGlobalClock: 0


============================================================
+ Verbose Summary: Schedule
============================================================
* Number of FSM states : 5
* Pipeline : 0
* Dataflow Pipeline: 0

* FSM state transitions: 
1 --> 
	2  / true
2 --> 
	3  / (!exitcond)
3 --> 
	4  / true
4 --> 
	5  / true
5 --> 
	2  / true

* FSM state operations: 

State 1 <SV = 0> <Delay = 1.76>
ST_1 : Operation 6 [1/1] (0.00ns)   --->   "call void (...)* @_ssdm_op_SpecBitsMap(i32* %Output_1_V_V), !map !332"   --->   Operation 6 'specbitsmap' <Predicate = true> <Delay = 0.00>
ST_1 : Operation 7 [1/1] (0.00ns)   --->   "call void (...)* @_ssdm_op_SpecTopModule([9 x i8]* @data_gen_str) nounwind"   --->   Operation 7 'spectopmodule' <Predicate = true> <Delay = 0.00>
ST_1 : Operation 8 [1/1] (0.00ns)   --->   "call void (...)* @_ssdm_op_SpecInterface(i32* %Output_1_V_V, [6 x i8]* @p_str, i32 0, i32 0, [1 x i8]* @p_str1, i32 0, i32 0, [1 x i8]* @p_str1, [1 x i8]* @p_str1, [1 x i8]* @p_str1, i32 0, i32 0, i32 0, i32 0, [1 x i8]* @p_str1, [1 x i8]* @p_str1) nounwind" [../c_src/sdsoc/rendering.cpp:2100]   --->   Operation 8 'specinterface' <Predicate = true> <Delay = 0.00>
ST_1 : Operation 9 [1/1] (1.76ns)   --->   "br label %.preheader" [../c_src/sdsoc/rendering.cpp:2108]   --->   Operation 9 'br' <Predicate = true> <Delay = 1.76>

State 2 <SV = 1> <Delay = 3.25>
ST_2 : Operation 10 [1/1] (0.00ns)   --->   "%i = phi i12 [ %i_1, %0 ], [ 0, %arrayctor.loop1.preheader ]"   --->   Operation 10 'phi' 'i' <Predicate = true> <Delay = 0.00>
ST_2 : Operation 11 [1/1] (1.99ns)   --->   "%exitcond = icmp eq i12 %i, -904" [../c_src/sdsoc/rendering.cpp:2108]   --->   Operation 11 'icmp' 'exitcond' <Predicate = true> <Delay = 1.99> <Core = "Cmp">   --->   Core 25 'Cmp' <Latency = 0> <II = 1> <Delay = 1.99> <FuncUnit> <Opcode : 'icmp'> <InPorts = 2> <OutPorts = 1>
ST_2 : Operation 12 [1/1] (0.00ns)   --->   "%empty = call i32 (...)* @_ssdm_op_SpecLoopTripCount(i64 3192, i64 3192, i64 3192)"   --->   Operation 12 'speclooptripcount' 'empty' <Predicate = true> <Delay = 0.00>
ST_2 : Operation 13 [1/1] (1.54ns)   --->   "%i_1 = add i12 %i, 1" [../c_src/sdsoc/rendering.cpp:2108]   --->   Operation 13 'add' 'i_1' <Predicate = true> <Delay = 1.54> <Core = "AddSub">   --->   Core 14 'AddSub' <Latency = 0> <II = 1> <Delay = 1.54> <FuncUnit> <Opcode : 'add' 'sub'> <InPorts = 2> <OutPorts = 1>
ST_2 : Operation 14 [1/1] (0.00ns)   --->   "br i1 %exitcond, label %1, label %0" [../c_src/sdsoc/rendering.cpp:2108]   --->   Operation 14 'br' <Predicate = true> <Delay = 0.00>
ST_2 : Operation 15 [1/1] (0.00ns)   --->   "%tmp = zext i12 %i to i64" [../c_src/sdsoc/rendering.cpp:2110]   --->   Operation 15 'zext' 'tmp' <Predicate = (!exitcond)> <Delay = 0.00>
ST_2 : Operation 16 [1/1] (0.00ns)   --->   "%triangle_3ds_x0_V_ad = getelementptr [3192 x i8]* @triangle_3ds_x0_V, i64 0, i64 %tmp" [../c_src/sdsoc/rendering.cpp:2110]   --->   Operation 16 'getelementptr' 'triangle_3ds_x0_V_ad' <Predicate = (!exitcond)> <Delay = 0.00>
ST_2 : Operation 17 [2/2] (3.25ns)   --->   "%triangle_3ds_x0_V_lo = load i8* %triangle_3ds_x0_V_ad, align 1" [../c_src/sdsoc/rendering.cpp:2110]   --->   Operation 17 'load' 'triangle_3ds_x0_V_lo' <Predicate = (!exitcond)> <Delay = 3.25> <Core = "ROM_nP">   --->   Core 48 'ROM_nP' <Latency = 1> <II = 1> <Delay = 3.25> <Storage> <Opcode : 'load'> <Ports = 0> <Width = 8> <Depth = 3192> <ROM>
ST_2 : Operation 18 [1/1] (0.00ns)   --->   "%triangle_3ds_y0_V_ad = getelementptr [3192 x i8]* @triangle_3ds_y0_V, i64 0, i64 %tmp" [../c_src/sdsoc/rendering.cpp:2111]   --->   Operation 18 'getelementptr' 'triangle_3ds_y0_V_ad' <Predicate = (!exitcond)> <Delay = 0.00>
ST_2 : Operation 19 [2/2] (3.25ns)   --->   "%triangle_3ds_y0_V_lo = load i8* %triangle_3ds_y0_V_ad, align 1" [../c_src/sdsoc/rendering.cpp:2111]   --->   Operation 19 'load' 'triangle_3ds_y0_V_lo' <Predicate = (!exitcond)> <Delay = 3.25> <Core = "ROM_nP">   --->   Core 48 'ROM_nP' <Latency = 1> <II = 1> <Delay = 3.25> <Storage> <Opcode : 'load'> <Ports = 0> <Width = 8> <Depth = 3192> <ROM>
ST_2 : Operation 20 [1/1] (0.00ns)   --->   "%triangle_3ds_z0_V_ad = getelementptr [3192 x i8]* @triangle_3ds_z0_V, i64 0, i64 %tmp" [../c_src/sdsoc/rendering.cpp:2112]   --->   Operation 20 'getelementptr' 'triangle_3ds_z0_V_ad' <Predicate = (!exitcond)> <Delay = 0.00>
ST_2 : Operation 21 [2/2] (3.25ns)   --->   "%triangle_3ds_z0_V_lo = load i8* %triangle_3ds_z0_V_ad, align 1" [../c_src/sdsoc/rendering.cpp:2112]   --->   Operation 21 'load' 'triangle_3ds_z0_V_lo' <Predicate = (!exitcond)> <Delay = 3.25> <Core = "ROM_nP">   --->   Core 48 'ROM_nP' <Latency = 1> <II = 1> <Delay = 3.25> <Storage> <Opcode : 'load'> <Ports = 0> <Width = 8> <Depth = 3192> <ROM>
ST_2 : Operation 22 [1/1] (0.00ns)   --->   "%triangle_3ds_x1_V_ad = getelementptr [3192 x i8]* @triangle_3ds_x1_V, i64 0, i64 %tmp" [../c_src/sdsoc/rendering.cpp:2113]   --->   Operation 22 'getelementptr' 'triangle_3ds_x1_V_ad' <Predicate = (!exitcond)> <Delay = 0.00>
ST_2 : Operation 23 [2/2] (3.25ns)   --->   "%triangle_3ds_x1_V_lo = load i8* %triangle_3ds_x1_V_ad, align 1" [../c_src/sdsoc/rendering.cpp:2113]   --->   Operation 23 'load' 'triangle_3ds_x1_V_lo' <Predicate = (!exitcond)> <Delay = 3.25> <Core = "ROM_nP">   --->   Core 48 'ROM_nP' <Latency = 1> <II = 1> <Delay = 3.25> <Storage> <Opcode : 'load'> <Ports = 0> <Width = 8> <Depth = 3192> <ROM>
ST_2 : Operation 24 [1/1] (0.00ns)   --->   "%triangle_3ds_y1_V_ad = getelementptr [3192 x i8]* @triangle_3ds_y1_V, i64 0, i64 %tmp" [../c_src/sdsoc/rendering.cpp:2115]   --->   Operation 24 'getelementptr' 'triangle_3ds_y1_V_ad' <Predicate = (!exitcond)> <Delay = 0.00>
ST_2 : Operation 25 [2/2] (3.25ns)   --->   "%triangle_3ds_y1_V_lo = load i8* %triangle_3ds_y1_V_ad, align 1" [../c_src/sdsoc/rendering.cpp:2115]   --->   Operation 25 'load' 'triangle_3ds_y1_V_lo' <Predicate = (!exitcond)> <Delay = 3.25> <Core = "ROM_nP">   --->   Core 48 'ROM_nP' <Latency = 1> <II = 1> <Delay = 3.25> <Storage> <Opcode : 'load'> <Ports = 0> <Width = 8> <Depth = 3192> <ROM>
ST_2 : Operation 26 [1/1] (0.00ns)   --->   "%triangle_3ds_z1_V_ad = getelementptr [3192 x i8]* @triangle_3ds_z1_V, i64 0, i64 %tmp" [../c_src/sdsoc/rendering.cpp:2116]   --->   Operation 26 'getelementptr' 'triangle_3ds_z1_V_ad' <Predicate = (!exitcond)> <Delay = 0.00>
ST_2 : Operation 27 [2/2] (3.25ns)   --->   "%triangle_3ds_z1_V_lo = load i8* %triangle_3ds_z1_V_ad, align 1" [../c_src/sdsoc/rendering.cpp:2116]   --->   Operation 27 'load' 'triangle_3ds_z1_V_lo' <Predicate = (!exitcond)> <Delay = 3.25> <Core = "ROM_nP">   --->   Core 48 'ROM_nP' <Latency = 1> <II = 1> <Delay = 3.25> <Storage> <Opcode : 'load'> <Ports = 0> <Width = 8> <Depth = 3192> <ROM>
ST_2 : Operation 28 [1/1] (0.00ns)   --->   "%triangle_3ds_x2_V_ad = getelementptr [3192 x i8]* @triangle_3ds_x2_V, i64 0, i64 %tmp" [../c_src/sdsoc/rendering.cpp:2117]   --->   Operation 28 'getelementptr' 'triangle_3ds_x2_V_ad' <Predicate = (!exitcond)> <Delay = 0.00>
ST_2 : Operation 29 [2/2] (3.25ns)   --->   "%triangle_3ds_x2_V_lo = load i8* %triangle_3ds_x2_V_ad, align 1" [../c_src/sdsoc/rendering.cpp:2117]   --->   Operation 29 'load' 'triangle_3ds_x2_V_lo' <Predicate = (!exitcond)> <Delay = 3.25> <Core = "ROM_nP">   --->   Core 48 'ROM_nP' <Latency = 1> <II = 1> <Delay = 3.25> <Storage> <Opcode : 'load'> <Ports = 0> <Width = 8> <Depth = 3192> <ROM>
ST_2 : Operation 30 [1/1] (0.00ns)   --->   "%triangle_3ds_y2_V_ad = getelementptr [3192 x i8]* @triangle_3ds_y2_V, i64 0, i64 %tmp" [../c_src/sdsoc/rendering.cpp:2118]   --->   Operation 30 'getelementptr' 'triangle_3ds_y2_V_ad' <Predicate = (!exitcond)> <Delay = 0.00>
ST_2 : Operation 31 [2/2] (3.25ns)   --->   "%triangle_3ds_y2_V_lo = load i8* %triangle_3ds_y2_V_ad, align 1" [../c_src/sdsoc/rendering.cpp:2118]   --->   Operation 31 'load' 'triangle_3ds_y2_V_lo' <Predicate = (!exitcond)> <Delay = 3.25> <Core = "ROM_nP">   --->   Core 48 'ROM_nP' <Latency = 1> <II = 1> <Delay = 3.25> <Storage> <Opcode : 'load'> <Ports = 0> <Width = 8> <Depth = 3192> <ROM>
ST_2 : Operation 32 [1/1] (0.00ns)   --->   "%triangle_3ds_z2_V_ad = getelementptr [3192 x i8]* @triangle_3ds_z2_V, i64 0, i64 %tmp" [../c_src/sdsoc/rendering.cpp:2120]   --->   Operation 32 'getelementptr' 'triangle_3ds_z2_V_ad' <Predicate = (!exitcond)> <Delay = 0.00>
ST_2 : Operation 33 [2/2] (3.25ns)   --->   "%triangle_3ds_z2_V_lo = load i8* %triangle_3ds_z2_V_ad, align 1" [../c_src/sdsoc/rendering.cpp:2120]   --->   Operation 33 'load' 'triangle_3ds_z2_V_lo' <Predicate = (!exitcond)> <Delay = 3.25> <Core = "ROM_nP">   --->   Core 48 'ROM_nP' <Latency = 1> <II = 1> <Delay = 3.25> <Storage> <Opcode : 'load'> <Ports = 0> <Width = 8> <Depth = 3192> <ROM>
ST_2 : Operation 34 [1/1] (0.00ns)   --->   "ret void" [../c_src/sdsoc/rendering.cpp:2124]   --->   Operation 34 'ret' <Predicate = (exitcond)> <Delay = 0.00>

State 3 <SV = 2> <Delay = 3.25>
ST_3 : Operation 35 [1/2] (3.25ns)   --->   "%triangle_3ds_x0_V_lo = load i8* %triangle_3ds_x0_V_ad, align 1" [../c_src/sdsoc/rendering.cpp:2110]   --->   Operation 35 'load' 'triangle_3ds_x0_V_lo' <Predicate = true> <Delay = 3.25> <Core = "ROM_nP">   --->   Core 48 'ROM_nP' <Latency = 1> <II = 1> <Delay = 3.25> <Storage> <Opcode : 'load'> <Ports = 0> <Width = 8> <Depth = 3192> <ROM>
ST_3 : Operation 36 [1/2] (3.25ns)   --->   "%triangle_3ds_y0_V_lo = load i8* %triangle_3ds_y0_V_ad, align 1" [../c_src/sdsoc/rendering.cpp:2111]   --->   Operation 36 'load' 'triangle_3ds_y0_V_lo' <Predicate = true> <Delay = 3.25> <Core = "ROM_nP">   --->   Core 48 'ROM_nP' <Latency = 1> <II = 1> <Delay = 3.25> <Storage> <Opcode : 'load'> <Ports = 0> <Width = 8> <Depth = 3192> <ROM>
ST_3 : Operation 37 [1/2] (3.25ns)   --->   "%triangle_3ds_z0_V_lo = load i8* %triangle_3ds_z0_V_ad, align 1" [../c_src/sdsoc/rendering.cpp:2112]   --->   Operation 37 'load' 'triangle_3ds_z0_V_lo' <Predicate = true> <Delay = 3.25> <Core = "ROM_nP">   --->   Core 48 'ROM_nP' <Latency = 1> <II = 1> <Delay = 3.25> <Storage> <Opcode : 'load'> <Ports = 0> <Width = 8> <Depth = 3192> <ROM>
ST_3 : Operation 38 [1/2] (3.25ns)   --->   "%triangle_3ds_x1_V_lo = load i8* %triangle_3ds_x1_V_ad, align 1" [../c_src/sdsoc/rendering.cpp:2113]   --->   Operation 38 'load' 'triangle_3ds_x1_V_lo' <Predicate = true> <Delay = 3.25> <Core = "ROM_nP">   --->   Core 48 'ROM_nP' <Latency = 1> <II = 1> <Delay = 3.25> <Storage> <Opcode : 'load'> <Ports = 0> <Width = 8> <Depth = 3192> <ROM>
ST_3 : Operation 39 [1/1] (0.00ns)   --->   "%p_Result_s = call i32 @_ssdm_op_BitConcatenate.i32.i8.i8.i8.i8(i8 %triangle_3ds_x1_V_lo, i8 %triangle_3ds_z0_V_lo, i8 %triangle_3ds_y0_V_lo, i8 %triangle_3ds_x0_V_lo)" [../c_src/sdsoc/rendering.cpp:2113]   --->   Operation 39 'bitconcatenate' 'p_Result_s' <Predicate = true> <Delay = 0.00>
ST_3 : Operation 40 [1/1] (0.00ns)   --->   "call void @_ssdm_op_Write.ap_hs.volatile.i32P(i32* %Output_1_V_V, i32 %p_Result_s)" [../c_src/sdsoc/rendering.cpp:2114]   --->   Operation 40 'write' <Predicate = true> <Delay = 0.00>
ST_3 : Operation 41 [1/2] (3.25ns)   --->   "%triangle_3ds_y1_V_lo = load i8* %triangle_3ds_y1_V_ad, align 1" [../c_src/sdsoc/rendering.cpp:2115]   --->   Operation 41 'load' 'triangle_3ds_y1_V_lo' <Predicate = true> <Delay = 3.25> <Core = "ROM_nP">   --->   Core 48 'ROM_nP' <Latency = 1> <II = 1> <Delay = 3.25> <Storage> <Opcode : 'load'> <Ports = 0> <Width = 8> <Depth = 3192> <ROM>
ST_3 : Operation 42 [1/2] (3.25ns)   --->   "%triangle_3ds_z1_V_lo = load i8* %triangle_3ds_z1_V_ad, align 1" [../c_src/sdsoc/rendering.cpp:2116]   --->   Operation 42 'load' 'triangle_3ds_z1_V_lo' <Predicate = true> <Delay = 3.25> <Core = "ROM_nP">   --->   Core 48 'ROM_nP' <Latency = 1> <II = 1> <Delay = 3.25> <Storage> <Opcode : 'load'> <Ports = 0> <Width = 8> <Depth = 3192> <ROM>
ST_3 : Operation 43 [1/2] (3.25ns)   --->   "%triangle_3ds_x2_V_lo = load i8* %triangle_3ds_x2_V_ad, align 1" [../c_src/sdsoc/rendering.cpp:2117]   --->   Operation 43 'load' 'triangle_3ds_x2_V_lo' <Predicate = true> <Delay = 3.25> <Core = "ROM_nP">   --->   Core 48 'ROM_nP' <Latency = 1> <II = 1> <Delay = 3.25> <Storage> <Opcode : 'load'> <Ports = 0> <Width = 8> <Depth = 3192> <ROM>
ST_3 : Operation 44 [1/2] (3.25ns)   --->   "%triangle_3ds_y2_V_lo = load i8* %triangle_3ds_y2_V_ad, align 1" [../c_src/sdsoc/rendering.cpp:2118]   --->   Operation 44 'load' 'triangle_3ds_y2_V_lo' <Predicate = true> <Delay = 3.25> <Core = "ROM_nP">   --->   Core 48 'ROM_nP' <Latency = 1> <II = 1> <Delay = 3.25> <Storage> <Opcode : 'load'> <Ports = 0> <Width = 8> <Depth = 3192> <ROM>
ST_3 : Operation 45 [1/2] (3.25ns)   --->   "%triangle_3ds_z2_V_lo = load i8* %triangle_3ds_z2_V_ad, align 1" [../c_src/sdsoc/rendering.cpp:2120]   --->   Operation 45 'load' 'triangle_3ds_z2_V_lo' <Predicate = true> <Delay = 3.25> <Core = "ROM_nP">   --->   Core 48 'ROM_nP' <Latency = 1> <II = 1> <Delay = 3.25> <Storage> <Opcode : 'load'> <Ports = 0> <Width = 8> <Depth = 3192> <ROM>

State 4 <SV = 3> <Delay = 0.00>
ST_4 : Operation 46 [1/1] (0.00ns)   --->   "%p_Result_1 = call i32 @_ssdm_op_BitConcatenate.i32.i8.i8.i8.i8(i8 %triangle_3ds_y2_V_lo, i8 %triangle_3ds_x2_V_lo, i8 %triangle_3ds_z1_V_lo, i8 %triangle_3ds_y1_V_lo)" [../c_src/sdsoc/rendering.cpp:2118]   --->   Operation 46 'bitconcatenate' 'p_Result_1' <Predicate = true> <Delay = 0.00>
ST_4 : Operation 47 [1/1] (0.00ns)   --->   "call void @_ssdm_op_Write.ap_hs.volatile.i32P(i32* %Output_1_V_V, i32 %p_Result_1)" [../c_src/sdsoc/rendering.cpp:2119]   --->   Operation 47 'write' <Predicate = true> <Delay = 0.00>

State 5 <SV = 4> <Delay = 0.00>
ST_5 : Operation 48 [1/1] (0.00ns)   --->   "%p_Result_2 = call i32 @_ssdm_op_BitConcatenate.i32.i24.i8(i24 0, i8 %triangle_3ds_z2_V_lo)" [../c_src/sdsoc/rendering.cpp:2121]   --->   Operation 48 'bitconcatenate' 'p_Result_2' <Predicate = true> <Delay = 0.00>
ST_5 : Operation 49 [1/1] (0.00ns)   --->   "call void @_ssdm_op_Write.ap_hs.volatile.i32P(i32* %Output_1_V_V, i32 %p_Result_2)" [../c_src/sdsoc/rendering.cpp:2122]   --->   Operation 49 'write' <Predicate = true> <Delay = 0.00>
ST_5 : Operation 50 [1/1] (0.00ns)   --->   "br label %.preheader" [../c_src/sdsoc/rendering.cpp:2108]   --->   Operation 50 'br' <Predicate = true> <Delay = 0.00>


============================================================
+ Verbose Summary: Binding
============================================================
STG Binding: 
---------------- STG Properties BEGIN ----------------
- Is combinational: 0
- Is one-state seq: 0
- Is datapath-only: 0
- Is pipelined: 0
- Is top level: 1
Port [ Return ] is wired: 1; IO mode=ap_ctrl_hs:ce=0
Port [ Output_1_V_V]:  wired=1; compound=0; hidden=0; nouse=0; global=0; static=0; extern=0; dir=1; type=0; pingpong=0; private_global=0; IO mode=ap_hs:ce=0
Port [ triangle_3ds_x0_V]:  wired=0; compound=1; hidden=1; nouse=0; global=1; static=1; extern=0; dir=0; type=1; pingpong=0; private_global=1; linkage=7; visibility=0; MemPort=[1]; IO mode=ap_memory:ce=0
Port [ triangle_3ds_y0_V]:  wired=0; compound=1; hidden=1; nouse=0; global=1; static=1; extern=0; dir=0; type=1; pingpong=0; private_global=1; linkage=7; visibility=0; MemPort=[1]; IO mode=ap_memory:ce=0
Port [ triangle_3ds_z0_V]:  wired=0; compound=1; hidden=1; nouse=0; global=1; static=1; extern=0; dir=0; type=1; pingpong=0; private_global=1; linkage=7; visibility=0; MemPort=[1]; IO mode=ap_memory:ce=0
Port [ triangle_3ds_x1_V]:  wired=0; compound=1; hidden=1; nouse=0; global=1; static=1; extern=0; dir=0; type=1; pingpong=0; private_global=1; linkage=7; visibility=0; MemPort=[1]; IO mode=ap_memory:ce=0
Port [ triangle_3ds_y1_V]:  wired=0; compound=1; hidden=1; nouse=0; global=1; static=1; extern=0; dir=0; type=1; pingpong=0; private_global=1; linkage=7; visibility=0; MemPort=[1]; IO mode=ap_memory:ce=0
Port [ triangle_3ds_z1_V]:  wired=0; compound=1; hidden=1; nouse=0; global=1; static=1; extern=0; dir=0; type=1; pingpong=0; private_global=1; linkage=7; visibility=0; MemPort=[1]; IO mode=ap_memory:ce=0
Port [ triangle_3ds_x2_V]:  wired=0; compound=1; hidden=1; nouse=0; global=1; static=1; extern=0; dir=0; type=1; pingpong=0; private_global=1; linkage=7; visibility=0; MemPort=[1]; IO mode=ap_memory:ce=0
Port [ triangle_3ds_y2_V]:  wired=0; compound=1; hidden=1; nouse=0; global=1; static=1; extern=0; dir=0; type=1; pingpong=0; private_global=1; linkage=7; visibility=0; MemPort=[1]; IO mode=ap_memory:ce=0
Port [ triangle_3ds_z2_V]:  wired=0; compound=1; hidden=1; nouse=0; global=1; static=1; extern=0; dir=0; type=1; pingpong=0; private_global=1; linkage=7; visibility=0; MemPort=[1]; IO mode=ap_memory:ce=0
---------------- STG Properties END ------------------

---------------- Datapath Model BEGIN ----------------

<LifeTime>
<method=bitvector/>
StgValue_6           (specbitsmap      ) [ 000000]
StgValue_7           (spectopmodule    ) [ 000000]
StgValue_8           (specinterface    ) [ 000000]
StgValue_9           (br               ) [ 011111]
i                    (phi              ) [ 001000]
exitcond             (icmp             ) [ 001111]
empty                (speclooptripcount) [ 000000]
i_1                  (add              ) [ 011111]
StgValue_14          (br               ) [ 000000]
tmp                  (zext             ) [ 000000]
triangle_3ds_x0_V_ad (getelementptr    ) [ 000100]
triangle_3ds_y0_V_ad (getelementptr    ) [ 000100]
triangle_3ds_z0_V_ad (getelementptr    ) [ 000100]
triangle_3ds_x1_V_ad (getelementptr    ) [ 000100]
triangle_3ds_y1_V_ad (getelementptr    ) [ 000100]
triangle_3ds_z1_V_ad (getelementptr    ) [ 000100]
triangle_3ds_x2_V_ad (getelementptr    ) [ 000100]
triangle_3ds_y2_V_ad (getelementptr    ) [ 000100]
triangle_3ds_z2_V_ad (getelementptr    ) [ 000100]
StgValue_34          (ret              ) [ 000000]
triangle_3ds_x0_V_lo (load             ) [ 000000]
triangle_3ds_y0_V_lo (load             ) [ 000000]
triangle_3ds_z0_V_lo (load             ) [ 000000]
triangle_3ds_x1_V_lo (load             ) [ 000000]
p_Result_s           (bitconcatenate   ) [ 000000]
StgValue_40          (write            ) [ 000000]
triangle_3ds_y1_V_lo (load             ) [ 000010]
triangle_3ds_z1_V_lo (load             ) [ 000010]
triangle_3ds_x2_V_lo (load             ) [ 000010]
triangle_3ds_y2_V_lo (load             ) [ 000010]
triangle_3ds_z2_V_lo (load             ) [ 000011]
p_Result_1           (bitconcatenate   ) [ 000000]
StgValue_47          (write            ) [ 000000]
p_Result_2           (bitconcatenate   ) [ 000000]
StgValue_49          (write            ) [ 000000]
StgValue_50          (br               ) [ 011111]
</LifeTime>

<model>

<comp_list>
<comp id="0" class="1000" name="Output_1_V_V">
<pin_list>
<pin id="1" dir="1" index="0" bw="1" slack="0"/>
</pin_list>
<bind>
<StgValue><ssdm name="Output_1_V_V"/></StgValue>
</bind>
</comp>

<comp id="2" class="1000" name="triangle_3ds_x0_V">
<pin_list>
<pin id="3" dir="1" index="0" bw="1" slack="0"/>
</pin_list>
<bind>
<StgValue><ssdm name="triangle_3ds_x0_V"/><MemPortTyVec>1 </MemPortTyVec>
</StgValue>
</bind>
</comp>

<comp id="4" class="1000" name="triangle_3ds_y0_V">
<pin_list>
<pin id="5" dir="1" index="0" bw="1" slack="0"/>
</pin_list>
<bind>
<StgValue><ssdm name="triangle_3ds_y0_V"/><MemPortTyVec>1 </MemPortTyVec>
</StgValue>
</bind>
</comp>

<comp id="6" class="1000" name="triangle_3ds_z0_V">
<pin_list>
<pin id="7" dir="1" index="0" bw="1" slack="0"/>
</pin_list>
<bind>
<StgValue><ssdm name="triangle_3ds_z0_V"/><MemPortTyVec>1 </MemPortTyVec>
</StgValue>
</bind>
</comp>

<comp id="8" class="1000" name="triangle_3ds_x1_V">
<pin_list>
<pin id="9" dir="1" index="0" bw="1" slack="0"/>
</pin_list>
<bind>
<StgValue><ssdm name="triangle_3ds_x1_V"/><MemPortTyVec>1 </MemPortTyVec>
</StgValue>
</bind>
</comp>

<comp id="10" class="1000" name="triangle_3ds_y1_V">
<pin_list>
<pin id="11" dir="1" index="0" bw="1" slack="0"/>
</pin_list>
<bind>
<StgValue><ssdm name="triangle_3ds_y1_V"/><MemPortTyVec>1 </MemPortTyVec>
</StgValue>
</bind>
</comp>

<comp id="12" class="1000" name="triangle_3ds_z1_V">
<pin_list>
<pin id="13" dir="1" index="0" bw="1" slack="0"/>
</pin_list>
<bind>
<StgValue><ssdm name="triangle_3ds_z1_V"/><MemPortTyVec>1 </MemPortTyVec>
</StgValue>
</bind>
</comp>

<comp id="14" class="1000" name="triangle_3ds_x2_V">
<pin_list>
<pin id="15" dir="1" index="0" bw="1" slack="0"/>
</pin_list>
<bind>
<StgValue><ssdm name="triangle_3ds_x2_V"/><MemPortTyVec>1 </MemPortTyVec>
</StgValue>
</bind>
</comp>

<comp id="16" class="1000" name="triangle_3ds_y2_V">
<pin_list>
<pin id="17" dir="1" index="0" bw="1" slack="0"/>
</pin_list>
<bind>
<StgValue><ssdm name="triangle_3ds_y2_V"/><MemPortTyVec>1 </MemPortTyVec>
</StgValue>
</bind>
</comp>

<comp id="18" class="1000" name="triangle_3ds_z2_V">
<pin_list>
<pin id="19" dir="1" index="0" bw="1" slack="0"/>
</pin_list>
<bind>
<StgValue><ssdm name="triangle_3ds_z2_V"/><MemPortTyVec>1 </MemPortTyVec>
</StgValue>
</bind>
</comp>

<comp id="20" class="1001" name="const_20">
<pin_list>
<pin id="21" dir="1" index="0" bw="1" slack="2147483647"/>
</pin_list>
<bind>
<StgValue><ssdm name="_ssdm_op_SpecBitsMap"/></StgValue>
</bind>
</comp>

<comp id="22" class="1001" name="const_22">
<pin_list>
<pin id="23" dir="1" index="0" bw="1" slack="2147483647"/>
</pin_list>
<bind>
<StgValue><ssdm name="_ssdm_op_SpecTopModule"/></StgValue>
</bind>
</comp>

<comp id="24" class="1001" name="const_24">
<pin_list>
<pin id="25" dir="1" index="0" bw="1" slack="2147483647"/>
</pin_list>
<bind>
<StgValue><ssdm name="data_gen_str"/></StgValue>
</bind>
</comp>

<comp id="26" class="1001" name="const_26">
<pin_list>
<pin id="27" dir="1" index="0" bw="1" slack="2147483647"/>
</pin_list>
<bind>
<StgValue><ssdm name="_ssdm_op_SpecInterface"/></StgValue>
</bind>
</comp>

<comp id="28" class="1001" name="const_28">
<pin_list>
<pin id="29" dir="1" index="0" bw="1" slack="2147483647"/>
</pin_list>
<bind>
<StgValue><ssdm name="p_str"/></StgValue>
</bind>
</comp>

<comp id="30" class="1001" name="const_30">
<pin_list>
<pin id="31" dir="1" index="0" bw="1" slack="2147483647"/>
</pin_list>
<bind>
<StgValue><ssdm name=""/></StgValue>
</bind>
</comp>

<comp id="32" class="1001" name="const_32">
<pin_list>
<pin id="33" dir="1" index="0" bw="1" slack="2147483647"/>
</pin_list>
<bind>
<StgValue><ssdm name="p_str1"/></StgValue>
</bind>
</comp>

<comp id="34" class="1001" name="const_34">
<pin_list>
<pin id="35" dir="1" index="0" bw="1" slack="1"/>
</pin_list>
<bind>
<StgValue><ssdm name=""/></StgValue>
</bind>
</comp>

<comp id="36" class="1001" name="const_36">
<pin_list>
<pin id="37" dir="1" index="0" bw="1" slack="0"/>
</pin_list>
<bind>
<StgValue><ssdm name=""/></StgValue>
</bind>
</comp>

<comp id="38" class="1001" name="const_38">
<pin_list>
<pin id="39" dir="1" index="0" bw="1" slack="2147483647"/>
</pin_list>
<bind>
<StgValue><ssdm name="_ssdm_op_SpecLoopTripCount"/></StgValue>
</bind>
</comp>

<comp id="40" class="1001" name="const_40">
<pin_list>
<pin id="41" dir="1" index="0" bw="1" slack="2147483647"/>
</pin_list>
<bind>
<StgValue><ssdm name=""/></StgValue>
</bind>
</comp>

<comp id="42" class="1001" name="const_42">
<pin_list>
<pin id="43" dir="1" index="0" bw="1" slack="0"/>
</pin_list>
<bind>
<StgValue><ssdm name=""/></StgValue>
</bind>
</comp>

<comp id="44" class="1001" name="const_44">
<pin_list>
<pin id="45" dir="1" index="0" bw="1" slack="0"/>
</pin_list>
<bind>
<StgValue><ssdm name=""/></StgValue>
</bind>
</comp>

<comp id="46" class="1001" name="const_46">
<pin_list>
<pin id="47" dir="1" index="0" bw="1" slack="0"/>
</pin_list>
<bind>
<StgValue><ssdm name="_ssdm_op_BitConcatenate.i32.i8.i8.i8.i8"/></StgValue>
</bind>
</comp>

<comp id="48" class="1001" name="const_48">
<pin_list>
<pin id="49" dir="1" index="0" bw="1" slack="0"/>
</pin_list>
<bind>
<StgValue><ssdm name="_ssdm_op_Write.ap_hs.volatile.i32P"/></StgValue>
</bind>
</comp>

<comp id="50" class="1001" name="const_50">
<pin_list>
<pin id="51" dir="1" index="0" bw="1" slack="0"/>
</pin_list>
<bind>
<StgValue><ssdm name="_ssdm_op_BitConcatenate.i32.i24.i8"/></StgValue>
</bind>
</comp>

<comp id="52" class="1001" name="const_52">
<pin_list>
<pin id="53" dir="1" index="0" bw="1" slack="0"/>
</pin_list>
<bind>
<StgValue><ssdm name=""/></StgValue>
</bind>
</comp>

<comp id="54" class="1004" name="grp_write_fu_54">
<pin_list>
<pin id="55" dir="0" index="0" bw="0" slack="0"/>
<pin id="56" dir="0" index="1" bw="32" slack="0"/>
<pin id="57" dir="0" index="2" bw="32" slack="0"/>
<pin id="58" dir="1" index="3" bw="0" slack="2147483647"/>
</pin_list>
<bind>
<opcode="write(1151) " fcode="write"/>
<opset="StgValue_40/3 StgValue_47/4 StgValue_49/5 "/>
</bind>
</comp>

<comp id="61" class="1004" name="triangle_3ds_x0_V_ad_gep_fu_61">
<pin_list>
<pin id="62" dir="0" index="0" bw="8" slack="0"/>
<pin id="63" dir="0" index="1" bw="1" slack="0"/>
<pin id="64" dir="0" index="2" bw="12" slack="0"/>
<pin id="65" dir="1" index="3" bw="12" slack="0"/>
</pin_list>
<bind>
<opcode="getelementptr(29) " fcode="getelementptr"/>
<opset="triangle_3ds_x0_V_ad/2 "/>
</bind>
</comp>

<comp id="68" class="1004" name="grp_access_fu_68">
<pin_list>
<pin id="69" dir="0" index="0" bw="12" slack="0"/>
<pin id="70" dir="0" index="1" bw="8" slack="2147483647"/>
<pin id="71" dir="0" index="2" bw="0" slack="2147483647"/>
<pin id="72" dir="1" index="3" bw="8" slack="0"/>
</pin_list>
<bind>
<opcode="load(27) " fcode="load"/>
<opset="triangle_3ds_x0_V_lo/2 "/>
</bind>
</comp>

<comp id="74" class="1004" name="triangle_3ds_y0_V_ad_gep_fu_74">
<pin_list>
<pin id="75" dir="0" index="0" bw="8" slack="0"/>
<pin id="76" dir="0" index="1" bw="1" slack="0"/>
<pin id="77" dir="0" index="2" bw="12" slack="0"/>
<pin id="78" dir="1" index="3" bw="12" slack="0"/>
</pin_list>
<bind>
<opcode="getelementptr(29) " fcode="getelementptr"/>
<opset="triangle_3ds_y0_V_ad/2 "/>
</bind>
</comp>

<comp id="81" class="1004" name="grp_access_fu_81">
<pin_list>
<pin id="82" dir="0" index="0" bw="12" slack="0"/>
<pin id="83" dir="0" index="1" bw="8" slack="2147483647"/>
<pin id="84" dir="0" index="2" bw="0" slack="2147483647"/>
<pin id="85" dir="1" index="3" bw="8" slack="0"/>
</pin_list>
<bind>
<opcode="load(27) " fcode="load"/>
<opset="triangle_3ds_y0_V_lo/2 "/>
</bind>
</comp>

<comp id="87" class="1004" name="triangle_3ds_z0_V_ad_gep_fu_87">
<pin_list>
<pin id="88" dir="0" index="0" bw="8" slack="0"/>
<pin id="89" dir="0" index="1" bw="1" slack="0"/>
<pin id="90" dir="0" index="2" bw="12" slack="0"/>
<pin id="91" dir="1" index="3" bw="12" slack="0"/>
</pin_list>
<bind>
<opcode="getelementptr(29) " fcode="getelementptr"/>
<opset="triangle_3ds_z0_V_ad/2 "/>
</bind>
</comp>

<comp id="94" class="1004" name="grp_access_fu_94">
<pin_list>
<pin id="95" dir="0" index="0" bw="12" slack="0"/>
<pin id="96" dir="0" index="1" bw="8" slack="2147483647"/>
<pin id="97" dir="0" index="2" bw="0" slack="2147483647"/>
<pin id="98" dir="1" index="3" bw="8" slack="0"/>
</pin_list>
<bind>
<opcode="load(27) " fcode="load"/>
<opset="triangle_3ds_z0_V_lo/2 "/>
</bind>
</comp>

<comp id="100" class="1004" name="triangle_3ds_x1_V_ad_gep_fu_100">
<pin_list>
<pin id="101" dir="0" index="0" bw="8" slack="0"/>
<pin id="102" dir="0" index="1" bw="1" slack="0"/>
<pin id="103" dir="0" index="2" bw="12" slack="0"/>
<pin id="104" dir="1" index="3" bw="12" slack="0"/>
</pin_list>
<bind>
<opcode="getelementptr(29) " fcode="getelementptr"/>
<opset="triangle_3ds_x1_V_ad/2 "/>
</bind>
</comp>

<comp id="107" class="1004" name="grp_access_fu_107">
<pin_list>
<pin id="108" dir="0" index="0" bw="12" slack="0"/>
<pin id="109" dir="0" index="1" bw="8" slack="2147483647"/>
<pin id="110" dir="0" index="2" bw="0" slack="2147483647"/>
<pin id="111" dir="1" index="3" bw="8" slack="0"/>
</pin_list>
<bind>
<opcode="load(27) " fcode="load"/>
<opset="triangle_3ds_x1_V_lo/2 "/>
</bind>
</comp>

<comp id="113" class="1004" name="triangle_3ds_y1_V_ad_gep_fu_113">
<pin_list>
<pin id="114" dir="0" index="0" bw="8" slack="0"/>
<pin id="115" dir="0" index="1" bw="1" slack="0"/>
<pin id="116" dir="0" index="2" bw="12" slack="0"/>
<pin id="117" dir="1" index="3" bw="12" slack="0"/>
</pin_list>
<bind>
<opcode="getelementptr(29) " fcode="getelementptr"/>
<opset="triangle_3ds_y1_V_ad/2 "/>
</bind>
</comp>

<comp id="120" class="1004" name="grp_access_fu_120">
<pin_list>
<pin id="121" dir="0" index="0" bw="12" slack="0"/>
<pin id="122" dir="0" index="1" bw="8" slack="2147483647"/>
<pin id="123" dir="0" index="2" bw="0" slack="2147483647"/>
<pin id="124" dir="1" index="3" bw="8" slack="1"/>
</pin_list>
<bind>
<opcode="load(27) " fcode="load"/>
<opset="triangle_3ds_y1_V_lo/2 "/>
</bind>
</comp>

<comp id="126" class="1004" name="triangle_3ds_z1_V_ad_gep_fu_126">
<pin_list>
<pin id="127" dir="0" index="0" bw="8" slack="0"/>
<pin id="128" dir="0" index="1" bw="1" slack="0"/>
<pin id="129" dir="0" index="2" bw="12" slack="0"/>
<pin id="130" dir="1" index="3" bw="12" slack="0"/>
</pin_list>
<bind>
<opcode="getelementptr(29) " fcode="getelementptr"/>
<opset="triangle_3ds_z1_V_ad/2 "/>
</bind>
</comp>

<comp id="133" class="1004" name="grp_access_fu_133">
<pin_list>
<pin id="134" dir="0" index="0" bw="12" slack="0"/>
<pin id="135" dir="0" index="1" bw="8" slack="2147483647"/>
<pin id="136" dir="0" index="2" bw="0" slack="2147483647"/>
<pin id="137" dir="1" index="3" bw="8" slack="1"/>
</pin_list>
<bind>
<opcode="load(27) " fcode="load"/>
<opset="triangle_3ds_z1_V_lo/2 "/>
</bind>
</comp>

<comp id="139" class="1004" name="triangle_3ds_x2_V_ad_gep_fu_139">
<pin_list>
<pin id="140" dir="0" index="0" bw="8" slack="0"/>
<pin id="141" dir="0" index="1" bw="1" slack="0"/>
<pin id="142" dir="0" index="2" bw="12" slack="0"/>
<pin id="143" dir="1" index="3" bw="12" slack="0"/>
</pin_list>
<bind>
<opcode="getelementptr(29) " fcode="getelementptr"/>
<opset="triangle_3ds_x2_V_ad/2 "/>
</bind>
</comp>

<comp id="146" class="1004" name="grp_access_fu_146">
<pin_list>
<pin id="147" dir="0" index="0" bw="12" slack="0"/>
<pin id="148" dir="0" index="1" bw="8" slack="2147483647"/>
<pin id="149" dir="0" index="2" bw="0" slack="2147483647"/>
<pin id="150" dir="1" index="3" bw="8" slack="1"/>
</pin_list>
<bind>
<opcode="load(27) " fcode="load"/>
<opset="triangle_3ds_x2_V_lo/2 "/>
</bind>
</comp>

<comp id="152" class="1004" name="triangle_3ds_y2_V_ad_gep_fu_152">
<pin_list>
<pin id="153" dir="0" index="0" bw="8" slack="0"/>
<pin id="154" dir="0" index="1" bw="1" slack="0"/>
<pin id="155" dir="0" index="2" bw="12" slack="0"/>
<pin id="156" dir="1" index="3" bw="12" slack="0"/>
</pin_list>
<bind>
<opcode="getelementptr(29) " fcode="getelementptr"/>
<opset="triangle_3ds_y2_V_ad/2 "/>
</bind>
</comp>

<comp id="159" class="1004" name="grp_access_fu_159">
<pin_list>
<pin id="160" dir="0" index="0" bw="12" slack="0"/>
<pin id="161" dir="0" index="1" bw="8" slack="2147483647"/>
<pin id="162" dir="0" index="2" bw="0" slack="2147483647"/>
<pin id="163" dir="1" index="3" bw="8" slack="1"/>
</pin_list>
<bind>
<opcode="load(27) " fcode="load"/>
<opset="triangle_3ds_y2_V_lo/2 "/>
</bind>
</comp>

<comp id="165" class="1004" name="triangle_3ds_z2_V_ad_gep_fu_165">
<pin_list>
<pin id="166" dir="0" index="0" bw="8" slack="0"/>
<pin id="167" dir="0" index="1" bw="1" slack="0"/>
<pin id="168" dir="0" index="2" bw="12" slack="0"/>
<pin id="169" dir="1" index="3" bw="12" slack="0"/>
</pin_list>
<bind>
<opcode="getelementptr(29) " fcode="getelementptr"/>
<opset="triangle_3ds_z2_V_ad/2 "/>
</bind>
</comp>

<comp id="172" class="1004" name="grp_access_fu_172">
<pin_list>
<pin id="173" dir="0" index="0" bw="12" slack="0"/>
<pin id="174" dir="0" index="1" bw="8" slack="2147483647"/>
<pin id="175" dir="0" index="2" bw="0" slack="2147483647"/>
<pin id="176" dir="1" index="3" bw="8" slack="2"/>
</pin_list>
<bind>
<opcode="load(27) " fcode="load"/>
<opset="triangle_3ds_z2_V_lo/2 "/>
</bind>
</comp>

<comp id="178" class="1005" name="i_reg_178">
<pin_list>
<pin id="179" dir="0" index="0" bw="12" slack="1"/>
<pin id="180" dir="1" index="1" bw="12" slack="1"/>
</pin_list>
<bind>
<opset="i (phireg) "/>
</bind>
</comp>

<comp id="182" class="1004" name="i_phi_fu_182">
<pin_list>
<pin id="183" dir="0" index="0" bw="12" slack="0"/>
<pin id="184" dir="0" index="1" bw="0" slack="2147483647"/>
<pin id="185" dir="0" index="2" bw="1" slack="1"/>
<pin id="186" dir="0" index="3" bw="0" slack="2147483647"/>
<pin id="187" dir="1" index="4" bw="12" slack="0"/>
</pin_list>
<bind>
<opcode="phi(47) " fcode="phi"/>
<opset="i/2 "/>
</bind>
</comp>

<comp id="189" class="1004" name="exitcond_fu_189">
<pin_list>
<pin id="190" dir="0" index="0" bw="12" slack="0"/>
<pin id="191" dir="0" index="1" bw="12" slack="0"/>
<pin id="192" dir="1" index="2" bw="1" slack="2147483647"/>
</pin_list>
<bind>
<opcode="icmp(45) " fcode="icmp"/>
<opset="exitcond/2 "/>
</bind>
</comp>

<comp id="195" class="1004" name="i_1_fu_195">
<pin_list>
<pin id="196" dir="0" index="0" bw="12" slack="0"/>
<pin id="197" dir="0" index="1" bw="1" slack="0"/>
<pin id="198" dir="1" index="2" bw="12" slack="0"/>
</pin_list>
<bind>
<opcode="add(8) " fcode="add"/>
<opset="i_1/2 "/>
</bind>
</comp>

<comp id="201" class="1004" name="tmp_fu_201">
<pin_list>
<pin id="202" dir="0" index="0" bw="12" slack="0"/>
<pin id="203" dir="1" index="1" bw="64" slack="0"/>
</pin_list>
<bind>
<opcode="zext(34) " fcode="zext"/>
<opset="tmp/2 "/>
</bind>
</comp>

<comp id="214" class="1004" name="p_Result_s_fu_214">
<pin_list>
<pin id="215" dir="0" index="0" bw="32" slack="0"/>
<pin id="216" dir="0" index="1" bw="8" slack="0"/>
<pin id="217" dir="0" index="2" bw="8" slack="0"/>
<pin id="218" dir="0" index="3" bw="8" slack="0"/>
<pin id="219" dir="0" index="4" bw="8" slack="0"/>
<pin id="220" dir="1" index="5" bw="32" slack="0"/>
</pin_list>
<bind>
<opcode="bitconcatenate(1004) " fcode="bitconcatenate"/>
<opset="p_Result_s/3 "/>
</bind>
</comp>

<comp id="227" class="1004" name="p_Result_1_fu_227">
<pin_list>
<pin id="228" dir="0" index="0" bw="32" slack="0"/>
<pin id="229" dir="0" index="1" bw="8" slack="1"/>
<pin id="230" dir="0" index="2" bw="8" slack="1"/>
<pin id="231" dir="0" index="3" bw="8" slack="1"/>
<pin id="232" dir="0" index="4" bw="8" slack="1"/>
<pin id="233" dir="1" index="5" bw="32" slack="0"/>
</pin_list>
<bind>
<opcode="bitconcatenate(1004) " fcode="bitconcatenate"/>
<opset="p_Result_1/4 "/>
</bind>
</comp>

<comp id="236" class="1004" name="p_Result_2_fu_236">
<pin_list>
<pin id="237" dir="0" index="0" bw="32" slack="0"/>
<pin id="238" dir="0" index="1" bw="1" slack="0"/>
<pin id="239" dir="0" index="2" bw="8" slack="2"/>
<pin id="240" dir="1" index="3" bw="32" slack="0"/>
</pin_list>
<bind>
<opcode="bitconcatenate(1004) " fcode="bitconcatenate"/>
<opset="p_Result_2/5 "/>
</bind>
</comp>

<comp id="247" class="1005" name="i_1_reg_247">
<pin_list>
<pin id="248" dir="0" index="0" bw="12" slack="0"/>
<pin id="249" dir="1" index="1" bw="12" slack="0"/>
</pin_list>
<bind>
<opset="i_1 "/>
</bind>
</comp>

<comp id="252" class="1005" name="triangle_3ds_x0_V_ad_reg_252">
<pin_list>
<pin id="253" dir="0" index="0" bw="12" slack="1"/>
<pin id="254" dir="1" index="1" bw="12" slack="1"/>
</pin_list>
<bind>
<opset="triangle_3ds_x0_V_ad "/>
</bind>
</comp>

<comp id="257" class="1005" name="triangle_3ds_y0_V_ad_reg_257">
<pin_list>
<pin id="258" dir="0" index="0" bw="12" slack="1"/>
<pin id="259" dir="1" index="1" bw="12" slack="1"/>
</pin_list>
<bind>
<opset="triangle_3ds_y0_V_ad "/>
</bind>
</comp>

<comp id="262" class="1005" name="triangle_3ds_z0_V_ad_reg_262">
<pin_list>
<pin id="263" dir="0" index="0" bw="12" slack="1"/>
<pin id="264" dir="1" index="1" bw="12" slack="1"/>
</pin_list>
<bind>
<opset="triangle_3ds_z0_V_ad "/>
</bind>
</comp>

<comp id="267" class="1005" name="triangle_3ds_x1_V_ad_reg_267">
<pin_list>
<pin id="268" dir="0" index="0" bw="12" slack="1"/>
<pin id="269" dir="1" index="1" bw="12" slack="1"/>
</pin_list>
<bind>
<opset="triangle_3ds_x1_V_ad "/>
</bind>
</comp>

<comp id="272" class="1005" name="triangle_3ds_y1_V_ad_reg_272">
<pin_list>
<pin id="273" dir="0" index="0" bw="12" slack="1"/>
<pin id="274" dir="1" index="1" bw="12" slack="1"/>
</pin_list>
<bind>
<opset="triangle_3ds_y1_V_ad "/>
</bind>
</comp>

<comp id="277" class="1005" name="triangle_3ds_z1_V_ad_reg_277">
<pin_list>
<pin id="278" dir="0" index="0" bw="12" slack="1"/>
<pin id="279" dir="1" index="1" bw="12" slack="1"/>
</pin_list>
<bind>
<opset="triangle_3ds_z1_V_ad "/>
</bind>
</comp>

<comp id="282" class="1005" name="triangle_3ds_x2_V_ad_reg_282">
<pin_list>
<pin id="283" dir="0" index="0" bw="12" slack="1"/>
<pin id="284" dir="1" index="1" bw="12" slack="1"/>
</pin_list>
<bind>
<opset="triangle_3ds_x2_V_ad "/>
</bind>
</comp>

<comp id="287" class="1005" name="triangle_3ds_y2_V_ad_reg_287">
<pin_list>
<pin id="288" dir="0" index="0" bw="12" slack="1"/>
<pin id="289" dir="1" index="1" bw="12" slack="1"/>
</pin_list>
<bind>
<opset="triangle_3ds_y2_V_ad "/>
</bind>
</comp>

<comp id="292" class="1005" name="triangle_3ds_z2_V_ad_reg_292">
<pin_list>
<pin id="293" dir="0" index="0" bw="12" slack="1"/>
<pin id="294" dir="1" index="1" bw="12" slack="1"/>
</pin_list>
<bind>
<opset="triangle_3ds_z2_V_ad "/>
</bind>
</comp>

<comp id="297" class="1005" name="triangle_3ds_y1_V_lo_reg_297">
<pin_list>
<pin id="298" dir="0" index="0" bw="8" slack="1"/>
<pin id="299" dir="1" index="1" bw="8" slack="1"/>
</pin_list>
<bind>
<opset="triangle_3ds_y1_V_lo "/>
</bind>
</comp>

<comp id="302" class="1005" name="triangle_3ds_z1_V_lo_reg_302">
<pin_list>
<pin id="303" dir="0" index="0" bw="8" slack="1"/>
<pin id="304" dir="1" index="1" bw="8" slack="1"/>
</pin_list>
<bind>
<opset="triangle_3ds_z1_V_lo "/>
</bind>
</comp>

<comp id="307" class="1005" name="triangle_3ds_x2_V_lo_reg_307">
<pin_list>
<pin id="308" dir="0" index="0" bw="8" slack="1"/>
<pin id="309" dir="1" index="1" bw="8" slack="1"/>
</pin_list>
<bind>
<opset="triangle_3ds_x2_V_lo "/>
</bind>
</comp>

<comp id="312" class="1005" name="triangle_3ds_y2_V_lo_reg_312">
<pin_list>
<pin id="313" dir="0" index="0" bw="8" slack="1"/>
<pin id="314" dir="1" index="1" bw="8" slack="1"/>
</pin_list>
<bind>
<opset="triangle_3ds_y2_V_lo "/>
</bind>
</comp>

<comp id="317" class="1005" name="triangle_3ds_z2_V_lo_reg_317">
<pin_list>
<pin id="318" dir="0" index="0" bw="8" slack="2"/>
<pin id="319" dir="1" index="1" bw="8" slack="2"/>
</pin_list>
<bind>
<opset="triangle_3ds_z2_V_lo "/>
</bind>
</comp>

</comp_list>

<net_list>
<net id="59"><net_src comp="48" pin="0"/><net_sink comp="54" pin=0"/></net>

<net id="60"><net_src comp="0" pin="0"/><net_sink comp="54" pin=1"/></net>

<net id="66"><net_src comp="2" pin="0"/><net_sink comp="61" pin=0"/></net>

<net id="67"><net_src comp="44" pin="0"/><net_sink comp="61" pin=1"/></net>

<net id="73"><net_src comp="61" pin="3"/><net_sink comp="68" pin=0"/></net>

<net id="79"><net_src comp="4" pin="0"/><net_sink comp="74" pin=0"/></net>

<net id="80"><net_src comp="44" pin="0"/><net_sink comp="74" pin=1"/></net>

<net id="86"><net_src comp="74" pin="3"/><net_sink comp="81" pin=0"/></net>

<net id="92"><net_src comp="6" pin="0"/><net_sink comp="87" pin=0"/></net>

<net id="93"><net_src comp="44" pin="0"/><net_sink comp="87" pin=1"/></net>

<net id="99"><net_src comp="87" pin="3"/><net_sink comp="94" pin=0"/></net>

<net id="105"><net_src comp="8" pin="0"/><net_sink comp="100" pin=0"/></net>

<net id="106"><net_src comp="44" pin="0"/><net_sink comp="100" pin=1"/></net>

<net id="112"><net_src comp="100" pin="3"/><net_sink comp="107" pin=0"/></net>

<net id="118"><net_src comp="10" pin="0"/><net_sink comp="113" pin=0"/></net>

<net id="119"><net_src comp="44" pin="0"/><net_sink comp="113" pin=1"/></net>

<net id="125"><net_src comp="113" pin="3"/><net_sink comp="120" pin=0"/></net>

<net id="131"><net_src comp="12" pin="0"/><net_sink comp="126" pin=0"/></net>

<net id="132"><net_src comp="44" pin="0"/><net_sink comp="126" pin=1"/></net>

<net id="138"><net_src comp="126" pin="3"/><net_sink comp="133" pin=0"/></net>

<net id="144"><net_src comp="14" pin="0"/><net_sink comp="139" pin=0"/></net>

<net id="145"><net_src comp="44" pin="0"/><net_sink comp="139" pin=1"/></net>

<net id="151"><net_src comp="139" pin="3"/><net_sink comp="146" pin=0"/></net>

<net id="157"><net_src comp="16" pin="0"/><net_sink comp="152" pin=0"/></net>

<net id="158"><net_src comp="44" pin="0"/><net_sink comp="152" pin=1"/></net>

<net id="164"><net_src comp="152" pin="3"/><net_sink comp="159" pin=0"/></net>

<net id="170"><net_src comp="18" pin="0"/><net_sink comp="165" pin=0"/></net>

<net id="171"><net_src comp="44" pin="0"/><net_sink comp="165" pin=1"/></net>

<net id="177"><net_src comp="165" pin="3"/><net_sink comp="172" pin=0"/></net>

<net id="181"><net_src comp="34" pin="0"/><net_sink comp="178" pin=0"/></net>

<net id="188"><net_src comp="178" pin="1"/><net_sink comp="182" pin=2"/></net>

<net id="193"><net_src comp="182" pin="4"/><net_sink comp="189" pin=0"/></net>

<net id="194"><net_src comp="36" pin="0"/><net_sink comp="189" pin=1"/></net>

<net id="199"><net_src comp="182" pin="4"/><net_sink comp="195" pin=0"/></net>

<net id="200"><net_src comp="42" pin="0"/><net_sink comp="195" pin=1"/></net>

<net id="204"><net_src comp="182" pin="4"/><net_sink comp="201" pin=0"/></net>

<net id="205"><net_src comp="201" pin="1"/><net_sink comp="61" pin=2"/></net>

<net id="206"><net_src comp="201" pin="1"/><net_sink comp="74" pin=2"/></net>

<net id="207"><net_src comp="201" pin="1"/><net_sink comp="87" pin=2"/></net>

<net id="208"><net_src comp="201" pin="1"/><net_sink comp="100" pin=2"/></net>

<net id="209"><net_src comp="201" pin="1"/><net_sink comp="113" pin=2"/></net>

<net id="210"><net_src comp="201" pin="1"/><net_sink comp="126" pin=2"/></net>

<net id="211"><net_src comp="201" pin="1"/><net_sink comp="139" pin=2"/></net>

<net id="212"><net_src comp="201" pin="1"/><net_sink comp="152" pin=2"/></net>

<net id="213"><net_src comp="201" pin="1"/><net_sink comp="165" pin=2"/></net>

<net id="221"><net_src comp="46" pin="0"/><net_sink comp="214" pin=0"/></net>

<net id="222"><net_src comp="107" pin="3"/><net_sink comp="214" pin=1"/></net>

<net id="223"><net_src comp="94" pin="3"/><net_sink comp="214" pin=2"/></net>

<net id="224"><net_src comp="81" pin="3"/><net_sink comp="214" pin=3"/></net>

<net id="225"><net_src comp="68" pin="3"/><net_sink comp="214" pin=4"/></net>

<net id="226"><net_src comp="214" pin="5"/><net_sink comp="54" pin=2"/></net>

<net id="234"><net_src comp="46" pin="0"/><net_sink comp="227" pin=0"/></net>

<net id="235"><net_src comp="227" pin="5"/><net_sink comp="54" pin=2"/></net>

<net id="241"><net_src comp="50" pin="0"/><net_sink comp="236" pin=0"/></net>

<net id="242"><net_src comp="52" pin="0"/><net_sink comp="236" pin=1"/></net>

<net id="243"><net_src comp="236" pin="3"/><net_sink comp="54" pin=2"/></net>

<net id="250"><net_src comp="195" pin="2"/><net_sink comp="247" pin=0"/></net>

<net id="251"><net_src comp="247" pin="1"/><net_sink comp="182" pin=0"/></net>

<net id="255"><net_src comp="61" pin="3"/><net_sink comp="252" pin=0"/></net>

<net id="256"><net_src comp="252" pin="1"/><net_sink comp="68" pin=0"/></net>

<net id="260"><net_src comp="74" pin="3"/><net_sink comp="257" pin=0"/></net>

<net id="261"><net_src comp="257" pin="1"/><net_sink comp="81" pin=0"/></net>

<net id="265"><net_src comp="87" pin="3"/><net_sink comp="262" pin=0"/></net>

<net id="266"><net_src comp="262" pin="1"/><net_sink comp="94" pin=0"/></net>

<net id="270"><net_src comp="100" pin="3"/><net_sink comp="267" pin=0"/></net>

<net id="271"><net_src comp="267" pin="1"/><net_sink comp="107" pin=0"/></net>

<net id="275"><net_src comp="113" pin="3"/><net_sink comp="272" pin=0"/></net>

<net id="276"><net_src comp="272" pin="1"/><net_sink comp="120" pin=0"/></net>

<net id="280"><net_src comp="126" pin="3"/><net_sink comp="277" pin=0"/></net>

<net id="281"><net_src comp="277" pin="1"/><net_sink comp="133" pin=0"/></net>

<net id="285"><net_src comp="139" pin="3"/><net_sink comp="282" pin=0"/></net>

<net id="286"><net_src comp="282" pin="1"/><net_sink comp="146" pin=0"/></net>

<net id="290"><net_src comp="152" pin="3"/><net_sink comp="287" pin=0"/></net>

<net id="291"><net_src comp="287" pin="1"/><net_sink comp="159" pin=0"/></net>

<net id="295"><net_src comp="165" pin="3"/><net_sink comp="292" pin=0"/></net>

<net id="296"><net_src comp="292" pin="1"/><net_sink comp="172" pin=0"/></net>

<net id="300"><net_src comp="120" pin="3"/><net_sink comp="297" pin=0"/></net>

<net id="301"><net_src comp="297" pin="1"/><net_sink comp="227" pin=4"/></net>

<net id="305"><net_src comp="133" pin="3"/><net_sink comp="302" pin=0"/></net>

<net id="306"><net_src comp="302" pin="1"/><net_sink comp="227" pin=3"/></net>

<net id="310"><net_src comp="146" pin="3"/><net_sink comp="307" pin=0"/></net>

<net id="311"><net_src comp="307" pin="1"/><net_sink comp="227" pin=2"/></net>

<net id="315"><net_src comp="159" pin="3"/><net_sink comp="312" pin=0"/></net>

<net id="316"><net_src comp="312" pin="1"/><net_sink comp="227" pin=1"/></net>

<net id="320"><net_src comp="172" pin="3"/><net_sink comp="317" pin=0"/></net>

<net id="321"><net_src comp="317" pin="1"/><net_sink comp="236" pin=2"/></net>

</net_list>

</model> 
---------------- Datapath Model END ------------------

* FSMD analyzer results:
  - Output states:
	Port: Output_1_V_V | {3 4 5 }
 - Input state : 
	Port: data_gen : triangle_3ds_x0_V | {2 3 }
	Port: data_gen : triangle_3ds_y0_V | {2 3 }
	Port: data_gen : triangle_3ds_z0_V | {2 3 }
	Port: data_gen : triangle_3ds_x1_V | {2 3 }
	Port: data_gen : triangle_3ds_y1_V | {2 3 }
	Port: data_gen : triangle_3ds_z1_V | {2 3 }
	Port: data_gen : triangle_3ds_x2_V | {2 3 }
	Port: data_gen : triangle_3ds_y2_V | {2 3 }
	Port: data_gen : triangle_3ds_z2_V | {2 3 }
  - Chain level:
	State 1
	State 2
		exitcond : 1
		i_1 : 1
		StgValue_14 : 2
		tmp : 1
		triangle_3ds_x0_V_ad : 2
		triangle_3ds_x0_V_lo : 3
		triangle_3ds_y0_V_ad : 2
		triangle_3ds_y0_V_lo : 3
		triangle_3ds_z0_V_ad : 2
		triangle_3ds_z0_V_lo : 3
		triangle_3ds_x1_V_ad : 2
		triangle_3ds_x1_V_lo : 3
		triangle_3ds_y1_V_ad : 2
		triangle_3ds_y1_V_lo : 3
		triangle_3ds_z1_V_ad : 2
		triangle_3ds_z1_V_lo : 3
		triangle_3ds_x2_V_ad : 2
		triangle_3ds_x2_V_lo : 3
		triangle_3ds_y2_V_ad : 2
		triangle_3ds_y2_V_lo : 3
		triangle_3ds_z2_V_ad : 2
		triangle_3ds_z2_V_lo : 3
	State 3
		p_Result_s : 1
		StgValue_40 : 2
	State 4
		StgValue_47 : 1
	State 5
		StgValue_49 : 1


============================================================
+ Verbose Summary: Datapath Resource usage 
============================================================

* Functional unit list:
|----------|-------------------|---------|---------|
| Operation|  Functional Unit  |    FF   |   LUT   |
|----------|-------------------|---------|---------|
|   icmp   |  exitcond_fu_189  |    0    |    13   |
|----------|-------------------|---------|---------|
|    add   |     i_1_fu_195    |    0    |    12   |
|----------|-------------------|---------|---------|
|   write  |  grp_write_fu_54  |    0    |    0    |
|----------|-------------------|---------|---------|
|   zext   |     tmp_fu_201    |    0    |    0    |
|----------|-------------------|---------|---------|
|          | p_Result_s_fu_214 |    0    |    0    |
|bitconcatenate| p_Result_1_fu_227 |    0    |    0    |
|          | p_Result_2_fu_236 |    0    |    0    |
|----------|-------------------|---------|---------|
|   Total  |                   |    0    |    25   |
|----------|-------------------|---------|---------|

Memories:
+-----------------+--------+--------+--------+
|                 |  BRAM  |   FF   |   LUT  |
+-----------------+--------+--------+--------+
|triangle_3ds_x0_V|    2   |    0   |    0   |
|triangle_3ds_x1_V|    2   |    0   |    0   |
|triangle_3ds_x2_V|    2   |    0   |    0   |
|triangle_3ds_y0_V|    2   |    0   |    0   |
|triangle_3ds_y1_V|    2   |    0   |    0   |
|triangle_3ds_y2_V|    2   |    0   |    0   |
|triangle_3ds_z0_V|    2   |    0   |    0   |
|triangle_3ds_z1_V|    2   |    0   |    0   |
|triangle_3ds_z2_V|    2   |    0   |    0   |
+-----------------+--------+--------+--------+
|      Total      |   18   |    0   |    0   |
+-----------------+--------+--------+--------+

* Register list:
+----------------------------+--------+
|                            |   FF   |
+----------------------------+--------+
|         i_1_reg_247        |   12   |
|          i_reg_178         |   12   |
|triangle_3ds_x0_V_ad_reg_252|   12   |
|triangle_3ds_x1_V_ad_reg_267|   12   |
|triangle_3ds_x2_V_ad_reg_282|   12   |
|triangle_3ds_x2_V_lo_reg_307|    8   |
|triangle_3ds_y0_V_ad_reg_257|   12   |
|triangle_3ds_y1_V_ad_reg_272|   12   |
|triangle_3ds_y1_V_lo_reg_297|    8   |
|triangle_3ds_y2_V_ad_reg_287|   12   |
|triangle_3ds_y2_V_lo_reg_312|    8   |
|triangle_3ds_z0_V_ad_reg_262|   12   |
|triangle_3ds_z1_V_ad_reg_277|   12   |
|triangle_3ds_z1_V_lo_reg_302|    8   |
|triangle_3ds_z2_V_ad_reg_292|   12   |
|triangle_3ds_z2_V_lo_reg_317|    8   |
+----------------------------+--------+
|            Total           |   172  |
+----------------------------+--------+

* Multiplexer (MUX) list: 
|-------------------|------|------|------|--------||---------||---------|
|        Comp       |  Pin | Size |  BW  | S x BW ||  Delay  ||   LUT   |
|-------------------|------|------|------|--------||---------||---------|
|  grp_write_fu_54  |  p2  |   3  |  32  |   96   ||    15   |
|  grp_access_fu_68 |  p0  |   2  |  12  |   24   ||    9    |
|  grp_access_fu_81 |  p0  |   2  |  12  |   24   ||    9    |
|  grp_access_fu_94 |  p0  |   2  |  12  |   24   ||    9    |
| grp_access_fu_107 |  p0  |   2  |  12  |   24   ||    9    |
| grp_access_fu_120 |  p0  |   2  |  12  |   24   ||    9    |
| grp_access_fu_133 |  p0  |   2  |  12  |   24   ||    9    |
| grp_access_fu_146 |  p0  |   2  |  12  |   24   ||    9    |
| grp_access_fu_159 |  p0  |   2  |  12  |   24   ||    9    |
| grp_access_fu_172 |  p0  |   2  |  12  |   24   ||    9    |
|-------------------|------|------|------|--------||---------||---------|
|       Total       |      |      |      |   312  || 17.7357 ||    96   |
|-------------------|------|------|------|--------||---------||---------|



* Summary:
+-----------+--------+--------+--------+--------+
|           |  BRAM  |  Delay |   FF   |   LUT  |
+-----------+--------+--------+--------+--------+
|  Function |    -   |    -   |    0   |   25   |
|   Memory  |   18   |    -   |    0   |    0   |
|Multiplexer|    -   |   17   |    -   |   96   |
|  Register |    -   |    -   |   172  |    -   |
+-----------+--------+--------+--------+--------+
|   Total   |   18   |   17   |   172  |   121  |
+-----------+--------+--------+--------+--------+
