INFO-FLOW: Workspace /home/ylxiao/ws_192/F200818_rendering_hls/data_redir_m opened at Tue Aug 18 16:33:06 EDT 2020
Execute     config_clock -quiet -name default -period 10 -default=false 
INFO: [SYN 201-201] Setting up clock 'default' with a period of 10ns.
Execute     open_platform DefaultPlatform 
Execute     import_lib /home/ylxiao/Xilinx/Vivado/2019.2/common/technology/xilinx/zynq/zynq 
Execute       source /home/ylxiao/Xilinx/Vivado/2019.2/common/technology/xilinx/common/xilinx.lib 
Execute         source /home/ylxiao/Xilinx/Vivado/2019.2/common/technology/xilinx/interface/xilinx_interface.lib 
Execute           source /home/ylxiao/Xilinx/Vivado/2019.2/common/technology/xilinx/interface/plb46.lib 
Execute           source /home/ylxiao/Xilinx/Vivado/2019.2/common/technology/xilinx/interface/fsl.lib 
Execute           source /home/ylxiao/Xilinx/Vivado/2019.2/common/technology/xilinx/interface/axi4.lib 
Execute           source /home/ylxiao/Xilinx/Vivado/2019.2/common/technology/xilinx/interface/maxi.lib 
Execute           source /home/ylxiao/Xilinx/Vivado/2019.2/common/technology/xilinx/interface/saxilite.lib 
Execute         source /home/ylxiao/Xilinx/Vivado/2019.2/common/technology/xilinx/common/dsp48.lib 
Execute         source /home/ylxiao/Xilinx/Vivado/2019.2/common/technology/xilinx/ip/xfir.lib 
Execute         source /home/ylxiao/Xilinx/Vivado/2019.2/common/technology/xilinx/ip/xfft.lib 
Execute         source /home/ylxiao/Xilinx/Vivado/2019.2/common/technology/xilinx/ip/dds_compiler.lib 
Execute       source /home/ylxiao/Xilinx/Vivado/2019.2/common/technology/xilinx/common/xilinx.hlp 
Execute         source /home/ylxiao/Xilinx/Vivado/2019.2/common/technology/xilinx/common/target_info.tcl 
Execute         source /home/ylxiao/Xilinx/Vivado/2019.2/common/technology/xilinx/interface/xilinx_interface.hlp 
Execute           source /home/ylxiao/Xilinx/Vivado/2019.2/common/technology/xilinx/interface/maxi.hlp 
Execute           source /home/ylxiao/Xilinx/Vivado/2019.2/common/technology/xilinx/interface/saxilite.hlp 
Execute         source /home/ylxiao/Xilinx/Vivado/2019.2/common/technology/xilinx/common/dsp48.hlp 
Execute       source /home/ylxiao/Xilinx/Vivado/2019.2/common/technology/xilinx/zynq/dsp48e1.hlp 
Execute       source /home/ylxiao/Xilinx/Vivado/2019.2/common/technology/xilinx/common/xilinx.hlp 
Execute         source /home/ylxiao/Xilinx/Vivado/2019.2/common/technology/xilinx/common/target_info.tcl 
Execute         source /home/ylxiao/Xilinx/Vivado/2019.2/common/technology/xilinx/interface/xilinx_interface.hlp 
Execute           source /home/ylxiao/Xilinx/Vivado/2019.2/common/technology/xilinx/interface/maxi.hlp 
Execute           source /home/ylxiao/Xilinx/Vivado/2019.2/common/technology/xilinx/interface/saxilite.hlp 
Execute         source /home/ylxiao/Xilinx/Vivado/2019.2/common/technology/xilinx/common/dsp48.hlp 
Execute     source /home/ylxiao/Xilinx/Vivado/2019.2/common/technology/xilinx/zynq/zynq.gen 
Execute       source /home/ylxiao/Xilinx/Vivado/2019.2/common/technology/xilinx/common/xilinx.gen 
Execute         source /home/ylxiao/Xilinx/Vivado/2019.2/common/technology/xilinx/interface/plb46.gen 
Execute         source /home/ylxiao/Xilinx/Vivado/2019.2/common/technology/xilinx/interface/fsl.gen 
Execute         source /home/ylxiao/Xilinx/Vivado/2019.2/common/technology/xilinx/interface/axi4.gen 
Execute         source /home/ylxiao/Xilinx/Vivado/2019.2/common/technology/xilinx/interface/nativeAXI4.gen 
Execute           source /home/ylxiao/Xilinx/Vivado/2019.2/common/technology/xilinx/interface/saxilite.gen 
Execute           source /home/ylxiao/Xilinx/Vivado/2019.2/common/technology/xilinx/interface/maxi.gen 
Execute         source /home/ylxiao/Xilinx/Vivado/2019.2/common/technology/xilinx/scripts/xilinxcoregen.gen 
Execute         source /home/ylxiao/Xilinx/Vivado/2019.2/common/technology/xilinx/interface/XilEDKCoreGen.gen 
Execute         source /home/ylxiao/Xilinx/Vivado/2019.2/common/technology/xilinx/ip/dds_compiler.gen 
Execute         source /home/ylxiao/Xilinx/Vivado/2019.2/common/technology/xilinx/ip/util.gen 
Execute         source /home/ylxiao/Xilinx/Vivado/2019.2/common/technology/xilinx/ip/xfft.gen 
Execute         source /home/ylxiao/Xilinx/Vivado/2019.2/common/technology/xilinx/ip/xfir.gen 
Execute         source /home/ylxiao/Xilinx/Vivado/2019.2/common/technology/xilinx/common/dsp48.gen 
Execute     set_part xc7z020clg400-1 
Execute       ap_part_info -name xc7z020clg400-1 -data single -quiet 
Command       ap_part_info done; 1.41 sec.
Execute       ap_part_info -name xc7z020clg400-1 -data info 
Execute       add_library xilinx/zynq/zynq:xc7z020:-clg400:-1 
Execute         get_default_platform 
Execute         ap_part_info -data single -name xc7z020-clg400-1 
Execute         ap_part_info -name xc7z020-clg400-1 -data resources 
Execute         ap_part_info -name xc7z020-clg400-1 -data info 
Execute         ap_part_info -name xc7z020-clg400-1 -data info 
Execute         config_chip_info -quiet -resource {SLICE 13300} {LUT 53200} {FF 106400} {DSP48E 220} {BRAM 280} {URAM 0} 
Execute         ap_part_info -name xc7z020-clg400-1 -data info 
Execute         config_chip_info -quiet -speed slow 
Execute       add_library xilinx/zynq/zynq_fpv6 
Execute         get_default_platform 
Execute         open_platform DefaultPlatform 
Execute         import_lib /home/ylxiao/Xilinx/Vivado/2019.2/common/technology/xilinx/zynq/zynq_fpv6 
Execute           source /home/ylxiao/Xilinx/Vivado/2019.2/common/technology/xilinx/common/xilinx_fp.lib 
Execute           source /home/ylxiao/Xilinx/Vivado/2019.2/common/technology/xilinx/common/xilinx_fp.hlp 
Execute             source /home/ylxiao/Xilinx/Vivado/2019.2/common/technology/xilinx/common/xilinx.hlp 
Execute               source /home/ylxiao/Xilinx/Vivado/2019.2/common/technology/xilinx/common/target_info.tcl 
Execute               source /home/ylxiao/Xilinx/Vivado/2019.2/common/technology/xilinx/interface/xilinx_interface.hlp 
Execute                 source /home/ylxiao/Xilinx/Vivado/2019.2/common/technology/xilinx/interface/maxi.hlp 
Execute                 source /home/ylxiao/Xilinx/Vivado/2019.2/common/technology/xilinx/interface/saxilite.hlp 
Execute               source /home/ylxiao/Xilinx/Vivado/2019.2/common/technology/xilinx/common/dsp48.hlp 
Execute         source /home/ylxiao/Xilinx/Vivado/2019.2/common/technology/xilinx/zynq/zynq_fpv6.gen 
Execute           source /home/ylxiao/Xilinx/Vivado/2019.2/common/technology/xilinx/common/xilinx_fp.gen 
INFO: [HLS 200-10] Setting target device to 'xc7z020-clg400-1'
Execute       ap_part_info -name xc7z020-clg400-1 -data info 
Execute       get_default_platform 
Command     set_part done; 1.57 sec.
Execute     ap_part_info -data single -name xc7z020clg400-1 
Execute     ap_part_info -name xc7z020clg400-1 -data resources 
Execute     ap_part_info -name xc7z020clg400-1 -data info 
Execute     ap_part_info -name xc7z020clg400-1 -data info 
Execute     config_chip_info -quiet -resource {SLICE 13300} {LUT 53200} {FF 106400} {DSP48E 220} {BRAM 280} {URAM 0} 
Execute     ap_part_info -name xc7z020clg400-1 -data info 
Execute     config_chip_info -quiet -speed slow 
Command   open_solution done; 1.73 sec.
Execute   set_part xc7z020clg400-1 
Execute     ap_part_info -name xc7z020clg400-1 -data single -quiet 
Execute     ap_part_info -name xc7z020clg400-1 -data info 
Execute     add_library xilinx/zynq/zynq:xc7z020:-clg400:-1 
Execute       get_default_platform 
Execute       ap_part_info -data single -name xc7z020-clg400-1 
Execute       ap_part_info -name xc7z020-clg400-1 -data resources 
Execute       ap_part_info -name xc7z020-clg400-1 -data info 
Execute       ap_part_info -name xc7z020-clg400-1 -data info 
Execute       config_chip_info -quiet -resource {SLICE 13300} {LUT 53200} {FF 106400} {DSP48E 220} {BRAM 280} {URAM 0} 
Execute       ap_part_info -name xc7z020-clg400-1 -data info 
Execute       config_chip_info -quiet -speed slow 
Execute     add_library xilinx/zynq/zynq_fpv6 
Execute       get_default_platform 
Execute       open_platform DefaultPlatform 
Execute       import_lib /home/ylxiao/Xilinx/Vivado/2019.2/common/technology/xilinx/zynq/zynq_fpv6 
Execute         source /home/ylxiao/Xilinx/Vivado/2019.2/common/technology/xilinx/common/xilinx_fp.lib 
Execute         source /home/ylxiao/Xilinx/Vivado/2019.2/common/technology/xilinx/common/xilinx_fp.hlp 
Execute           source /home/ylxiao/Xilinx/Vivado/2019.2/common/technology/xilinx/common/xilinx.hlp 
Execute             source /home/ylxiao/Xilinx/Vivado/2019.2/common/technology/xilinx/common/target_info.tcl 
Execute             source /home/ylxiao/Xilinx/Vivado/2019.2/common/technology/xilinx/interface/xilinx_interface.hlp 
Execute               source /home/ylxiao/Xilinx/Vivado/2019.2/common/technology/xilinx/interface/maxi.hlp 
Execute               source /home/ylxiao/Xilinx/Vivado/2019.2/common/technology/xilinx/interface/saxilite.hlp 
Execute             source /home/ylxiao/Xilinx/Vivado/2019.2/common/technology/xilinx/common/dsp48.hlp 
Execute       source /home/ylxiao/Xilinx/Vivado/2019.2/common/technology/xilinx/zynq/zynq_fpv6.gen 
Execute         source /home/ylxiao/Xilinx/Vivado/2019.2/common/technology/xilinx/common/xilinx_fp.gen 
Execute     ap_part_info -name xc7z020-clg400-1 -data info 
Execute     get_default_platform 
Command   set_part done; 0.17 sec.
Execute   create_clock -period 10 -name default 
Execute   csynth_design 
Execute     get_config_compile -dump_cfg 
Execute     get_config_compile -effort 
Execute     get_config_compile -enable_clang39 
Execute     get_config_compile -g 
Execute     get_config_compile -ng 
Execute     get_config_compile -opt_fp 
Execute     get_config_compile -skip_cdt 
Execute     get_config_compile -skip_syncheck 
Execute     get_config_compile -skip_transform 
Execute     get_config_compile -keep_printf 
Execute     elaborate -effort=medium -skip_syncheck=0 -keep_printf=0 -skip_cdt=0 -skip_transform=0 -ng=0 -g=0 -opt_fp=0 -from_csynth_design=1 
Execute       get_config_schedule -relax_ii_for_timing 
INFO: [SCHED 204-61] Option 'relax_ii_for_timing' is enabled, will increase II to preserve clock frequency constraints.
Execute       get_config_schedule -suppress_dependence_error_break 
INFO: [HLS 200-10] Analyzing design file 'F200818_rendering_hls/src/sdsoc/rendering_new.cpp' ... 
INFO-FLOW: Compiling one TU...
Execute       is_m_axi_addr64 
INFO-FLOW: Handling F200818_rendering_hls/src/sdsoc/rendering_new.cpp as C++
Execute       ap_part_info -name xc7z020-clg400-1 -data info 
Execute       is_encrypted F200818_rendering_hls/src/sdsoc/rendering_new.cpp 
Execute       ap_part_info -name xc7z020-clg400-1 -data info 
INFO-FLOW: Running: GCC PP
INFO-FLOW: Source preprocessing
Execute       clang  -fno-limit-debug-info -gcc-toolchain "/home/ylxiao/Xilinx/Vivado/2019.2/lnx64/tools/gcc" -hls  -fno-exceptions  -D__llvm__  -E "F200818_rendering_hls/src/sdsoc/rendering_new.cpp"     -fno-math-errno -c -emit-llvm -O0  -mllvm -disable-llvm-optzns -fno-threadsafe-statics  -fno-use-cxa-atexit  -fno-threadsafe-statics -fno-use-cxa-atexit -D__CLANG_3_1__ -DAESL_SYN -D__SYNTHESIS__ -D__HLS_SYN__ -I "/home/ylxiao/Xilinx/Vivado/2019.2/common/technology/autopilot" -I "/home/ylxiao/Xilinx/Vivado/2019.2/common/technology/autopilot/ap_sysc" -include etc/autopilot_ssdm_op.h -D__DSP48E1__  -o "/home/ylxiao/ws_192/F200818_rendering_hls/data_redir_m/.autopilot/db/rendering_new.pp.0.cpp" 
INFO-FLOW: exec /home/ylxiao/Xilinx/Vivado/2019.2/lnx64/tools/clang/bin/clang -fno-limit-debug-info -gcc-toolchain /home/ylxiao/Xilinx/Vivado/2019.2/lnx64/tools/gcc -hls -fno-exceptions -D__llvm__ -E F200818_rendering_hls/src/sdsoc/rendering_new.cpp -fno-math-errno -c -emit-llvm -O0 -mllvm -disable-llvm-optzns -fno-threadsafe-statics -fno-use-cxa-atexit -fno-threadsafe-statics -fno-use-cxa-atexit -D__CLANG_3_1__ -DAESL_SYN -D__SYNTHESIS__ -D__HLS_SYN__ -I /home/ylxiao/Xilinx/Vivado/2019.2/common/technology/autopilot -I /home/ylxiao/Xilinx/Vivado/2019.2/common/technology/autopilot/ap_sysc -include etc/autopilot_ssdm_op.h -D__DSP48E1__ -o /home/ylxiao/ws_192/F200818_rendering_hls/data_redir_m/.autopilot/db/rendering_new.pp.0.cpp
Command       clang done; 1.59 sec.
Execute       tidy_31 xilinx-xfmat-array-geometry /home/ylxiao/ws_192/F200818_rendering_hls/data_redir_m/.autopilot/db/rendering_new.pp.0.cpp std=gnu++98 
INFO-FLOW: exec /home/ylxiao/Xilinx/Vivado/2019.2/lnx64/tools/clang-3.9-csynth/bin/tidy-3.1 -header-filter=.* -checks=-*,xilinx-xfmat-array-geometry -quiet -fix /home/ylxiao/ws_192/F200818_rendering_hls/data_redir_m/.autopilot/db/rendering_new.pp.0.cpp -- -std=gnu++98 -fhls -ferror-limit=0
Command       tidy_31 done; 2.9 sec.
INFO-FLOW: Syntax Checking before pre-processing...
Execute       clang -syntaxcheck -src /home/ylxiao/ws_192/F200818_rendering_hls/data_redir_m/.autopilot/db/rendering_new.pp.0.cpp  -fno-limit-debug-info -gcc-toolchain "/home/ylxiao/Xilinx/Vivado/2019.2/lnx64/tools/gcc" -hls    -fno-math-errno -c -emit-llvm -O0  -mllvm -disable-llvm-optzns -fno-threadsafe-statics  -fno-use-cxa-atexit  -fno-threadsafe-statics -fno-use-cxa-atexit -D__CLANG_3_1__ -DAESL_SYN -D__SYNTHESIS__ -D__HLS_SYN__ -I "/home/ylxiao/Xilinx/Vivado/2019.2/common/technology/autopilot" -I "/home/ylxiao/Xilinx/Vivado/2019.2/common/technology/autopilot/ap_sysc" -include etc/autopilot_ssdm_op.h -D__DSP48E1__  "/home/ylxiao/ws_192/F200818_rendering_hls/data_redir_m/.autopilot/db/rendering_new.pp.0.cpp"  -o "/home/ylxiao/ws_192/F200818_rendering_hls/data_redir_m/.autopilot/db/useless.bc"  
INFO-FLOW: exec /home/ylxiao/Xilinx/Vivado/2019.2/lnx64/tools/clang/bin/clang -fno-limit-debug-info -gcc-toolchain /home/ylxiao/Xilinx/Vivado/2019.2/lnx64/tools/gcc -hls -fno-math-errno -c -emit-llvm -O0 -mllvm -disable-llvm-optzns -fno-threadsafe-statics -fno-use-cxa-atexit -fno-threadsafe-statics -fno-use-cxa-atexit -D__CLANG_3_1__ -DAESL_SYN -D__SYNTHESIS__ -D__HLS_SYN__ -I /home/ylxiao/Xilinx/Vivado/2019.2/common/technology/autopilot -I /home/ylxiao/Xilinx/Vivado/2019.2/common/technology/autopilot/ap_sysc -include etc/autopilot_ssdm_op.h -D__DSP48E1__ /home/ylxiao/ws_192/F200818_rendering_hls/data_redir_m/.autopilot/db/rendering_new.pp.0.cpp -o /home/ylxiao/ws_192/F200818_rendering_hls/data_redir_m/.autopilot/db/useless.bc
Command       clang done; 3.14 sec.
INFO-FLOW: Done: GCC PP time: 7.6 seconds per iteration
Execute       source /home/ylxiao/Xilinx/Vivado/2019.2/tps/tcl/tcllib1.11.1/yaml/huddle.tcl 
Execute       source /home/ylxiao/Xilinx/Vivado/2019.2/tps/tcl/tcllib1.11.1/yaml/json2huddle.tcl 
Execute         source /home/ylxiao/Xilinx/Vivado/2019.2/tps/tcl/tcllib1.11.1/try/try.tcl 
Execute       list_core -type functional_unit 
Execute       tidy_31 xilinx-systemc-detector /home/ylxiao/ws_192/F200818_rendering_hls/data_redir_m/.autopilot/db/rendering_new.pp.0.cpp std=gnu++98 -directive=/home/ylxiao/ws_192/F200818_rendering_hls/data_redir_m/.autopilot/db/.systemc_flag 
INFO-FLOW: exec /home/ylxiao/Xilinx/Vivado/2019.2/lnx64/tools/clang-3.9-csynth/bin/tidy-3.1 -header-filter=.* -checks=-*,xilinx-systemc-detector -import-directive=/home/ylxiao/ws_192/F200818_rendering_hls/data_redir_m/.autopilot/db/.systemc_flag -quiet -fix-errors /home/ylxiao/ws_192/F200818_rendering_hls/data_redir_m/.autopilot/db/rendering_new.pp.0.cpp -- -std=gnu++98 -fhls -ferror-limit=0
Command       tidy_31 done; 2.69 sec.
INFO-FLOW: Running: tidy-3.1 CDT preprocess
Execute       tidy_31 xilinx-directive2pragma /home/ylxiao/ws_192/F200818_rendering_hls/data_redir_m/.autopilot/db/rendering_new.pp.0.cpp std=gnu++98 -directive=/home/ylxiao/ws_192/F200818_rendering_hls/data_redir_m/.autopilot/db/all.directive.json 
INFO-FLOW: exec /home/ylxiao/Xilinx/Vivado/2019.2/lnx64/tools/clang-3.9-csynth/bin/tidy-3.1 -header-filter=.* -checks=-*,xilinx-directive2pragma -import-directive=/home/ylxiao/ws_192/F200818_rendering_hls/data_redir_m/.autopilot/db/all.directive.json -quiet -fix-errors /home/ylxiao/ws_192/F200818_rendering_hls/data_redir_m/.autopilot/db/rendering_new.pp.0.cpp -- -std=gnu++98 -fhls -ferror-limit=0
Command       tidy_31 done; 2.62 sec.
Execute       get_config_dataflow -strict_mode 
Execute       ap_eval exec -ignorestderr /home/ylxiao/Xilinx/Vivado/2019.2/lnx64/tools/clang-3.9-csynth/bin/xilinx-dataflow-lawyer -export-fixes=/home/ylxiao/ws_192/F200818_rendering_hls/data_redir_m/.autopilot/db/xilinx-dataflow-lawyer.rendering_new.pp.0.cpp.diag.yml /home/ylxiao/ws_192/F200818_rendering_hls/data_redir_m/.autopilot/db/rendering_new.pp.0.cpp -- -std=gnu++98 -fhls -ferror-limit=0 -fstrict-dataflow > /home/ylxiao/ws_192/F200818_rendering_hls/data_redir_m/.autopilot/db/xilinx-dataflow-lawyer.rendering_new.pp.0.cpp.out.log 2> /home/ylxiao/ws_192/F200818_rendering_hls/data_redir_m/.autopilot/db/xilinx-dataflow-lawyer.rendering_new.pp.0.cpp.err.log 
Command       ap_eval done; 3.41 sec.
Execute       source /home/ylxiao/Xilinx/Vivado/2019.2/tps/tcl/tcllib1.11.1/yaml/yaml.tcl 
Execute         source /home/ylxiao/Xilinx/Vivado/2019.2/tps/tcl/tcllib1.11.1/cmdline/cmdline.tcl 
WARNING: [HLS 214-114] Since the only kind of statements allowed in a canonical dataflow region are variable declarations and function calls, the compiler may not be able to correctly handle the region: F200818_rendering_hls/src/sdsoc/rendering_new.cpp:612:3
Execute       send_msg_by_id WARNING @200-471@%s%s 1 F200818_rendering_hls/src/sdsoc/rendering_new.cpp 
WARNING: [HLS 200-471] Dataflow form checks found 1 issue(s) in file F200818_rendering_hls/src/sdsoc/rendering_new.cpp
Execute       tidy_31 -errorcheck xilinx-constantarray-param,xilinx-resource-pragma-transformer,xilinx-xfmat-array-geometry /home/ylxiao/ws_192/F200818_rendering_hls/data_redir_m/.autopilot/db/rendering_new.pp.0.cpp std=gnu++98 
Execute         ap_eval exec -ignorestderr /home/ylxiao/Xilinx/Vivado/2019.2/lnx64/tools/clang-3.9-csynth/bin/tidy-3.1 -export-fixes=/home/ylxiao/ws_192/F200818_rendering_hls/data_redir_m/.autopilot/db/tidy-3.1.rendering_new.pp.0.cpp.diag.yml -header-filter=.* -checks=-*,xilinx-constantarray-param,xilinx-resource-pragma-transformer,xilinx-xfmat-array-geometry -quiet -fix-errors /home/ylxiao/ws_192/F200818_rendering_hls/data_redir_m/.autopilot/db/rendering_new.pp.0.cpp -- -std=gnu++98 -fhls -ferror-limit=0 > /home/ylxiao/ws_192/F200818_rendering_hls/data_redir_m/.autopilot/db/tidy-3.1.rendering_new.pp.0.cpp.out.log 2> /home/ylxiao/ws_192/F200818_rendering_hls/data_redir_m/.autopilot/db/tidy-3.1.rendering_new.pp.0.cpp.err.log 
Command         ap_eval done; 3.06 sec.
Execute         ap_eval exec -ignorestderr /home/ylxiao/Xilinx/Vivado/2019.2/lnx64/tools/clang-3.9-csynth/bin/xilinx-legacy-rewriter /home/ylxiao/ws_192/F200818_rendering_hls/data_redir_m/.autopilot/db/rendering_new.pp.0.cpp -- -std=gnu++98 -fhls -ferror-limit=0 > /home/ylxiao/ws_192/F200818_rendering_hls/data_redir_m/.autopilot/db/xilinx-legacy-rewriter.rendering_new.pp.0.cpp.out.log 2> /home/ylxiao/ws_192/F200818_rendering_hls/data_redir_m/.autopilot/db/xilinx-legacy-rewriter.rendering_new.pp.0.cpp.err.log 
Command         ap_eval done; 2.29 sec.
Command       tidy_31 done; 5.35 sec.
INFO-FLOW: Done: tidy-3.1 CDT preprocess time: 11.4 seconds per iteration
INFO-FLOW: Pragma Handling...
Execute       tidy_31 xilinx-ssdm-intrinsics-arguments /home/ylxiao/ws_192/F200818_rendering_hls/data_redir_m/.autopilot/db/rendering_new.pragma.1.cpp std=gnu++98 
INFO-FLOW: exec /home/ylxiao/Xilinx/Vivado/2019.2/lnx64/tools/clang-3.9-csynth/bin/tidy-3.1 -header-filter=.* -checks=-*,xilinx-ssdm-intrinsics-arguments -quiet -fix-errors /home/ylxiao/ws_192/F200818_rendering_hls/data_redir_m/.autopilot/db/rendering_new.pragma.1.cpp -- -std=gnu++98 -fhls -ferror-limit=0
Command       tidy_31 done; 3.21 sec.
Execute       ap_part_info -name xc7z020-clg400-1 -data info 
INFO-FLOW: Processing labels
Execute       clang -src /home/ylxiao/ws_192/F200818_rendering_hls/data_redir_m/.autopilot/db/rendering_new.pragma.2.cpp  -fno-limit-debug-info -gcc-toolchain /home/ylxiao/Xilinx/Vivado/2019.2/lnx64/tools/gcc -hls -hls-analyze-label -hls-analyze-pragma -fno-exceptions  -D__llvm__  -w  "/home/ylxiao/ws_192/F200818_rendering_hls/data_redir_m/.autopilot/db/rendering_new.pragma.2.cpp"    -fno-math-errno -c -emit-llvm -O0  -mllvm -disable-llvm-optzns -fno-threadsafe-statics  -fno-use-cxa-atexit -DAESL_SYN -D__SYNTHESIS__ -D__HLS_SYN__ -I "/home/ylxiao/Xilinx/Vivado/2019.2/common/technology/autopilot" -I "/home/ylxiao/Xilinx/Vivado/2019.2/common/technology/autopilot/ap_sysc" -include etc/autopilot_ssdm_op.h -D__DSP48E1__ -g -o "/home/ylxiao/ws_192/F200818_rendering_hls/data_redir_m/.autopilot/db/rendering_new.bc" 
INFO-FLOW: exec /home/ylxiao/Xilinx/Vivado/2019.2/lnx64/tools/clang/bin/clang -fno-limit-debug-info -gcc-toolchain /home/ylxiao/Xilinx/Vivado/2019.2/lnx64/tools/gcc -hls -hls-analyze-label -hls-analyze-pragma -fno-exceptions -D__llvm__ -w /home/ylxiao/ws_192/F200818_rendering_hls/data_redir_m/.autopilot/db/rendering_new.pragma.2.cpp -fno-math-errno -c -emit-llvm -O0 -mllvm -disable-llvm-optzns -fno-threadsafe-statics -fno-use-cxa-atexit -DAESL_SYN -D__SYNTHESIS__ -D__HLS_SYN__ -I /home/ylxiao/Xilinx/Vivado/2019.2/common/technology/autopilot -I /home/ylxiao/Xilinx/Vivado/2019.2/common/technology/autopilot/ap_sysc -include etc/autopilot_ssdm_op.h -D__DSP48E1__ -g -o /home/ylxiao/ws_192/F200818_rendering_hls/data_redir_m/.autopilot/db/rendering_new.bc
Command       clang done; 3.11 sec.
INFO-FLOW: Linking Debug ...
Execute       llvm-ld /home/ylxiao/ws_192/F200818_rendering_hls/data_redir_m/.autopilot/db/rendering_new.g.bc -hls-opt -except-internalize data_redir_m -L/home/ylxiao/Xilinx/Vivado/2019.2/lnx64/lib -lhlsm -lhlsmc++ -o /home/ylxiao/ws_192/F200818_rendering_hls/data_redir_m/.autopilot/db/a.g 
Command       llvm-ld done; 0.82 sec.
INFO: [HLS 200-111] Finished Linking Time (s): cpu = 00:00:30 ; elapsed = 00:00:31 . Memory (MB): peak = 955.809 ; gain = 523.035 ; free physical = 4658 ; free virtual = 22607
INFO: [HLS 200-111] Finished Checking Pragmas Time (s): cpu = 00:00:30 ; elapsed = 00:00:31 . Memory (MB): peak = 955.809 ; gain = 523.035 ; free physical = 4658 ; free virtual = 22607
Execute       get_config_sdx -target 
Execute       opt_and_import_c a -opt_level=2 -skip_syncheck=0 -ng=0 -keep_printf=0 
Execute         cleanup_all_models 
INFO: [HLS 200-10] Starting code transformations ...
Execute         transform -promote-dbg-pointer /home/ylxiao/ws_192/F200818_rendering_hls/data_redir_m/.autopilot/db/a.pp.bc -o /home/ylxiao/ws_192/F200818_rendering_hls/data_redir_m/.autopilot/db/a.pp.0.bc -f 
Execute         llvm-ld /home/ylxiao/ws_192/F200818_rendering_hls/data_redir_m/.autopilot/db/a.pp.0.bc -disable-opt -L/home/ylxiao/Xilinx/Vivado/2019.2/lnx64/lib -lfloatconversion -o /home/ylxiao/ws_192/F200818_rendering_hls/data_redir_m/.autopilot/db/a.g.0 
Command         llvm-ld done; 0.75 sec.
INFO-FLOW: Running Standard Transforms...
Execute         transform -hls -share-std-xform -demangle-name -inline-byval-memcpy -always-inline -promote-dbg-pointer -interface-preproc -mem2reg -scalarrepl -mem2reg -keep-read-access -instcombine -dce -promote-dbg-pointer -bitop-raise -loop-simplify -indvarspre -indvars -loop-simplify -xunroll -constprop -instcombine -simplifycfg -indvars -simplifycfg -dce -globaldce -basicaa -simplifycfg -mem2reg -globalopt -global-constprop -deadargelim -instcombine -simplifycfg -prune-eh -simplifycfg -scalarrepl -instcombine -reassociate -licm -simplifycfg -loop-simplify -indvars -instcombine -simplifycfg -mem2reg -loop-simplify -indvars -instcombine -gvn -gvn -instcombine -adce -break-crit-edges -simplifycfg -loop-delete -global-array-opt -dce -dse -adce -find-syn-modules -top data_redir_m -deadargelim -mem2reg -instcombine -dce -presyn-prepare -auto-rom-infer -interface-preproc -syn-check -check-rec-only -find-region -simplifycfg -func-extr -function-inline -globaldce -mem2reg -instcombine -dce -gvn -globaldce -adce -adse -constprop -instcombine -bit-constprop -instcombine -dce -simplifycfg -bitop-raise -simplifycfg -dce -loop-delete -reassociate -globalopt -global-privatize -mem2reg -dce -global-constprop -pointer-simplify -constprop -dce -func-inst -deadargelim -auto-shift-reg-idiom -promote-dbg-pointer -norm-name /home/ylxiao/ws_192/F200818_rendering_hls/data_redir_m/.autopilot/db/a.g.0.bc -o /home/ylxiao/ws_192/F200818_rendering_hls/data_redir_m/.autopilot/db/a.g.1.bc -f -phase std-opt 
INFO: [HLS 200-111] Finished Standard Transforms Time (s): cpu = 00:00:31 ; elapsed = 00:00:32 . Memory (MB): peak = 955.809 ; gain = 523.035 ; free physical = 4625 ; free virtual = 22599
INFO: [HLS 200-10] Checking synthesizability ...
INFO-FLOW: Checking Synthesizability 1/2..
Execute         transform -hls -syn-check -check-rec-only -disaggr -scalarrepl -norm-name -dce -mem2reg -instcombine -function-uniquify -directive-preproc -mem2reg -dse -dce -auto-rom-infer -dce -pag -array-normalize -instcombine -dce -warn-fifo-pointer -array-seg-normalize -instcombine -dce -array-flatten -instcombine -dce -array-burst -dce -deadargelim -promote-global-argument -simplifycfg -mem2reg -globaldce -dce -deadargelim -dce -instcombine -function-inline -globaldce -dce -doublePtrSimplify -doublePtrElim -dce -doublePtrSimplify -promote-dbg-pointer -dce -scalarrepl -dse -adse -instcombine -ptrLegalization -simplifycfg -dce -instcombine -pointer-simplify -ptrArgReplace -dce -instcombine -resolve-double-ptr -disaggr -scalarrepl -norm-name -dce -mem2reg -instcombine -ptrLegalization -simplifycfg -deadargelim -instcombine -dce -inst-simplify -function-uniquify -directive-preproc -mem2reg -dse -dce -globaldce -check-dspbuiltin /home/ylxiao/ws_192/F200818_rendering_hls/data_redir_m/.autopilot/db/a.g.1.bc -o /home/ylxiao/ws_192/F200818_rendering_hls/data_redir_m/.autopilot/db/a.g.2.prechk.bc -f 
INFO: [XFORM 203-602] Inlining function 'check_clockwise' into 'rasterization1_odd_m' (F200818_rendering_hls/src/sdsoc/rendering_new.cpp:209) automatically.
INFO: [XFORM 203-602] Inlining function 'clockwise_vertices' into 'rasterization1_odd_m' (F200818_rendering_hls/src/sdsoc/rendering_new.cpp:236) automatically.
INFO-FLOW: Checking Synthesizability 2/2..
Execute         transform -syn-check /home/ylxiao/ws_192/F200818_rendering_hls/data_redir_m/.autopilot/db/a.g.2.prechk.bc -o /home/ylxiao/ws_192/F200818_rendering_hls/data_redir_m/.autopilot/db/a.g.2.bc -f -phase syn-check 
INFO: [HLS 200-111] Finished Checking Synthesizability Time (s): cpu = 00:00:31 ; elapsed = 00:00:32 . Memory (MB): peak = 955.809 ; gain = 523.035 ; free physical = 4619 ; free virtual = 22594
INFO-FLOW: Compiler optimizing ...
INFO-FLOW: Share syncheck's 1.bc for syn flow: copy /home/ylxiao/ws_192/F200818_rendering_hls/data_redir_m/.autopilot/db/a.g.1.bc to /home/ylxiao/ws_192/F200818_rendering_hls/data_redir_m/.autopilot/db/a.o.1.bc
INFO-FLOW: Presyn 1...
Execute         transform -hls -tmp /home/ylxiao/ws_192/F200818_rendering_hls/data_redir_m/.autopilot/db -interface-port-rename -type-info -function-uniquify -directive-preproc -mem2reg -dse -dce -disaggr -scalarrepl -norm-name -deadargelim -mem2reg -instcombine -dce -simplifycfg -auto-rom-infer -dce -function-uniquify -resource-proc -clib-intrinsic-prepare -dce -func-buffer -dce -pag -array-normalize -func-legal -instcombine -gvn -constprop -dce -simplifycfg -mem2reg -globaldce -resolve-double-ptr -dce -deadargelim -dce -instcombine -ptrArgReplace -mem2reg -dce -array-seg-normalize -deadargelim -instcombine -dce -pointer-simplify -dce -port-alignment -dce -interface-preproc -data-pack -instcombine -dce -basicaa -aggr-aa -aggrmodref-aa -aggr-aa -gvn -gvn -basicaa -aggr-aa -aggrmodref-aa -aggr-aa -dse -adse -adce -loop-simplify -indvars -instcombine -gvn -loop-simplify -mem2reg -dce -find-region -instcombine -auto-loop-pipeline -inst-simplify -interface-preproc -cfgopt -instcombine -indvars -auto-loop-unroll -loop-simplify -loop-bound -xunroll -constprop -instcombine -simplifycfg -indvars -simplifycfg -dce -globaldce -clean-region -attach-range -gvn -inst-simplify -constprop -simplifycfg -dce -pointer-simplify -dce -globalopt -constprop -dce -array-promote -constprop -dce -ptrArgReplace -mem2reg -simplifycfg -dce -auto-par -instcombine -dce -array-transform-check -array-reshape -instcombine -simplifycfg -dce -ptrArgReplace -deadargelim -mem2reg -instcombine -simplifycfg -dce -indvars -loop-simplify -loop-bound -xunroll -constprop -instcombine -simplifycfg -indvars -simplifycfg -dce -globaldce -basicaa -aggr-aa -aggrmodref-aa -aggr-aa -dse -duplicate-dataflow-processes -globaldce -instcombine -array-partition -instcombine -simplifycfg -dce -ptrArgReplace -global-constprop -deadargelim -mem2reg -func-legal -dce -global-constprop -deadargelim -mem2reg -simplifycfg -dce -merge-param -deadargelim -globalopt -constprop -dce -array-promote -constprop -dce -ptrArgReplace -mem2reg -simplifycfg -dce -mem-intrinsic-preproc -dce -global-internalize -global-privatize -mem2reg -globaldce -promote-global-argument -ptrArgReplace -mem2reg -dce -globalopt -mergereturn -simplify-global-access -mem2reg -dce -pointer-simplify -dce -functionattrs -basicaa -aggr-aa -aggrmodref-aa -aggr-aa -gvn -gvn -basicaa -aggr-aa -aggrmodref-aa -aggr-aa -dse -adse -adce -dce -norm-name -function-inline -complex-op-raise -inst-simplify -globaldce -func-inst -constprop -instcombine -simplifycfg -dce -func-legal -dce -loop-bound -arraycheck -bitwidthmin -on-by-dataflow -loop-delete -instcombine -simplifycfg -globaldce -dce -gvn -deadargelim -dce -loop-simplify -clean-region -simplifycfg -propagate-stable-arguments -loop-stream -instcombine -simplifycfg -dce -globaldce -duplicate-dataflow-processes -stream-intrinsic-preproc -dce -check-ap-stream -loop-simplify -eliminate-keepreads -extract-dataflow-in-loop -loop-simplify -dce -gvn -deadargelim -dse -check-dataflow-syntax -legalize-stream-variable -legalize-global -extract-subproc -dce -dead-channel-elimination -canonicalize-gep -globaldce -dce -gvn -deadargelim -annotate-dataflow-channels -scalar-propagation -deadargelim -globaldce -mem2reg -check-dataflow-channels -function-stream -dce -globaldce -prop-fifo-spec -internal-stream-gen -canonicalize-gep -globaldce -dce -gvn -deadargelim -mergereturn -indvars -loop-simplify -instcombine -array-stream -array-seg-normalize -array-partition -func-legal -instcombine -simplifycfg -dce -bundle-memfifo-ops -deadargelim -function-uniquify -directive-preproc -mem2reg -dse -dce -group-axi-access -licm -simplifycfg -dce -loop-delete -norm-name /home/ylxiao/ws_192/F200818_rendering_hls/data_redir_m/.autopilot/db/a.o.1.bc -o /home/ylxiao/ws_192/F200818_rendering_hls/data_redir_m/.autopilot/db/a.o.1.tmp.bc -f 
INFO: [XFORM 203-102] Partitioning array 'max_min.V' automatically.
INFO: [XFORM 203-102] Partitioning array 'max_index.V' automatically.
INFO: [XFORM 203-602] Inlining function 'check_clockwise' into 'rasterization1_odd_m' (F200818_rendering_hls/src/sdsoc/rendering_new.cpp:209) automatically.
INFO: [XFORM 203-602] Inlining function 'clockwise_vertices' into 'rasterization1_odd_m' (F200818_rendering_hls/src/sdsoc/rendering_new.cpp:236) automatically.
INFO: [XFORM 203-602] Inlining function 'find_min' into 'rasterization1_odd_m' (F200818_rendering_hls/src/sdsoc/rendering_new.cpp:251) automatically.
INFO: [XFORM 203-602] Inlining function 'find_max' into 'rasterization1_odd_m' (F200818_rendering_hls/src/sdsoc/rendering_new.cpp:252) automatically.
Command         transform done; 0.15 sec.
INFO-FLOW: Presyn 2...
Execute         transform -hls -keep-callgraph -scalarrepl -mem2reg -port-alignment -attach-range -dce -pipe-mux-gen -indvars -loop-bound -inst-simplify -instcombine -dce -merge-array-access -mem2reg -dce -clean-region -mergereturn -if-conv -instcombine -dce -constprop -basicaa -aggr-aa -aggrmodref-aa -aggr-aa -gvn -gvn -basicaa -aggr-aa -aggrmodref-aa -aggr-aa -dse -adse -adce -scalarrepl -mem2reg -global-constprop -deadargelim -deadargelim -instcombine -dce -simplifycfg -ptrArgReplace -mem2reg -function-inline -globaldce -mem2reg -instcombine -dce -expr-balance -instcombine -dce -bitwidthmin -interface-preproc -directive-preproc -inst-rectify -instcombine -dce -functionattrs -constprop -instcombine -bit-constprop -simplify-global-access -globalopt -globaldce -inst-simplify -instcombine -elimdeaddata -dce -loop-delete -simplifycfg -loop-simplify -auto-burst -norm-name /home/ylxiao/ws_192/F200818_rendering_hls/data_redir_m/.autopilot/db/a.o.1.tmp.bc -o /home/ylxiao/ws_192/F200818_rendering_hls/data_redir_m/.autopilot/db/a.o.2.bc -f -phase presyn 
INFO: [XFORM 203-401] Performing if-conversion on hyperblock from (F200818_rendering_hls/src/sdsoc/rendering_new.cpp:235:8) to (F200818_rendering_hls/src/sdsoc/rendering_new.cpp:283:3) in function 'rasterization1_odd_m'... converting 13 basic blocks.
INFO: [HLS 200-111] Finished Pre-synthesis Time (s): cpu = 00:00:31 ; elapsed = 00:00:32 . Memory (MB): peak = 956.117 ; gain = 523.344 ; free physical = 4591 ; free virtual = 22569
INFO-FLOW: Building ssdm...
Execute         transform -hls -function-uniquify -auto-function-inline -globaldce -ptrArgReplace -mem2reg -dce -reset-lda -loop-simplify -indvars -licm -loop-dep -loop-bound -licm -loop-simplify -flattenloopnest -array-flatten -gvn -instcombine -dce -array-map -dce -func-legal -gvn -adce -instcombine -cfgopt -simplifycfg -loop-simplify -array-burst -promote-global-argument -dce -ptrLegalization -axi4-lower -array-seg-normalize -basicaa -aggrmodref-aa -globalsmodref-aa -aggr-aa -gvn -gvn -basicaa -aggrmodref-aa -globalsmodref-aa -aggr-aa -dse -adse -adce -licm -inst-simplify -dce -globaldce -instcombine -array-stream -eliminate-keepreads -instcombine -dce -deadargelim -doublePtrSimplify -doublePtrElim -dce -doublePtrSimplify -promote-dbg-pointer -dce -scalarrepl -mem2reg -disaggr -norm-name -mem2reg -instcombine -dse -adse -adce -ptrLegalization -dce -auto-rom-infer -array-flatten -dce -instcombine -check-doubleptr -loop-rot -constprop -cfgopt -simplifycfg -loop-simplify -indvars -pointer-simplify -dce -loop-bound -loop-simplify -loop-preproc -constprop -global-constprop -gvn -mem2reg -instcombine -dce -loop-bound -loop-merge -dce -bitwidthmin -deadargelim -dce -canonicalize-dataflow -dce -scalar-propagation -deadargelim -globaldce -mem2reg -read-loop-dep -interface-preproc -directive-preproc -interface-gen -bram-byte-enable -deadargelim -inst-simplify -dce -gvn -mem2reg -instcombine -dce -adse -loop-bound -instcombine -cfgopt -simplifycfg -loop-simplify -clean-region -io-protocol -find-region -mem2reg -bitop-raise -complex-op-raise -inst-simplify -inst-rectify -instcombine -adce -deadargelim -loop-simplify -phi-opt -bitop-raise -cfgopt -simplifycfg -strip-dead-prototypes -interface-lower -bitop-lower -intrinsic-lower -auto-function-inline -basicaa -aggrmodref-aa -globalsmodref-aa -aggr-aa -inst-simplify -simplifycfg -loop-simplify -mergereturn -inst-simplify -inst-rectify -dce -load-elim -bitop-lower -loop-rewind -pointer-simplify -dce -cfgopt -dce -loop-bound -loop-dep -read-loop-dep -dce -check-stream -norm-name -legalize -validate-dataflow -inst-clarity -bitwidth -dump-loop-dep-to-ir -check-all-ssdm -cdfg-build /home/ylxiao/ws_192/F200818_rendering_hls/data_redir_m/.autopilot/db/a.o.2.bc -o /home/ylxiao/ws_192/F200818_rendering_hls/data_redir_m/.autopilot/db/a.o.3.bc -f -phase build-ssdm 
INFO: [XFORM 203-603] Evaluating the output(s) of a call to function '_ssdm_op_BitConcatenate.i32.i8.i8.i8.i8' (F200818_rendering_hls/src/sdsoc/rendering_new.cpp:214:2) in function 'rasterization1_odd_m' and propagating its result(s) since all actual argument(s) to the function are constants.
INFO: [XFORM 203-603] Evaluating the output(s) of a call to function '_ssdm_op_BitConcatenate.i32.i8.i8.i8.i8' (F200818_rendering_hls/src/sdsoc/rendering_new.cpp:220:2) in function 'rasterization1_odd_m' and propagating its result(s) since all actual argument(s) to the function are constants.
Command         transform done; 0.14 sec.
INFO: [HLS 200-111] Finished Architecture Synthesis Time (s): cpu = 00:00:31 ; elapsed = 00:00:33 . Memory (MB): peak = 956.117 ; gain = 523.344 ; free physical = 4573 ; free virtual = 22552
INFO-FLOW: Finish building internal data model.
Command       opt_and_import_c done; 1.35 sec.
Command     elaborate done; 30.39 sec.
Execute     autosyn -from_csynth_design=1 
INFO: [HLS 200-10] Starting hardware synthesis ...
INFO-FLOW: Synthesizing C/C++ design ...
INFO: [HLS 200-10] Synthesizing 'data_redir_m' ...
Execute       ap_set_top_model data_redir_m 
Execute       get_model_list data_redir_m -filter all-wo-channel -topdown 
Execute       preproc_iomode -model data_redir_m 
Execute       preproc_iomode -model rasterization1_odd_m 
Execute       preproc_iomode -model projection_odd_m 
Execute       get_model_list data_redir_m -filter all-wo-channel 
INFO-FLOW: Model list for configure: projection_odd_m rasterization1_odd_m data_redir_m
INFO-FLOW: Configuring Module : projection_odd_m ...
Execute       set_default_model projection_odd_m 
Execute       apply_spec_resource_limit projection_odd_m 
INFO-FLOW: Configuring Module : rasterization1_odd_m ...
Execute       set_default_model rasterization1_odd_m 
Execute       apply_spec_resource_limit rasterization1_odd_m 
INFO-FLOW: Configuring Module : data_redir_m ...
Execute       set_default_model data_redir_m 
Execute       apply_spec_resource_limit data_redir_m 
INFO-FLOW: Model list for preprocess: projection_odd_m rasterization1_odd_m data_redir_m
INFO-FLOW: Preprocessing Module: projection_odd_m ...
Execute       set_default_model projection_odd_m 
Execute       cdfg_preprocess -model projection_odd_m 
Execute       rtl_gen_preprocess projection_odd_m 
INFO-FLOW: Preprocessing Module: rasterization1_odd_m ...
Execute       set_default_model rasterization1_odd_m 
Execute       cdfg_preprocess -model rasterization1_odd_m 
Execute       rtl_gen_preprocess rasterization1_odd_m 
INFO-FLOW: Preprocessing Module: data_redir_m ...
Execute       set_default_model data_redir_m 
Execute       cdfg_preprocess -model data_redir_m 
Execute       rtl_gen_preprocess data_redir_m 
INFO-FLOW: Model list for synthesis: projection_odd_m rasterization1_odd_m data_redir_m
INFO: [HLS 200-10] ----------------------------------------------------------------
INFO: [HLS 200-42] -- Implementing module 'projection_odd_m' 
INFO: [HLS 200-10] ----------------------------------------------------------------
Execute       set_default_model projection_odd_m 
Execute       schedule -model projection_odd_m 
INFO: [SCHED 204-11] Starting scheduling ...
INFO: [SCHED 204-11] Finished scheduling.
INFO: [HLS 200-111]  Elapsed time: 32.52 seconds; current allocated memory: 158.520 MB.
Execute       syn_report -verbosereport -o /home/ylxiao/ws_192/F200818_rendering_hls/data_redir_m/.autopilot/db/projection_odd_m.verbose.sched.rpt 
Execute       db_write -o /home/ylxiao/ws_192/F200818_rendering_hls/data_redir_m/.autopilot/db/projection_odd_m.sched.adb -f 
INFO-FLOW: Finish scheduling projection_odd_m.
Execute       set_default_model projection_odd_m 
Execute       bind -model projection_odd_m 
BIND OPTION: model=projection_odd_m
INFO: [BIND 205-100] Starting micro-architecture generation ...
INFO: [BIND 205-101] Performing variable lifetime analysis.
INFO: [BIND 205-101] Exploring resource sharing.
INFO: [BIND 205-101] Binding ...
INFO: [BIND 205-100] Finished micro-architecture generation.
INFO: [HLS 200-111]  Elapsed time: 0.01 seconds; current allocated memory: 158.652 MB.
Execute       syn_report -verbosereport -o /home/ylxiao/ws_192/F200818_rendering_hls/data_redir_m/.autopilot/db/projection_odd_m.verbose.bind.rpt 
Execute       db_write -o /home/ylxiao/ws_192/F200818_rendering_hls/data_redir_m/.autopilot/db/projection_odd_m.bind.adb -f 
INFO-FLOW: Finish binding projection_odd_m.
INFO: [HLS 200-10] ----------------------------------------------------------------
INFO: [HLS 200-42] -- Implementing module 'rasterization1_odd_m' 
INFO: [HLS 200-10] ----------------------------------------------------------------
Execute       set_default_model rasterization1_odd_m 
Execute       schedule -model rasterization1_odd_m 
INFO: [SCHED 204-11] Starting scheduling ...
INFO: [SCHED 204-11] Finished scheduling.
INFO: [HLS 200-111]  Elapsed time: 0.04 seconds; current allocated memory: 158.944 MB.
Execute       syn_report -verbosereport -o /home/ylxiao/ws_192/F200818_rendering_hls/data_redir_m/.autopilot/db/rasterization1_odd_m.verbose.sched.rpt 
Execute       db_write -o /home/ylxiao/ws_192/F200818_rendering_hls/data_redir_m/.autopilot/db/rasterization1_odd_m.sched.adb -f 
INFO-FLOW: Finish scheduling rasterization1_odd_m.
Execute       set_default_model rasterization1_odd_m 
Execute       bind -model rasterization1_odd_m 
BIND OPTION: model=rasterization1_odd_m
INFO: [BIND 205-100] Starting micro-architecture generation ...
INFO: [BIND 205-101] Performing variable lifetime analysis.
INFO: [BIND 205-101] Exploring resource sharing.
INFO: [BIND 205-101] Binding ...
INFO: [BIND 205-100] Finished micro-architecture generation.
INFO: [HLS 200-111]  Elapsed time: 0.03 seconds; current allocated memory: 159.346 MB.
Execute       syn_report -verbosereport -o /home/ylxiao/ws_192/F200818_rendering_hls/data_redir_m/.autopilot/db/rasterization1_odd_m.verbose.bind.rpt 
Execute       db_write -o /home/ylxiao/ws_192/F200818_rendering_hls/data_redir_m/.autopilot/db/rasterization1_odd_m.bind.adb -f 
INFO-FLOW: Finish binding rasterization1_odd_m.
INFO: [HLS 200-10] ----------------------------------------------------------------
INFO: [HLS 200-42] -- Implementing module 'data_redir_m' 
INFO: [HLS 200-10] ----------------------------------------------------------------
Execute       set_default_model data_redir_m 
Execute       schedule -model data_redir_m 
INFO: [SCHED 204-11] Starting scheduling ...
INFO: [SCHED 204-11] Finished scheduling.
INFO: [HLS 200-111]  Elapsed time: 0.05 seconds; current allocated memory: 159.494 MB.
Execute       syn_report -verbosereport -o /home/ylxiao/ws_192/F200818_rendering_hls/data_redir_m/.autopilot/db/data_redir_m.verbose.sched.rpt 
Execute       db_write -o /home/ylxiao/ws_192/F200818_rendering_hls/data_redir_m/.autopilot/db/data_redir_m.sched.adb -f 
INFO-FLOW: Finish scheduling data_redir_m.
Execute       set_default_model data_redir_m 
Execute       bind -model data_redir_m 
BIND OPTION: model=data_redir_m
INFO: [BIND 205-100] Starting micro-architecture generation ...
INFO: [BIND 205-101] Performing variable lifetime analysis.
INFO: [BIND 205-101] Exploring resource sharing.
INFO: [BIND 205-101] Binding ...
INFO: [BIND 205-100] Finished micro-architecture generation.
INFO: [HLS 200-111]  Elapsed time: 0.02 seconds; current allocated memory: 159.636 MB.
Execute       syn_report -verbosereport -o /home/ylxiao/ws_192/F200818_rendering_hls/data_redir_m/.autopilot/db/data_redir_m.verbose.bind.rpt 
Execute       db_write -o /home/ylxiao/ws_192/F200818_rendering_hls/data_redir_m/.autopilot/db/data_redir_m.bind.adb -f 
INFO-FLOW: Finish binding data_redir_m.
Execute       get_model_list data_redir_m -filter all-wo-channel 
INFO-FLOW: Preprocessing for RTLGen ...
Execute       rtl_gen_preprocess projection_odd_m 
Execute       rtl_gen_preprocess rasterization1_odd_m 
Execute       rtl_gen_preprocess data_redir_m 
INFO-FLOW: Model list for RTL generation: projection_odd_m rasterization1_odd_m data_redir_m
INFO: [HLS 200-10] ----------------------------------------------------------------
INFO: [HLS 200-10] -- Generating RTL for module 'projection_odd_m' 
INFO: [HLS 200-10] ----------------------------------------------------------------
Execute       get_config_rtl -module_prefix 
Execute       get_config_rtl -module_auto_prefix 
Execute       create_rtl_model projection_odd_m -vendor xilinx -mg_file /home/ylxiao/ws_192/F200818_rendering_hls/data_redir_m/.autopilot/db/projection_odd_m.compgen.tcl 
INFO: [RTGEN 206-100] Finished creating RTL model for 'projection_odd_m'.
INFO: [HLS 200-111]  Elapsed time: 0.05 seconds; current allocated memory: 160.079 MB.
Execute       source /home/ylxiao/ws_192/F200818_rendering_hls/data_redir_m/.autopilot/db/data_redir_m.rtl_wrap.cfg.tcl 
Execute       gen_rtl projection_odd_m -style xilinx -tracefl mytrace -tracefmt vcd -traceopt all -f -lang sc -o /home/ylxiao/ws_192/F200818_rendering_hls/data_redir_m/syn/systemc/projection_odd_m -synmodules projection_odd_m rasterization1_odd_m data_redir_m 
Execute       gen_rtl projection_odd_m -style xilinx -f -lang vhdl -o /home/ylxiao/ws_192/F200818_rendering_hls/data_redir_m/syn/vhdl/projection_odd_m 
Execute       gen_rtl projection_odd_m -style xilinx -f -lang vlog -o /home/ylxiao/ws_192/F200818_rendering_hls/data_redir_m/syn/verilog/projection_odd_m 
Execute       syn_report -csynth -model projection_odd_m -o /home/ylxiao/ws_192/F200818_rendering_hls/data_redir_m/syn/report/projection_odd_m_csynth.rpt 
Execute       syn_report -rtlxml -model projection_odd_m -o /home/ylxiao/ws_192/F200818_rendering_hls/data_redir_m/syn/report/projection_odd_m_csynth.xml 
Execute       syn_report -verbosereport -model projection_odd_m -o /home/ylxiao/ws_192/F200818_rendering_hls/data_redir_m/.autopilot/db/projection_odd_m.verbose.rpt 
Execute       db_write -model projection_odd_m -f -o /home/ylxiao/ws_192/F200818_rendering_hls/data_redir_m/.autopilot/db/projection_odd_m.adb 
Execute       gen_tb_info projection_odd_m -p /home/ylxiao/ws_192/F200818_rendering_hls/data_redir_m/.autopilot/db -o /home/ylxiao/ws_192/F200818_rendering_hls/data_redir_m/.autopilot/db/projection_odd_m 
INFO: [HLS 200-10] ----------------------------------------------------------------
INFO: [HLS 200-10] -- Generating RTL for module 'rasterization1_odd_m' 
INFO: [HLS 200-10] ----------------------------------------------------------------
Execute       get_config_rtl -module_prefix 
Execute       get_config_rtl -module_auto_prefix 
Execute       create_rtl_model rasterization1_odd_m -vendor xilinx -mg_file /home/ylxiao/ws_192/F200818_rendering_hls/data_redir_m/.autopilot/db/rasterization1_odd_m.compgen.tcl 
WARNING: [RTGEN 206-101] Register 'max_min_V_0' is power-on initialization.
WARNING: [RTGEN 206-101] Register 'max_min_V_1' is power-on initialization.
WARNING: [RTGEN 206-101] Register 'max_min_V_2' is power-on initialization.
WARNING: [RTGEN 206-101] Register 'max_index_V_0' is power-on initialization.
WARNING: [RTGEN 206-101] Register 'max_min_V_3' is power-on initialization.
WARNING: [RTGEN 206-101] Register 'max_min_V_4' is power-on initialization.
INFO: [RTGEN 206-100] Finished creating RTL model for 'rasterization1_odd_m'.
INFO: [HLS 200-111]  Elapsed time: 0.05 seconds; current allocated memory: 161.295 MB.
Execute       source /home/ylxiao/ws_192/F200818_rendering_hls/data_redir_m/.autopilot/db/data_redir_m.rtl_wrap.cfg.tcl 
Execute       gen_rtl rasterization1_odd_m -style xilinx -tracefl mytrace -tracefmt vcd -traceopt all -f -lang sc -o /home/ylxiao/ws_192/F200818_rendering_hls/data_redir_m/syn/systemc/rasterization1_odd_m -synmodules projection_odd_m rasterization1_odd_m data_redir_m 
Execute       gen_rtl rasterization1_odd_m -style xilinx -f -lang vhdl -o /home/ylxiao/ws_192/F200818_rendering_hls/data_redir_m/syn/vhdl/rasterization1_odd_m 
Execute       gen_rtl rasterization1_odd_m -style xilinx -f -lang vlog -o /home/ylxiao/ws_192/F200818_rendering_hls/data_redir_m/syn/verilog/rasterization1_odd_m 
Execute       syn_report -csynth -model rasterization1_odd_m -o /home/ylxiao/ws_192/F200818_rendering_hls/data_redir_m/syn/report/rasterization1_odd_m_csynth.rpt 
Execute       syn_report -rtlxml -model rasterization1_odd_m -o /home/ylxiao/ws_192/F200818_rendering_hls/data_redir_m/syn/report/rasterization1_odd_m_csynth.xml 
Execute       syn_report -verbosereport -model rasterization1_odd_m -o /home/ylxiao/ws_192/F200818_rendering_hls/data_redir_m/.autopilot/db/rasterization1_odd_m.verbose.rpt 
Execute       db_write -model rasterization1_odd_m -f -o /home/ylxiao/ws_192/F200818_rendering_hls/data_redir_m/.autopilot/db/rasterization1_odd_m.adb 
Execute       gen_tb_info rasterization1_odd_m -p /home/ylxiao/ws_192/F200818_rendering_hls/data_redir_m/.autopilot/db -o /home/ylxiao/ws_192/F200818_rendering_hls/data_redir_m/.autopilot/db/rasterization1_odd_m 
INFO: [HLS 200-10] ----------------------------------------------------------------
INFO: [HLS 200-10] -- Generating RTL for module 'data_redir_m' 
INFO: [HLS 200-10] ----------------------------------------------------------------
Execute       get_config_rtl -module_prefix 
Execute       get_config_rtl -module_auto_prefix 
Execute       create_rtl_model data_redir_m -vendor xilinx -mg_file /home/ylxiao/ws_192/F200818_rendering_hls/data_redir_m/.autopilot/db/data_redir_m.compgen.tcl 
INFO: [RTGEN 206-500] Setting interface mode on port 'data_redir_m/Input_1_V_V' to 'ap_hs'.
INFO: [RTGEN 206-500] Setting interface mode on port 'data_redir_m/Output_1_V_V' to 'ap_hs' (register).
INFO: [RTGEN 206-500] Setting interface mode on function 'data_redir_m' to 'ap_ctrl_hs'.
INFO: [RTGEN 206-100] Finished creating RTL model for 'data_redir_m'.
INFO: [HLS 200-111]  Elapsed time: 0.17 seconds; current allocated memory: 163.381 MB.
Execute       source /home/ylxiao/ws_192/F200818_rendering_hls/data_redir_m/.autopilot/db/data_redir_m.rtl_wrap.cfg.tcl 
Execute       gen_rtl data_redir_m -istop -style xilinx -tracefl mytrace -tracefmt vcd -traceopt all -f -lang sc -o /home/ylxiao/ws_192/F200818_rendering_hls/data_redir_m/syn/systemc/data_redir_m -synmodules projection_odd_m rasterization1_odd_m data_redir_m 
Execute       gen_rtl data_redir_m -istop -style xilinx -f -lang vhdl -o /home/ylxiao/ws_192/F200818_rendering_hls/data_redir_m/syn/vhdl/data_redir_m 
Execute       gen_rtl data_redir_m -istop -style xilinx -f -lang vlog -o /home/ylxiao/ws_192/F200818_rendering_hls/data_redir_m/syn/verilog/data_redir_m 
Execute       syn_report -csynth -model data_redir_m -o /home/ylxiao/ws_192/F200818_rendering_hls/data_redir_m/syn/report/data_redir_m_csynth.rpt 
Execute       syn_report -rtlxml -model data_redir_m -o /home/ylxiao/ws_192/F200818_rendering_hls/data_redir_m/syn/report/data_redir_m_csynth.xml 
Execute       syn_report -verbosereport -model data_redir_m -o /home/ylxiao/ws_192/F200818_rendering_hls/data_redir_m/.autopilot/db/data_redir_m.verbose.rpt 
Execute       db_write -model data_redir_m -f -o /home/ylxiao/ws_192/F200818_rendering_hls/data_redir_m/.autopilot/db/data_redir_m.adb 
Execute       gen_tb_info data_redir_m -p /home/ylxiao/ws_192/F200818_rendering_hls/data_redir_m/.autopilot/db -o /home/ylxiao/ws_192/F200818_rendering_hls/data_redir_m/.autopilot/db/data_redir_m 
Execute       export_constraint_db -f -tool general -o /home/ylxiao/ws_192/F200818_rendering_hls/data_redir_m/.autopilot/db/data_redir_m.constraint.tcl 
Execute       syn_report -designview -model data_redir_m -o /home/ylxiao/ws_192/F200818_rendering_hls/data_redir_m/.autopilot/db/data_redir_m.design.xml 
Execute       get_config_rtl -disable_wave_debug 
Execute       syn_report -wcfg -model data_redir_m -o /home/ylxiao/ws_192/F200818_rendering_hls/data_redir_m/.autopilot/db/data_redir_m_dataflow_ana.wcfg 
Execute       syn_report -protoinst -model data_redir_m -o /home/ylxiao/ws_192/F200818_rendering_hls/data_redir_m/.autopilot/db/data_redir_m.protoinst 
Execute       get_config_debug -directory 
Execute       sc_get_clocks data_redir_m 
Execute       get_config_export -vivado_clock 
Execute       sc_get_portdomain data_redir_m 
INFO-FLOW: Model list for RTL component generation: projection_odd_m rasterization1_odd_m data_redir_m
INFO-FLOW: Handling components in module [projection_odd_m] ... 
Execute       source /home/ylxiao/ws_192/F200818_rendering_hls/data_redir_m/.autopilot/db/projection_odd_m.compgen.tcl 
INFO-FLOW: Handling components in module [rasterization1_odd_m] ... 
Execute       source /home/ylxiao/ws_192/F200818_rendering_hls/data_redir_m/.autopilot/db/rasterization1_odd_m.compgen.tcl 
INFO-FLOW: Handling components in module [data_redir_m] ... 
Execute       source /home/ylxiao/ws_192/F200818_rendering_hls/data_redir_m/.autopilot/db/data_redir_m.compgen.tcl 
INFO-FLOW: Found component regslice_core.
INFO-FLOW: Append model regslice_core
INFO-FLOW: Append model projection_odd_m
INFO-FLOW: Append model rasterization1_odd_m
INFO-FLOW: Append model data_redir_m
INFO-FLOW: Generating RTL model list ...
INFO-FLOW: All models in this session: regslice_core projection_odd_m rasterization1_odd_m data_redir_m
INFO-FLOW: To file: write model regslice_core
INFO-FLOW: To file: write model projection_odd_m
INFO-FLOW: To file: write model rasterization1_odd_m
INFO-FLOW: To file: write model data_redir_m
INFO-FLOW: Finished generating RTL model list.


INFO-FLOW: RTL Generation done.
INFO-FLOW: CAS Generation done.
INFO-FLOW: CBC Generation done.
Execute       syn_report -model data_redir_m -printsummary 
INFO: [HLS 200-789] **** Estimated Fmax: 114.99 MHz
INFO-FLOW: DBG:CMD: auto_generate_csynth_design
INFO-FLOW: DBG:CMD:     auto_generate --sim-model -phase csynth_design -d /home/ylxiao/ws_192/F200818_rendering_hls/data_redir_m
Execute       source /home/ylxiao/ws_192/F200818_rendering_hls/data_redir_m/.autopilot/db/global.setting.tcl 
INFO-FLOW: DBG:CMD: read_platform_lib /home/ylxiao/ws_192/F200818_rendering_hls/data_redir_m/.autopilot/db/global.setting.tcl
Execute       source /home/ylxiao/Xilinx/Vivado/2019.2/common/technology/generic/autopilot/common.gen 
Execute         source /home/ylxiao/Xilinx/Vivado/2019.2/common/technology/generic/autopilot/APCoreGen.gen 
Execute       source /home/ylxiao/Xilinx/Vivado/2019.2/common/technology/generic/autopilot/op.gen 
Execute       source /home/ylxiao/Xilinx/Vivado/2019.2/common/technology/generic/autopilot/op_simcore.gen 
Execute       source /home/ylxiao/Xilinx/Vivado/2019.2/common/technology/generic/autopilot/interface.gen 
Execute       source /home/ylxiao/ws_192/F200818_rendering_hls/data_redir_m/.autopilot/db/global.setting.tcl 
Execute       source /home/ylxiao/Xilinx/Vivado/2019.2/common/technology/xilinx/zynq/zynq.gen 
Execute         source /home/ylxiao/Xilinx/Vivado/2019.2/common/technology/xilinx/common/xilinx.gen 
Execute           source /home/ylxiao/Xilinx/Vivado/2019.2/common/technology/xilinx/interface/plb46.gen 
Execute           source /home/ylxiao/Xilinx/Vivado/2019.2/common/technology/xilinx/interface/fsl.gen 
Execute           source /home/ylxiao/Xilinx/Vivado/2019.2/common/technology/xilinx/interface/axi4.gen 
Execute           source /home/ylxiao/Xilinx/Vivado/2019.2/common/technology/xilinx/interface/nativeAXI4.gen 
Execute             source /home/ylxiao/Xilinx/Vivado/2019.2/common/technology/xilinx/interface/saxilite.gen 
Execute             source /home/ylxiao/Xilinx/Vivado/2019.2/common/technology/xilinx/interface/maxi.gen 
Execute           source /home/ylxiao/Xilinx/Vivado/2019.2/common/technology/xilinx/scripts/xilinxcoregen.gen 
Execute           source /home/ylxiao/Xilinx/Vivado/2019.2/common/technology/xilinx/interface/XilEDKCoreGen.gen 
Execute           source /home/ylxiao/Xilinx/Vivado/2019.2/common/technology/xilinx/ip/dds_compiler.gen 
Execute           source /home/ylxiao/Xilinx/Vivado/2019.2/common/technology/xilinx/ip/util.gen 
Execute           source /home/ylxiao/Xilinx/Vivado/2019.2/common/technology/xilinx/ip/xfft.gen 
Execute           source /home/ylxiao/Xilinx/Vivado/2019.2/common/technology/xilinx/ip/xfir.gen 
Execute           source /home/ylxiao/Xilinx/Vivado/2019.2/common/technology/xilinx/common/dsp48.gen 
Execute       source /home/ylxiao/Xilinx/Vivado/2019.2/common/technology/xilinx/zynq/zynq_fpv6.gen 
Execute         source /home/ylxiao/Xilinx/Vivado/2019.2/common/technology/xilinx/common/xilinx_fp.gen 
INFO-FLOW: DBG:CMD:   using AESL_AUTOCG::g_clock_period=10.000 (was NA)
INFO-FLOW: DBG:CMD:       generate_ip_cores sim=1 export=0 expOnly=0 dstVlogDir=syn/verilog
Execute       source /home/ylxiao/ws_192/F200818_rendering_hls/data_redir_m/.autopilot/db/global.setting.tcl 
Execute       ap_part_info -name xc7z020-clg400-1 -data names -quiet 
Execute       ap_part_info -name xc7z020-clg400-1 -data info -quiet 
Execute       source /home/ylxiao/ws_192/F200818_rendering_hls/data_redir_m/.autopilot/db/global.setting.tcl 
Execute       source /home/ylxiao/ws_192/F200818_rendering_hls/data_redir_m/.autopilot/db/global.setting.tcl 
Execute       source /home/ylxiao/ws_192/F200818_rendering_hls/data_redir_m/.autopilot/db/projection_odd_m.compgen.tcl 
Execute       source /home/ylxiao/ws_192/F200818_rendering_hls/data_redir_m/.autopilot/db/rasterization1_odd_m.compgen.tcl 
Execute       source /home/ylxiao/ws_192/F200818_rendering_hls/data_redir_m/.autopilot/db/data_redir_m.compgen.tcl 
INFO-FLOW: DBG:CMD:     auto_generate -export -impltomg_flag -rtl both -tool Vivado -pcore_version 1.00.a -phase csynth_design -d /home/ylxiao/ws_192/F200818_rendering_hls/data_redir_m
Execute       source /home/ylxiao/ws_192/F200818_rendering_hls/data_redir_m/.autopilot/db/global.setting.tcl 
INFO-FLOW: DBG:CMD: read_platform_lib /home/ylxiao/ws_192/F200818_rendering_hls/data_redir_m/.autopilot/db/global.setting.tcl
Execute       source /home/ylxiao/Xilinx/Vivado/2019.2/common/technology/generic/autopilot/common.gen 
Execute         source /home/ylxiao/Xilinx/Vivado/2019.2/common/technology/generic/autopilot/APCoreGen.gen 
Execute       source /home/ylxiao/Xilinx/Vivado/2019.2/common/technology/generic/autopilot/op.gen 
Execute       source /home/ylxiao/Xilinx/Vivado/2019.2/common/technology/generic/autopilot/op_simcore.gen 
Execute       source /home/ylxiao/Xilinx/Vivado/2019.2/common/technology/generic/autopilot/interface.gen 
Execute       source /home/ylxiao/ws_192/F200818_rendering_hls/data_redir_m/.autopilot/db/global.setting.tcl 
Execute       source /home/ylxiao/Xilinx/Vivado/2019.2/common/technology/xilinx/zynq/zynq.gen 
Execute         source /home/ylxiao/Xilinx/Vivado/2019.2/common/technology/xilinx/common/xilinx.gen 
Execute           source /home/ylxiao/Xilinx/Vivado/2019.2/common/technology/xilinx/interface/plb46.gen 
Execute           source /home/ylxiao/Xilinx/Vivado/2019.2/common/technology/xilinx/interface/fsl.gen 
Execute           source /home/ylxiao/Xilinx/Vivado/2019.2/common/technology/xilinx/interface/axi4.gen 
Execute           source /home/ylxiao/Xilinx/Vivado/2019.2/common/technology/xilinx/interface/nativeAXI4.gen 
Execute             source /home/ylxiao/Xilinx/Vivado/2019.2/common/technology/xilinx/interface/saxilite.gen 
Execute             source /home/ylxiao/Xilinx/Vivado/2019.2/common/technology/xilinx/interface/maxi.gen 
Execute           source /home/ylxiao/Xilinx/Vivado/2019.2/common/technology/xilinx/scripts/xilinxcoregen.gen 
Execute           source /home/ylxiao/Xilinx/Vivado/2019.2/common/technology/xilinx/interface/XilEDKCoreGen.gen 
Execute           source /home/ylxiao/Xilinx/Vivado/2019.2/common/technology/xilinx/ip/dds_compiler.gen 
Execute           source /home/ylxiao/Xilinx/Vivado/2019.2/common/technology/xilinx/ip/util.gen 
Execute           source /home/ylxiao/Xilinx/Vivado/2019.2/common/technology/xilinx/ip/xfft.gen 
Execute           source /home/ylxiao/Xilinx/Vivado/2019.2/common/technology/xilinx/ip/xfir.gen 
Execute           source /home/ylxiao/Xilinx/Vivado/2019.2/common/technology/xilinx/common/dsp48.gen 
Execute       source /home/ylxiao/Xilinx/Vivado/2019.2/common/technology/xilinx/zynq/zynq_fpv6.gen 
Execute         source /home/ylxiao/Xilinx/Vivado/2019.2/common/technology/xilinx/common/xilinx_fp.gen 
INFO-FLOW: DBG:CMD:       initCTypeInfo top_module=data_redir_m xml_exists=0
Execute       source /home/ylxiao/ws_192/F200818_rendering_hls/data_redir_m/.autopilot/db/data_redir_m.rtl_wrap.cfg.tcl 
Execute       source /home/ylxiao/ws_192/F200818_rendering_hls/data_redir_m/.autopilot/db/data_redir_m.rtl_wrap.cfg.tcl 
Execute       source /home/ylxiao/ws_192/F200818_rendering_hls/data_redir_m/.autopilot/db/data_redir_m.rtl_wrap.cfg.tcl 
Execute       source /home/ylxiao/ws_192/F200818_rendering_hls/data_redir_m/.autopilot/db/data_redir_m.tbgen.tcl 
Execute       source /home/ylxiao/ws_192/F200818_rendering_hls/data_redir_m/.autopilot/db/data_redir_m.tbgen.tcl 
INFO-FLOW: DBG:CMD:       export_impl_rtl
INFO-FLOW: DBG:CMD:       generate_ip_cores sim=0 export=0 expOnly=0 dstVlogDir=impl/.verilog
Execute       source /home/ylxiao/ws_192/F200818_rendering_hls/data_redir_m/.autopilot/db/global.setting.tcl 
Execute       source /home/ylxiao/ws_192/F200818_rendering_hls/data_redir_m/.autopilot/db/projection_odd_m.compgen.tcl 
Execute       source /home/ylxiao/ws_192/F200818_rendering_hls/data_redir_m/.autopilot/db/rasterization1_odd_m.compgen.tcl 
Execute       source /home/ylxiao/ws_192/F200818_rendering_hls/data_redir_m/.autopilot/db/data_redir_m.compgen.tcl 
INFO-FLOW: DBG:CMD:       generate_ip_cores sim=0 export=1 expOnly=1 dstVlogDir=impl/.pcores/verilog
Execute       source /home/ylxiao/ws_192/F200818_rendering_hls/data_redir_m/.autopilot/db/global.setting.tcl 
Execute       source /home/ylxiao/ws_192/F200818_rendering_hls/data_redir_m/.autopilot/db/projection_odd_m.compgen.tcl 
Execute       source /home/ylxiao/ws_192/F200818_rendering_hls/data_redir_m/.autopilot/db/rasterization1_odd_m.compgen.tcl 
Execute       source /home/ylxiao/ws_192/F200818_rendering_hls/data_redir_m/.autopilot/db/data_redir_m.compgen.tcl 
Execute         ap_part_info -name xc7z020-clg400-1 -data names -quiet 
Execute         ap_part_info -name xc7z020-clg400-1 -data info -quiet 
Execute         ap_part_info -name xc7z020-clg400-1 -data names -quiet 
Execute         ap_part_info -name xc7z020-clg400-1 -data info -quiet 
Execute         ap_part_info -name xc7z020-clg400-1 -data names -quiet 
Execute         ap_part_info -name xc7z020-clg400-1 -data info -quiet 
Execute         ap_part_info -name xc7z020-clg400-1 -data names -quiet 
Execute         ap_part_info -name xc7z020-clg400-1 -data info -quiet 
Execute         ap_part_info -name xc7z020-clg400-1 -data names -quiet 
Execute         ap_part_info -name xc7z020-clg400-1 -data info -quiet 
Execute         ap_part_info -name xc7z020-clg400-1 -data names -quiet 
Execute         ap_part_info -name xc7z020-clg400-1 -data info -quiet 
Execute         ap_part_info -name xc7z020-clg400-1 -data names -quiet 
Execute         ap_part_info -name xc7z020-clg400-1 -data info -quiet 
Execute         ap_part_info -name xc7z020-clg400-1 -data names -quiet 
Execute         ap_part_info -name xc7z020-clg400-1 -data info -quiet 
Execute         ap_part_info -name xc7z020-clg400-1 -data names -quiet 
Execute         ap_part_info -name xc7z020-clg400-1 -data info -quiet 
Command       ap_source done; 0.11 sec.
Execute       ap_part_info -name xc7z020-clg400-1 -data names -quiet 
Execute       ap_part_info -name xc7z020-clg400-1 -data info -quiet 
INFO-FLOW: DBG:CMD:       generate_ip_cores sim=0 export=0 expOnly=0 dstVlogDir=impl/.pcores/verilog_sim
Execute       source /home/ylxiao/ws_192/F200818_rendering_hls/data_redir_m/.autopilot/db/global.setting.tcl 
Execute       source /home/ylxiao/ws_192/F200818_rendering_hls/data_redir_m/.autopilot/db/projection_odd_m.compgen.tcl 
Execute       source /home/ylxiao/ws_192/F200818_rendering_hls/data_redir_m/.autopilot/db/rasterization1_odd_m.compgen.tcl 
Execute       source /home/ylxiao/ws_192/F200818_rendering_hls/data_redir_m/.autopilot/db/data_redir_m.compgen.tcl 
Execute       ap_part_info -name xc7z020-clg400-1 -data names -quiet 
Execute       ap_part_info -name xc7z020-clg400-1 -data info -quiet 
Execute       ap_part_info -name xc7z020-clg400-1 -data names -quiet 
Execute       ap_part_info -name xc7z020-clg400-1 -data info -quiet 
Execute       source /home/ylxiao/ws_192/F200818_rendering_hls/data_redir_m/.autopilot/db/global.setting.tcl 
Execute       ap_part_info -name xc7z020-clg400-1 -data names -quiet 
Execute       ap_part_info -name xc7z020-clg400-1 -data info -quiet 
Execute       source /home/ylxiao/ws_192/F200818_rendering_hls/data_redir_m/.autopilot/db/data_redir_m.constraint.tcl 
Execute       source /home/ylxiao/ws_192/F200818_rendering_hls/data_redir_m/.autopilot/db/data_redir_m.tbgen.tcl 
INFO-FLOW: DBG:CMD:       hasPcoreIpAdapter=false #gSsdmPorts=6
INFO-FLOW: DBG:CMD: Skipping loadAnalyze_DB, #g_database=2
INFO-FLOW: DBG:CMD:       generate_json is_phase_csynth=1 g_has_adaptors=false generate_bd_files=0 #modelList=4 #gSsdmPorts=6
Execute       source /home/ylxiao/Xilinx/Vivado/2019.2/tps/tcl/tcllib1.11.1/fileutil/fileutil.tcl 
Execute       source /home/ylxiao/ws_192/F200818_rendering_hls/data_redir_m/.autopilot/db/global.setting.tcl 
Execute       source /home/ylxiao/ws_192/F200818_rendering_hls/data_redir_m/.autopilot/db/global.setting.tcl 
Execute       get_config_export -xo 
Execute       source /home/ylxiao/ws_192/F200818_rendering_hls/data_redir_m/.autopilot/db/data_redir_m.tbgen.tcl 
Execute       source /home/ylxiao/ws_192/F200818_rendering_hls/data_redir_m/.autopilot/db/data_redir_m.tbgen.tcl 
Execute       source /home/ylxiao/ws_192/F200818_rendering_hls/data_redir_m/.autopilot/db/data_redir_m.tbgen.tcl 
Execute       source /home/ylxiao/ws_192/F200818_rendering_hls/data_redir_m/.autopilot/db/global.setting.tcl 
Execute       get_config_sdx -target 
Execute       source /home/ylxiao/ws_192/F200818_rendering_hls/data_redir_m/.autopilot/db/data_redir_m.rtl_wrap.cfg.tcl 
Execute       source /home/ylxiao/ws_192/F200818_rendering_hls/data_redir_m/.autopilot/db/data_redir_m.compgen.dataonly.tcl 
Execute       source /home/ylxiao/ws_192/F200818_rendering_hls/data_redir_m/.autopilot/db/global.setting.tcl 
Execute       ap_part_info -name xc7z020-clg400-1 -data names -quiet 
Execute       ap_part_info -name xc7z020-clg400-1 -data info -quiet 
Execute       source /home/ylxiao/ws_192/F200818_rendering_hls/data_redir_m/.autopilot/db/data_redir_m.constraint.tcl 
Execute       sc_get_clocks data_redir_m 
Execute       ap_part_info -name xc7z020-clg400-1 -data names -quiet 
Execute       ap_part_info -name xc7z020-clg400-1 -data info -quiet 
Execute       source /home/ylxiao/ws_192/F200818_rendering_hls/data_redir_m/.autopilot/db/global.setting.tcl 
Execute       get_config_debug -directory 
Execute       source /home/ylxiao/ws_192/F200818_rendering_hls/data_redir_m/.autopilot/db/projection_odd_m.tbgen.tcl 
Execute       source /home/ylxiao/ws_192/F200818_rendering_hls/data_redir_m/.autopilot/db/rasterization1_odd_m.tbgen.tcl 
Execute       source /home/ylxiao/ws_192/F200818_rendering_hls/data_redir_m/.autopilot/db/data_redir_m.tbgen.tcl 
Execute       get_config_sdx -target 
Execute       get_config_sdx -profile 
Execute       get_config_rtl -kernel_profile 
Execute       get_config_rtl -stall_sig_gen 
Execute       get_config_rtl -profile 
INFO-FLOW: DBG:CMD: add_json_sdx_info kernel file does not exist, skipping opencl info: /home/ylxiao/ws_192/F200818_rendering_hls/data_redir_m/.autopilot/db/kernel.internal.xml
INFO-FLOW: DBG:CMD:       delete-temp-dirs (skipped for debug)
INFO: [HLS 200-111] Finished generating all RTL models Time (s): cpu = 00:00:32 ; elapsed = 00:00:34 . Memory (MB): peak = 956.117 ; gain = 523.344 ; free physical = 4569 ; free virtual = 22544
INFO: [VHDL 208-304] Generating VHDL RTL for data_redir_m.
INFO: [VLOG 209-307] Generating Verilog RTL for data_redir_m.
Command     autosyn done; 1 sec.
Command   csynth_design done; 31.39 sec.
Command ap_source done; 33.31 sec.
Execute cleanup_all 
