INFO-FLOW: Workspace /home/ylxiao/ws_201/RISC/ip_development/hls_prj/rendering/rasterization2_m opened at Sun Dec 20 18:52:19 EST 2020
Execute     config_clock -quiet -name default -period 10 -default=false 
INFO: [SYN 201-201] Setting up clock 'default' with a period of 10ns.
Execute     open_platform DefaultPlatform 
Execute     import_lib /opt/Xilinx/Vivado/2018.2/common/technology/xilinx/zynq/zynq 
Execute       source /opt/Xilinx/Vivado/2018.2/common/technology/xilinx/common/xilinx.lib 
Execute         source /opt/Xilinx/Vivado/2018.2/common/technology/xilinx/interface/xilinx_interface.lib 
Execute           source /opt/Xilinx/Vivado/2018.2/common/technology/xilinx/interface/plb46.lib 
Execute           source /opt/Xilinx/Vivado/2018.2/common/technology/xilinx/interface/fsl.lib 
Execute           source /opt/Xilinx/Vivado/2018.2/common/technology/xilinx/interface/axi4.lib 
Execute           source /opt/Xilinx/Vivado/2018.2/common/technology/xilinx/interface/maxi.lib 
Execute           source /opt/Xilinx/Vivado/2018.2/common/technology/xilinx/interface/saxilite.lib 
Execute         source /opt/Xilinx/Vivado/2018.2/common/technology/xilinx/common/dsp48.lib 
Execute         source /opt/Xilinx/Vivado/2018.2/common/technology/xilinx/ip/xfft.lib 
Execute         source /opt/Xilinx/Vivado/2018.2/common/technology/xilinx/ip/xfir.lib 
Execute         source /opt/Xilinx/Vivado/2018.2/common/technology/xilinx/ip/dds_compiler.lib 
Execute       source /opt/Xilinx/Vivado/2018.2/common/technology/xilinx/common/xilinx_old.lib 
Execute       source /opt/Xilinx/Vivado/2018.2/common/technology/xilinx/common/xilinx_vivado.lib 
Execute       source /opt/Xilinx/Vivado/2018.2/common/technology/xilinx/common/xilinx.hlp 
Execute         source /opt/Xilinx/Vivado/2018.2/common/technology/xilinx/common/target_info.tcl 
Execute         source /opt/Xilinx/Vivado/2018.2/common/technology/xilinx/interface/xilinx_interface.hlp 
Execute           source /opt/Xilinx/Vivado/2018.2/common/technology/xilinx/interface/maxi.hlp 
Execute           source /opt/Xilinx/Vivado/2018.2/common/technology/xilinx/interface/saxilite.hlp 
Execute         source /opt/Xilinx/Vivado/2018.2/common/technology/xilinx/common/dsp48.hlp 
Execute       source /opt/Xilinx/Vivado/2018.2/common/technology/xilinx/zynq/dsp48e1.hlp 
Execute       get_default_platform 
Execute       config_chip_info -quiet -resource  {SLICE 13300}  {LUT 53200}     {FF 106400} {DSP48E 220}   {BRAM 280}  
Execute       config_chip_info -quiet -speed medium 
Execute       source /opt/Xilinx/Vivado/2018.2/common/technology/xilinx/common/xilinx.hlp 
Execute         source /opt/Xilinx/Vivado/2018.2/common/technology/xilinx/common/target_info.tcl 
Execute         source /opt/Xilinx/Vivado/2018.2/common/technology/xilinx/interface/xilinx_interface.hlp 
Execute           source /opt/Xilinx/Vivado/2018.2/common/technology/xilinx/interface/maxi.hlp 
Execute           source /opt/Xilinx/Vivado/2018.2/common/technology/xilinx/interface/saxilite.hlp 
Execute         source /opt/Xilinx/Vivado/2018.2/common/technology/xilinx/common/dsp48.hlp 
Execute     source /opt/Xilinx/Vivado/2018.2/common/technology/xilinx/zynq/zynq.gen 
Execute       source /opt/Xilinx/Vivado/2018.2/common/technology/xilinx/common/virtex.gen 
Execute         source /opt/Xilinx/Vivado/2018.2/common/technology/xilinx/common/xilinx.gen 
Execute           source /opt/Xilinx/Vivado/2018.2/common/technology/xilinx/interface/plb46.gen 
Execute           source /opt/Xilinx/Vivado/2018.2/common/technology/xilinx/interface/fsl.gen 
Execute           source /opt/Xilinx/Vivado/2018.2/common/technology/xilinx/interface/axi4.gen 
Execute           source /opt/Xilinx/Vivado/2018.2/common/technology/xilinx/interface/nativeAXI4.gen 
Execute             source /opt/Xilinx/Vivado/2018.2/common/technology/xilinx/interface/saxilite.gen 
Execute             source /opt/Xilinx/Vivado/2018.2/common/technology/xilinx/interface/maxi.gen 
Execute           source /opt/Xilinx/Vivado/2018.2/common/technology/xilinx/scripts/xilinxcoregen.gen 
Execute           source /opt/Xilinx/Vivado/2018.2/common/technology/xilinx/interface/XilEDKCoreGen.gen 
Execute           source /opt/Xilinx/Vivado/2018.2/common/technology/xilinx/ip/dds_compiler.gen 
Execute           source /opt/Xilinx/Vivado/2018.2/common/technology/xilinx/ip/util.gen 
Execute           source /opt/Xilinx/Vivado/2018.2/common/technology/xilinx/ip/xfft.gen 
Execute           source /opt/Xilinx/Vivado/2018.2/common/technology/xilinx/ip/xfir.gen 
Execute         source /opt/Xilinx/Vivado/2018.2/common/technology/xilinx/common/dsp48.gen 
Execute     open_platform DefaultPlatform 
Execute     import_lib /opt/Xilinx/Vivado/2018.2/common/technology/xilinx/zynq/zynq_fpv6 
Execute       source /opt/Xilinx/Vivado/2018.2/common/technology/xilinx/common/xilinx_fpv7.lib 
Execute         source /opt/Xilinx/Vivado/2018.2/common/technology/xilinx/common/xilinx_hp.lib 
Execute       source /opt/Xilinx/Vivado/2018.2/common/technology/xilinx/common/xilinx_fpv.hlp 
Execute         source /opt/Xilinx/Vivado/2018.2/common/technology/xilinx/common/xilinx.hlp 
Execute           source /opt/Xilinx/Vivado/2018.2/common/technology/xilinx/common/target_info.tcl 
Execute           source /opt/Xilinx/Vivado/2018.2/common/technology/xilinx/interface/xilinx_interface.hlp 
Execute             source /opt/Xilinx/Vivado/2018.2/common/technology/xilinx/interface/maxi.hlp 
Execute             source /opt/Xilinx/Vivado/2018.2/common/technology/xilinx/interface/saxilite.hlp 
Execute           source /opt/Xilinx/Vivado/2018.2/common/technology/xilinx/common/dsp48.hlp 
Execute       source /opt/Xilinx/Vivado/2018.2/common/technology/xilinx/zynq/zynq_hp.hlp 
Execute     source /opt/Xilinx/Vivado/2018.2/common/technology/xilinx/zynq/zynq_fpv6.gen 
Execute       source /opt/Xilinx/Vivado/2018.2/common/technology/xilinx/common/xilinx_fpv6.gen 
Execute     set_part xc7z020clg484-1 
Execute       add_library xilinx/zynq/zynq:xc7z020:clg484:-1 
Execute         get_default_platform 
Execute         license_isbetapart xc7z020 
Command         license_isbetapart done; error code: 1; 
Execute         get_default_platform 
Execute         config_chip_info -quiet -resource  {SLICE 13300}  {LUT 53200}     {FF 106400} {DSP48E 220}   {BRAM 280}  
Execute         config_chip_info -quiet -speed slow 
Execute       add_library xilinx/zynq/zynq_fpv6 
Execute         get_default_platform 
INFO: [HLS 200-10] Setting target device to 'xc7z020clg484-1'
Execute       get_default_platform 
Execute     get_default_platform 
Execute     config_chip_info -quiet -resource  {SLICE 13300}  {LUT 53200}     {FF 106400} {DSP48E 220}   {BRAM 280}  
Execute     config_chip_info -quiet -speed slow 
Command   open_solution done; 0.16 sec.
Execute   set_part xc7z020clg484-1 
Execute     add_library xilinx/zynq/zynq:xc7z020:clg484:-1 
Execute       get_default_platform 
Execute       license_isbetapart xc7z020 
Command       license_isbetapart done; error code: 1; 
Execute       get_default_platform 
Execute       config_chip_info -quiet -resource  {SLICE 13300}  {LUT 53200}     {FF 106400} {DSP48E 220}   {BRAM 280}  
Execute       config_chip_info -quiet -speed slow 
Execute     add_library xilinx/zynq/zynq_fpv6 
Execute       get_default_platform 
Execute     get_default_platform 
Execute   create_clock -period 10 -name default 
Execute   csynth_design 
Execute     get_config_compile -effort 
Execute     get_config_compile -enable_clang39 
Execute     get_config_compile -g 
Execute     get_config_compile -lm 
Execute     get_config_compile -ng 
Execute     get_config_compile -opt_fp 
Execute     get_config_compile -skip_cdt 
Execute     get_config_compile -skip_syncheck 
Execute     get_config_compile -skip_transform 
Execute     get_config_compile -keep_printf 
Execute     elaborate -effort=medium -skip_syncheck=0 -keep_printf=0 -lm=0 -skip_cdt=0 -skip_transform=0 -ng=0 -g=0 -opt_fp=0 -from_csynth_design=1 
Execute       get_config_schedule -relax_ii_for_timing 
Execute       get_config_schedule -suppress_dependence_error_break 
INFO: [HLS 200-10] Analyzing design file '../c_src/sdsoc/rendering.cpp' ... 
INFO-FLOW: Compiling one TU...
Execute       is_m_axi_addr64 
INFO-FLOW: Handling ../c_src/sdsoc/rendering.cpp as C++
Execute       get_default_platform 
Execute       is_encrypted ../c_src/sdsoc/rendering.cpp 
Execute       get_default_platform 
INFO-FLOW: Source preprocessing
Execute       clang  -fno-limit-debug-info -gcc-toolchain "/opt/Xilinx/Vivado/2018.2/lnx64/tools/gcc" -hls  -fno-exceptions  -D__llvm__  -E "../c_src/sdsoc/rendering.cpp"     -fno-math-errno -c -emit-llvm -O0  -mllvm -disable-llvm-optzns -fno-threadsafe-statics  -fno-use-cxa-atexit  -fno-threadsafe-statics -fno-use-cxa-atexit -D__CLANG_3_1__ -DAESL_SYN -D__SYNTHESIS__ -D__HLS_SYN__ -I "/opt/Xilinx/Vivado/2018.2/common/technology/autopilot" -I "/opt/Xilinx/Vivado/2018.2/common/technology/autopilot/ap_sysc" -include etc/autopilot_ssdm_op.h -D__DSP48E1__  -o "/home/ylxiao/ws_201/RISC/ip_development/hls_prj/rendering/rasterization2_m/.autopilot/db/rendering.pp.0.cpp" 
INFO-FLOW: exec /opt/Xilinx/Vivado/2018.2/lnx64/tools/clang/bin/clang -fno-limit-debug-info -gcc-toolchain /opt/Xilinx/Vivado/2018.2/lnx64/tools/gcc -hls -fno-exceptions -D__llvm__ -E ../c_src/sdsoc/rendering.cpp -fno-math-errno -c -emit-llvm -O0 -mllvm -disable-llvm-optzns -fno-threadsafe-statics -fno-use-cxa-atexit -fno-threadsafe-statics -fno-use-cxa-atexit -D__CLANG_3_1__ -DAESL_SYN -D__SYNTHESIS__ -D__HLS_SYN__ -I /opt/Xilinx/Vivado/2018.2/common/technology/autopilot -I /opt/Xilinx/Vivado/2018.2/common/technology/autopilot/ap_sysc -include etc/autopilot_ssdm_op.h -D__DSP48E1__ -o /home/ylxiao/ws_201/RISC/ip_development/hls_prj/rendering/rasterization2_m/.autopilot/db/rendering.pp.0.cpp
Command       clang done; 1.09 sec.
INFO-FLOW: Syntax Checking before pre-processing...
Execute       clang  -fno-limit-debug-info -gcc-toolchain "/opt/Xilinx/Vivado/2018.2/lnx64/tools/gcc" -hls    -fno-math-errno -c -emit-llvm -O0  -mllvm -disable-llvm-optzns -fno-threadsafe-statics  -fno-use-cxa-atexit  -fno-threadsafe-statics -fno-use-cxa-atexit -D__CLANG_3_1__ -DAESL_SYN -D__SYNTHESIS__ -D__HLS_SYN__ -I "/opt/Xilinx/Vivado/2018.2/common/technology/autopilot" -I "/opt/Xilinx/Vivado/2018.2/common/technology/autopilot/ap_sysc" -include etc/autopilot_ssdm_op.h -D__DSP48E1__  "/home/ylxiao/ws_201/RISC/ip_development/hls_prj/rendering/rasterization2_m/.autopilot/db/rendering.pp.0.cpp"  -o "/home/ylxiao/ws_201/RISC/ip_development/hls_prj/rendering/rasterization2_m/.autopilot/db/useless.bc"  
INFO-FLOW: exec /opt/Xilinx/Vivado/2018.2/lnx64/tools/clang/bin/clang -fno-limit-debug-info -gcc-toolchain /opt/Xilinx/Vivado/2018.2/lnx64/tools/gcc -hls -fno-math-errno -c -emit-llvm -O0 -mllvm -disable-llvm-optzns -fno-threadsafe-statics -fno-use-cxa-atexit -fno-threadsafe-statics -fno-use-cxa-atexit -D__CLANG_3_1__ -DAESL_SYN -D__SYNTHESIS__ -D__HLS_SYN__ -I /opt/Xilinx/Vivado/2018.2/common/technology/autopilot -I /opt/Xilinx/Vivado/2018.2/common/technology/autopilot/ap_sysc -include etc/autopilot_ssdm_op.h -D__DSP48E1__ /home/ylxiao/ws_201/RISC/ip_development/hls_prj/rendering/rasterization2_m/.autopilot/db/rendering.pp.0.cpp -o /home/ylxiao/ws_201/RISC/ip_development/hls_prj/rendering/rasterization2_m/.autopilot/db/useless.bc
Command       clang done; 2.98 sec.
INFO-FLOW: GCC PP time: 4 seconds per iteration
Execute       list_core -type functional_unit 
Execute       tidy_31 xilinx-systemc-detector /home/ylxiao/ws_201/RISC/ip_development/hls_prj/rendering/rasterization2_m/.autopilot/db/rendering.pp.0.cpp std=gnu++98 -directive=/home/ylxiao/ws_201/RISC/ip_development/hls_prj/rendering/rasterization2_m/.autopilot/db/.systemc_flag 
INFO-FLOW: exec /opt/Xilinx/Vivado/2018.2/lnx64/tools/clang-3.9-csynth/bin/tidy-3.1 -header-filter=.* --checks=-*,xilinx-systemc-detector -import-directive=/home/ylxiao/ws_201/RISC/ip_development/hls_prj/rendering/rasterization2_m/.autopilot/db/.systemc_flag -quiet -fix-errors /home/ylxiao/ws_201/RISC/ip_development/hls_prj/rendering/rasterization2_m/.autopilot/db/rendering.pp.0.cpp -- -std=gnu++98 -fhls -ferror-limit=0
Command       tidy_31 done; 3.9 sec.
INFO-FLOW: CDT Preprocessing with tidy-3.1...
Execute       tidy_31 xilinx-directive2pragma /home/ylxiao/ws_201/RISC/ip_development/hls_prj/rendering/rasterization2_m/.autopilot/db/rendering.pp.0.cpp std=gnu++98 -directive=/home/ylxiao/ws_201/RISC/ip_development/hls_prj/rendering/rasterization2_m/rasterization2_m.json 
INFO-FLOW: exec /opt/Xilinx/Vivado/2018.2/lnx64/tools/clang-3.9-csynth/bin/tidy-3.1 -header-filter=.* --checks=-*,xilinx-directive2pragma -import-directive=/home/ylxiao/ws_201/RISC/ip_development/hls_prj/rendering/rasterization2_m/rasterization2_m.json -quiet -fix-errors /home/ylxiao/ws_201/RISC/ip_development/hls_prj/rendering/rasterization2_m/.autopilot/db/rendering.pp.0.cpp -- -std=gnu++98 -fhls -ferror-limit=0
Command       tidy_31 done; 3.84 sec.
Execute       get_config_dataflow -strict_mode 
Execute       ap_eval exec -ignorestderr /opt/Xilinx/Vivado/2018.2/lnx64/tools/clang-3.9-csynth/bin/xilinx-dataflow-lawyer -export-fixes=/home/ylxiao/ws_201/RISC/ip_development/hls_prj/rendering/rasterization2_m/.autopilot/db/xilinx-dataflow-lawyer.rendering.pp.0.cpp.diag.yml /home/ylxiao/ws_201/RISC/ip_development/hls_prj/rendering/rasterization2_m/.autopilot/db/rendering.pp.0.cpp -- -std=gnu++98 -fhls -ferror-limit=0 -fstrict-dataflow > /home/ylxiao/ws_201/RISC/ip_development/hls_prj/rendering/rasterization2_m/.autopilot/db/xilinx-dataflow-lawyer.rendering.pp.0.cpp.out.log 2> /home/ylxiao/ws_201/RISC/ip_development/hls_prj/rendering/rasterization2_m/.autopilot/db/xilinx-dataflow-lawyer.rendering.pp.0.cpp.err.log 
Command       ap_eval done; 2.62 sec.
WARNING: [HLS 214-113] Variables defined outside dataflow region are not supported: ../c_src/sdsoc/rendering.cpp:141:12
WARNING: [HLS 214-111] Static variables and non-static stream cannot be used inside a dataflow region: ../c_src/sdsoc/rendering.cpp:1729:29
WARNING: [HLS 214-113] Variables defined outside dataflow region are not supported: ../c_src/sdsoc/rendering.cpp:2050:5
Execute       tidy_31 -errorcheck xilinx-constantarray-param,xilinx-resource-pragma-transformer /home/ylxiao/ws_201/RISC/ip_development/hls_prj/rendering/rasterization2_m/.autopilot/db/rendering.pp.0.cpp std=gnu++98 
INFO-FLOW: exec /opt/Xilinx/Vivado/2018.2/lnx64/tools/clang-3.9-csynth/bin/tidy-3.1 -header-filter=.* --checks=-*,xilinx-constantarray-param,xilinx-resource-pragma-transformer -quiet -fix-errors /home/ylxiao/ws_201/RISC/ip_development/hls_prj/rendering/rasterization2_m/.autopilot/db/rendering.pp.0.cpp -- -std=gnu++98 -fhls -ferror-limit=0
INFO-FLOW: exec /opt/Xilinx/Vivado/2018.2/lnx64/tools/clang-3.9-csynth/bin/xilinx-legacy-rewriter /home/ylxiao/ws_201/RISC/ip_development/hls_prj/rendering/rasterization2_m/.autopilot/db/rendering.pp.0.cpp -- -std=gnu++98 -fhls -ferror-limit=0
Command       tidy_31 done; 8.33 sec.
INFO-FLOW: tidy-3.1 time 14 seconds per iteration
INFO-FLOW: Pragma Handling...
Execute       tidy_31 xilinx-ssdm-intrinsics-arguments /home/ylxiao/ws_201/RISC/ip_development/hls_prj/rendering/rasterization2_m/.autopilot/db/rendering.pragma.1.cpp std=gnu++98 
INFO-FLOW: exec /opt/Xilinx/Vivado/2018.2/lnx64/tools/clang-3.9-csynth/bin/tidy-3.1 -header-filter=.* --checks=-*,xilinx-ssdm-intrinsics-arguments -quiet -fix-errors /home/ylxiao/ws_201/RISC/ip_development/hls_prj/rendering/rasterization2_m/.autopilot/db/rendering.pragma.1.cpp -- -std=gnu++98 -fhls -ferror-limit=0
Command       tidy_31 done; 4.51 sec.
INFO-FLOW: Source preprocessing
Execute       clang  -fno-limit-debug-info -gcc-toolchain "/opt/Xilinx/Vivado/2018.2/lnx64/tools/gcc" -hls  -fno-exceptions  -D__llvm__  -E "/home/ylxiao/ws_201/RISC/ip_development/hls_prj/rendering/rasterization2_m/.autopilot/db/rendering.pragma.1.cpp"     -fno-math-errno -c -emit-llvm -O0  -mllvm -disable-llvm-optzns -fno-threadsafe-statics  -fno-use-cxa-atexit  -fno-threadsafe-statics -fno-use-cxa-atexit -D__CLANG_3_1__ -DAESL_SYN -D__SYNTHESIS__ -D__HLS_SYN__ -I "/opt/Xilinx/Vivado/2018.2/common/technology/autopilot" -I "/opt/Xilinx/Vivado/2018.2/common/technology/autopilot/ap_sysc" -include etc/autopilot_ssdm_op.h -D__DSP48E1__  -o "/home/ylxiao/ws_201/RISC/ip_development/hls_prj/rendering/rasterization2_m/.autopilot/db/rendering.pragma.2.cpp" 
INFO-FLOW: exec /opt/Xilinx/Vivado/2018.2/lnx64/tools/clang/bin/clang -fno-limit-debug-info -gcc-toolchain /opt/Xilinx/Vivado/2018.2/lnx64/tools/gcc -hls -fno-exceptions -D__llvm__ -E /home/ylxiao/ws_201/RISC/ip_development/hls_prj/rendering/rasterization2_m/.autopilot/db/rendering.pragma.1.cpp -fno-math-errno -c -emit-llvm -O0 -mllvm -disable-llvm-optzns -fno-threadsafe-statics -fno-use-cxa-atexit -fno-threadsafe-statics -fno-use-cxa-atexit -D__CLANG_3_1__ -DAESL_SYN -D__SYNTHESIS__ -D__HLS_SYN__ -I /opt/Xilinx/Vivado/2018.2/common/technology/autopilot -I /opt/Xilinx/Vivado/2018.2/common/technology/autopilot/ap_sysc -include etc/autopilot_ssdm_op.h -D__DSP48E1__ -o /home/ylxiao/ws_201/RISC/ip_development/hls_prj/rendering/rasterization2_m/.autopilot/db/rendering.pragma.2.cpp
Command       clang done; 1.04 sec.
Execute       get_default_platform 
INFO-FLOW: Processing labels
Execute       clang -src /home/ylxiao/ws_201/RISC/ip_development/hls_prj/rendering/rasterization2_m/.autopilot/db/rendering.pragma.2.cpp  -fno-limit-debug-info -gcc-toolchain /opt/Xilinx/Vivado/2018.2/lnx64/tools/gcc -hls -hls-analyze-label -hls-analyze-pragma -fno-exceptions  -D__llvm__  -w  "/home/ylxiao/ws_201/RISC/ip_development/hls_prj/rendering/rasterization2_m/.autopilot/db/rendering.pragma.2.cpp"    -fno-math-errno -c -emit-llvm -O0  -mllvm -disable-llvm-optzns -fno-threadsafe-statics  -fno-use-cxa-atexit -DAESL_SYN -D__SYNTHESIS__ -D__HLS_SYN__ -I "/opt/Xilinx/Vivado/2018.2/common/technology/autopilot" -I "/opt/Xilinx/Vivado/2018.2/common/technology/autopilot/ap_sysc" -include etc/autopilot_ssdm_op.h -D__DSP48E1__ -g -o "/home/ylxiao/ws_201/RISC/ip_development/hls_prj/rendering/rasterization2_m/.autopilot/db/rendering.bc" 
INFO-FLOW: exec /opt/Xilinx/Vivado/2018.2/lnx64/tools/clang/bin/clang -fno-limit-debug-info -gcc-toolchain /opt/Xilinx/Vivado/2018.2/lnx64/tools/gcc -hls -hls-analyze-label -hls-analyze-pragma -fno-exceptions -D__llvm__ -w /home/ylxiao/ws_201/RISC/ip_development/hls_prj/rendering/rasterization2_m/.autopilot/db/rendering.pragma.2.cpp -fno-math-errno -c -emit-llvm -O0 -mllvm -disable-llvm-optzns -fno-threadsafe-statics -fno-use-cxa-atexit -DAESL_SYN -D__SYNTHESIS__ -D__HLS_SYN__ -I /opt/Xilinx/Vivado/2018.2/common/technology/autopilot -I /opt/Xilinx/Vivado/2018.2/common/technology/autopilot/ap_sysc -include etc/autopilot_ssdm_op.h -D__DSP48E1__ -g -o /home/ylxiao/ws_201/RISC/ip_development/hls_prj/rendering/rasterization2_m/.autopilot/db/rendering.bc
Command       clang done; 2.97 sec.
INFO-FLOW: Linking Debug ...
Execute       llvm-ld /home/ylxiao/ws_201/RISC/ip_development/hls_prj/rendering/rasterization2_m/.autopilot/db/rendering.g.bc -hls-opt -except-internalize rasterization2_m -L/opt/Xilinx/Vivado/2018.2/lnx64/lib -lhlsm -lhlsmc++ -o /home/ylxiao/ws_201/RISC/ip_development/hls_prj/rendering/rasterization2_m/.autopilot/db/a.g 
Command       llvm-ld done; 0.7 sec.
INFO: [HLS 200-111] Finished Linking Time (s): cpu = 00:00:32 ; elapsed = 00:00:33 . Memory (MB): peak = 368.719 ; gain = 0.121 ; free physical = 13450 ; free virtual = 23253
INFO: [HLS 200-111] Finished Checking Pragmas Time (s): cpu = 00:00:32 ; elapsed = 00:00:33 . Memory (MB): peak = 368.719 ; gain = 0.121 ; free physical = 13450 ; free virtual = 23253
Execute       ::config_rtl 
Execute       opt_and_import_c a -opt_level=2 -skip_syncheck=0 -ng=0 -keep_printf=0 
Execute         cleanup_all_models 
INFO: [HLS 200-10] Starting code transformations ...
Execute         transform -promote-dbg-pointer /home/ylxiao/ws_201/RISC/ip_development/hls_prj/rendering/rasterization2_m/.autopilot/db/a.pp.bc -o /home/ylxiao/ws_201/RISC/ip_development/hls_prj/rendering/rasterization2_m/.autopilot/db/a.pp.0.bc -f 
Execute         llvm-ld /home/ylxiao/ws_201/RISC/ip_development/hls_prj/rendering/rasterization2_m/.autopilot/db/a.pp.0.bc -disable-opt -L/opt/Xilinx/Vivado/2018.2/lnx64/lib -lfloatconversion -o /home/ylxiao/ws_201/RISC/ip_development/hls_prj/rendering/rasterization2_m/.autopilot/db/a.g.0 
Command         llvm-ld done; 0.58 sec.
INFO-FLOW: Running Standard Transforms...
Execute         transform -hls -share-std-xform -demangle-name -inline-byval-memcpy -always-inline -promote-dbg-pointer -interface-preproc -scalarrepl -mem2reg -keep-read-access -instcombine -dce -promote-dbg-pointer -bitop-raise -loop-simplify -indvarspre -indvars -loop-simplify -xunroll -constprop -instcombine -simplifycfg -indvars -simplifycfg -dce -globaldce -basicaa -simplifycfg -mem2reg -globalopt -global-constprop -deadargelim -instcombine -simplifycfg -prune-eh -simplifycfg -scalarrepl -instcombine -reassociate -licm -simplifycfg -loop-simplify -indvars -instcombine -simplifycfg -mem2reg -loop-simplify -indvars -instcombine -gvn -gvn -instcombine -adce -break-crit-edges -simplifycfg -loop-delete -global-array-opt -dce -dse -adce -find-syn-modules -top rasterization2_m -deadargelim -mem2reg -instcombine -dce -presyn-prepare -auto-rom-infer -interface-preproc -syn-check -check-rec-only -find-region -simplifycfg -func-extr -function-inline -globaldce -mem2reg -instcombine -dce -gvn -globaldce -adce -adse -constprop -instcombine -bit-constprop -instcombine -dce -simplifycfg -bitop-raise -simplifycfg -dce -loop-delete -reassociate -globalopt -global-privatize -mem2reg -dce -global-constprop -pointer-simplify -constprop -dce -func-inst -deadargelim -auto-shift-reg-idiom -promote-dbg-pointer -norm-name /home/ylxiao/ws_201/RISC/ip_development/hls_prj/rendering/rasterization2_m/.autopilot/db/a.g.0.bc -o /home/ylxiao/ws_201/RISC/ip_development/hls_prj/rendering/rasterization2_m/.autopilot/db/a.g.1.bc -f -phase std-opt 
Command         transform done; 0.16 sec.
INFO: [HLS 200-111] Finished Standard Transforms Time (s): cpu = 00:00:33 ; elapsed = 00:00:34 . Memory (MB): peak = 496.598 ; gain = 128.000 ; free physical = 13427 ; free virtual = 23235
INFO: [HLS 200-10] Checking synthesizability ...
INFO-FLOW: Checking Synthesizability 1/2..
Execute         transform -hls -syn-check -check-rec-only -disaggr -scalarrepl -norm-name -dce -mem2reg -instcombine -function-uniquify -directive-preproc -mem2reg -dse -dce -auto-rom-infer -dce -array-normalize -instcombine -dce -warn-fifo-pointer -array-seg-normalize -instcombine -dce -array-flatten -instcombine -dce -array-burst -dce -deadargelim -promote-global-argument -simplifycfg -mem2reg -globaldce -resolve-double-ptr -dce -deadargelim -dce -instcombine -function-inline -globaldce -dce -doublePtrSimplify -doublePtrElim -dce -doublePtrSimplify -promote-dbg-pointer -dce -scalarrepl -dse -adse -instcombine -ptrLegalization -simplifycfg -dce -instcombine -pointer-simplify -ptrArgReplace -dce -instcombine -disaggr -scalarrepl -norm-name -dce -mem2reg -instcombine -ptrLegalization -simplifycfg -deadargelim -instcombine -dce -inst-simplify -function-uniquify -directive-preproc -mem2reg -dse -dce -globaldce /home/ylxiao/ws_201/RISC/ip_development/hls_prj/rendering/rasterization2_m/.autopilot/db/a.g.1.bc -o /home/ylxiao/ws_201/RISC/ip_development/hls_prj/rendering/rasterization2_m/.autopilot/db/a.g.2.prechk.bc -f 
INFO: [XFORM 203-602] Inlining function 'pixel_in_triangle' into 'rasterization2_odd' (../c_src/sdsoc/rendering.cpp:547) automatically.
INFO: [XFORM 203-602] Inlining function 'pixel_in_triangle' into 'rasterization2_even' (../c_src/sdsoc/rendering.cpp:659) automatically.
Command         transform done; 0.12 sec.
INFO-FLOW: Checking Synthesizability 2/2..
Execute         transform -syn-check /home/ylxiao/ws_201/RISC/ip_development/hls_prj/rendering/rasterization2_m/.autopilot/db/a.g.2.prechk.bc -o /home/ylxiao/ws_201/RISC/ip_development/hls_prj/rendering/rasterization2_m/.autopilot/db/a.g.2.bc -f -phase syn-check 
INFO: [HLS 200-111] Finished Checking Synthesizability Time (s): cpu = 00:00:33 ; elapsed = 00:00:34 . Memory (MB): peak = 496.598 ; gain = 128.000 ; free physical = 13419 ; free virtual = 23228
INFO-FLOW: Compiler optimizing ...
INFO-FLOW: Share syncheck's 1.bc for syn flow: copy /home/ylxiao/ws_201/RISC/ip_development/hls_prj/rendering/rasterization2_m/.autopilot/db/a.g.1.bc to /home/ylxiao/ws_201/RISC/ip_development/hls_prj/rendering/rasterization2_m/.autopilot/db/a.o.1.bc
INFO-FLOW: Presyn 1...
Execute         transform -hls -tmp /home/ylxiao/ws_201/RISC/ip_development/hls_prj/rendering/rasterization2_m/.autopilot/db -interface-port-rename -type-info -function-uniquify -directive-preproc -mem2reg -dse -dce -disaggr -scalarrepl -norm-name -deadargelim -mem2reg -instcombine -dce -simplifycfg -auto-rom-infer -dce -function-uniquify -resource-proc -simplifycfg -mem2reg -globaldce -resolve-double-ptr -dce -deadargelim -dce -instcombine -clib-intrinsic-prepare -dce -func-buffer -dce -array-normalize -func-legal -instcombine -gvn -constprop -dce -ptrArgReplace -mem2reg -instcombine -dce -array-seg-normalize -deadargelim -instcombine -dce -pointer-simplify -dce -port-alignment -dce -interface-preproc -data-pack -instcombine -dce -basicaa -aggr-aa -aggrmodref-aa -aggr-aa -gvn -gvn -basicaa -aggr-aa -aggrmodref-aa -aggr-aa -dse -adse -adce -loop-simplify -indvars -instcombine -gvn -loop-simplify -mem2reg -dce -find-region -instcombine -auto-loop-pipeline -inst-simplify -interface-preproc -cfgopt -instcombine -indvars -auto-loop-unroll -loop-simplify -loop-bound -xunroll -constprop -instcombine -simplifycfg -indvars -simplifycfg -dce -globaldce -clean-region -attach-range -gvn -inst-simplify -constprop -simplifycfg -dce -pointer-simplify -dce -globalopt -constprop -dce -array-promote -constprop -instcombine -dce -ptrArgReplace -mem2reg -instcombine -simplifycfg -dce -auto-par -instcombine -dce -array-transform-check -array-reshape -instcombine -simplifycfg -dce -ptrArgReplace -deadargelim -mem2reg -instcombine -simplifycfg -dce -indvars -loop-simplify -loop-bound -xunroll -constprop -instcombine -simplifycfg -indvars -simplifycfg -dce -globaldce -duplicate-dataflow-processes -globaldce -instcombine -array-partition -instcombine -simplifycfg -dce -ptrArgReplace -global-constprop -deadargelim -mem2reg -func-legal -instcombine -dce -global-constprop -deadargelim -mem2reg -instcombine -simplifycfg -dce -merge-param -deadargelim -globalopt -constprop -dce -array-promote -constprop -instcombine -dce -ptrArgReplace -mem2reg -instcombine -simplifycfg -dce -mem-intrinsic-preproc -dce -global-internalize -global-privatize -mem2reg -globaldce -promote-global-argument -ptrArgReplace -mem2reg -instcombine -dce -globalopt -mergereturn -simplify-global-access -mem2reg -dce -pointer-simplify -dce -functionattrs -basicaa -aggr-aa -aggrmodref-aa -aggr-aa -gvn -gvn -basicaa -aggr-aa -aggrmodref-aa -aggr-aa -dse -adse -adce -inst-simplify -dce -norm-name -function-inline -globaldce -func-inst -constprop -instcombine -simplifycfg -dce -func-legal -dce -loop-bound -arraycheck -bitwidthmin -on-by-dataflow -loop-delete -instcombine -simplifycfg -globaldce -dce -gvn -deadargelim -dce -loop-simplify -clean-region -simplifycfg -propagate-stable-arguments -loop-stream -instcombine -simplifycfg -dce -globaldce -duplicate-dataflow-processes -stream-intrinsic-preproc -dce -check-ap-stream -loop-simplify -eliminate-keepreads -extract-dataflow-in-loop -loop-simplify -dce -gvn -deadargelim -dse -check-dataflow-syntax -legalize-stream-variable -legalize-global -extract-subproc -dce -dead-channel-elimination -canonicalize-gep -globaldce -dce -gvn -deadargelim -annotate-dataflow-channels -scalar-propagation -deadargelim -globaldce -mem2reg -check-dataflow-channels -function-stream -dce -globaldce -prop-fifo-spec -internal-stream-gen -canonicalize-gep -globaldce -dce -gvn -deadargelim -mergereturn -indvars -loop-simplify -instcombine -array-stream -array-seg-normalize -array-partition -func-legal -instcombine -simplifycfg -dce -bundle-memfifo-ops -deadargelim -function-uniquify -directive-preproc -mem2reg -dse -dce -group-axi-access -licm -simplifycfg -dce -loop-delete -norm-name /home/ylxiao/ws_201/RISC/ip_development/hls_prj/rendering/rasterization2_m/.autopilot/db/a.o.1.bc -o /home/ylxiao/ws_201/RISC/ip_development/hls_prj/rendering/rasterization2_m/.autopilot/db/a.o.1.tmp.bc -f 
INFO: [XFORM 203-602] Inlining function 'pixel_in_triangle' into 'rasterization2_odd' (../c_src/sdsoc/rendering.cpp:547) automatically.
INFO: [XFORM 203-602] Inlining function 'pixel_in_triangle' into 'rasterization2_even' (../c_src/sdsoc/rendering.cpp:659) automatically.
Command         transform done; 0.32 sec.
INFO-FLOW: Presyn 2...
Execute         transform -hls -keep-callgraph -scalarrepl -mem2reg -port-alignment -attach-range -dce -pipe-mux-gen -indvars -loop-bound -inst-simplify -instcombine -dce -merge-array-access -mem2reg -dce -clean-region -mergereturn -if-conv -instcombine -dce -constprop -basicaa -aggr-aa -aggrmodref-aa -aggr-aa -gvn -gvn -basicaa -aggr-aa -aggrmodref-aa -aggr-aa -dse -adse -adce -scalarrepl -mem2reg -global-constprop -deadargelim -deadargelim -instcombine -dce -simplifycfg -ptrArgReplace -mem2reg -function-inline -globaldce -mem2reg -instcombine -dce -expr-balance -instcombine -dce -bitwidthmin -interface-preproc -directive-preproc -inst-rectify -instcombine -dce -functionattrs -constprop -instcombine -bit-constprop -simplify-global-access -globalopt -globaldce -inst-simplify -instcombine -elimdeaddata -dce -loop-delete -simplifycfg -loop-simplify -auto-burst -norm-name /home/ylxiao/ws_201/RISC/ip_development/hls_prj/rendering/rasterization2_m/.autopilot/db/a.o.1.tmp.bc -o /home/ylxiao/ws_201/RISC/ip_development/hls_prj/rendering/rasterization2_m/.autopilot/db/a.o.2.bc -f -phase presyn 
Command         transform done; 0.17 sec.
INFO: [HLS 200-111] Finished Pre-synthesis Time (s): cpu = 00:00:33 ; elapsed = 00:00:34 . Memory (MB): peak = 496.598 ; gain = 128.000 ; free physical = 13385 ; free virtual = 23197
INFO-FLOW: Building ssdm...
Execute         transform -hls -function-uniquify -auto-function-inline -globaldce -ptrArgReplace -mem2reg -instcombine -dce -reset-lda -loop-simplify -indvars -licm -loop-dep -loop-bound -licm -loop-simplify -flattenloopnest -array-flatten -gvn -instcombine -dce -array-map -dce -func-legal -gvn -adce -instcombine -cfgopt -simplifycfg -loop-simplify -array-burst -promote-global-argument -dce -axi4-lower -array-seg-normalize -basicaa -aggrmodref-aa -globalsmodref-aa -aggr-aa -gvn -gvn -basicaa -aggrmodref-aa -globalsmodref-aa -aggr-aa -dse -adse -adce -licm -inst-simplify -dce -globaldce -instcombine -array-stream -eliminate-keepreads -instcombine -dce -deadargelim -doublePtrSimplify -doublePtrElim -dce -doublePtrSimplify -promote-dbg-pointer -dce -scalarrepl -mem2reg -disaggr -norm-name -mem2reg -instcombine -dse -adse -adce -ptrLegalization -dce -auto-rom-infer -array-flatten -dce -instcombine -check-doubleptr -loop-rot -constprop -cfgopt -simplifycfg -loop-simplify -indvars -pointer-simplify -dce -loop-bound -loop-simplify -loop-preproc -constprop -global-constprop -gvn -mem2reg -instcombine -dce -loop-bound -loop-merge -dce -bitwidthmin -deadargelim -dce -canonicalize-dataflow -dce -scalar-propagation -deadargelim -globaldce -mem2reg -read-loop-dep -interface-preproc -directive-preproc -interface-gen -bram-byte-enable -deadargelim -inst-simplify -dce -gvn -mem2reg -instcombine -dce -adse -loop-bound -instcombine -cfgopt -simplifycfg -loop-simplify -clean-region -io-protocol -find-region -mem2reg -bitop-raise -inst-simplify -inst-rectify -instcombine -adce -deadargelim -loop-simplify -phi-opt -bitop-raise -cfgopt -simplifycfg -strip-dead-prototypes -interface-lower -bitop-lower -intrinsic-lower -auto-function-inline -basicaa -aggrmodref-aa -globalsmodref-aa -aggr-aa -inst-simplify -simplifycfg -loop-simplify -mergereturn -inst-simplify -inst-rectify -dce -load-elim -bitop-lower -loop-rewind -pointer-simplify -dce -cfgopt -dce -bitwidth -loop-dep -read-loop-dep -dce -check-stream -norm-name -legalize -validate-dataflow -dead-allocation-elimination -cdfg-build /home/ylxiao/ws_201/RISC/ip_development/hls_prj/rendering/rasterization2_m/.autopilot/db/a.o.2.bc -o /home/ylxiao/ws_201/RISC/ip_development/hls_prj/rendering/rasterization2_m/.autopilot/db/a.o.3.bc -f -phase build-ssdm 
Command         transform done; 0.27 sec.
INFO: [HLS 200-111] Finished Architecture Synthesis Time (s): cpu = 00:00:34 ; elapsed = 00:00:34 . Memory (MB): peak = 496.598 ; gain = 128.000 ; free physical = 13367 ; free virtual = 23180
INFO-FLOW: Finish building internal data model.
Command       opt_and_import_c done; 1.71 sec.
Command     elaborate done; 34.06 sec.
Execute     autosyn -from_csynth_design=1 
INFO: [HLS 200-10] Starting hardware synthesis ...
INFO-FLOW: Synthesizing C/C++ design ...
INFO: [HLS 200-10] Synthesizing 'rasterization2_m' ...
Execute       ap_set_top_model rasterization2_m 
Execute       get_model_list rasterization2_m -filter all-wo-channel -topdown 
Execute       preproc_iomode -model rasterization2_m 
Execute       preproc_iomode -model rasterization2_even 
Execute       preproc_iomode -model rasterization2_odd 
Execute       get_model_list rasterization2_m -filter all-wo-channel 
INFO-FLOW: Model list for configure: rasterization2_odd rasterization2_even rasterization2_m
INFO-FLOW: Configuring Module : rasterization2_odd ...
Execute       set_default_model rasterization2_odd 
Execute       apply_spec_resource_limit rasterization2_odd 
INFO-FLOW: Configuring Module : rasterization2_even ...
Execute       set_default_model rasterization2_even 
Execute       apply_spec_resource_limit rasterization2_even 
INFO-FLOW: Configuring Module : rasterization2_m ...
Execute       set_default_model rasterization2_m 
Execute       apply_spec_resource_limit rasterization2_m 
INFO-FLOW: Model list for preprocess: rasterization2_odd rasterization2_even rasterization2_m
INFO-FLOW: Preprocessing Module: rasterization2_odd ...
Execute       set_default_model rasterization2_odd 
Execute       cdfg_preprocess -model rasterization2_odd 
Execute       rtl_gen_preprocess rasterization2_odd 
INFO-FLOW: Preprocessing Module: rasterization2_even ...
Execute       set_default_model rasterization2_even 
Execute       cdfg_preprocess -model rasterization2_even 
Execute       rtl_gen_preprocess rasterization2_even 
INFO-FLOW: Preprocessing Module: rasterization2_m ...
Execute       set_default_model rasterization2_m 
Execute       cdfg_preprocess -model rasterization2_m 
Execute       rtl_gen_preprocess rasterization2_m 
INFO-FLOW: Model list for synthesis: rasterization2_odd rasterization2_even rasterization2_m
INFO: [HLS 200-10] ----------------------------------------------------------------
INFO: [HLS 200-42] -- Implementing module 'rasterization2_odd' 
INFO: [HLS 200-10] ----------------------------------------------------------------
Execute       set_default_model rasterization2_odd 
Execute       schedule -model rasterization2_odd 
INFO: [SCHED 204-11] Starting scheduling ...
INFO: [SCHED 204-61] Pipelining loop 'RAST2'.
INFO: [SCHED 204-61] Pipelining result : Target II = 1, Final II = 1, Depth = 22.
INFO: [SCHED 204-61] Pipelining loop 'Loop 2'.
INFO: [SCHED 204-61] Pipelining result : Target II = 1, Final II = 1, Depth = 3.
INFO: [SCHED 204-11] Finished scheduling.
INFO: [HLS 200-111]  Elapsed time: 34.59 seconds; current allocated memory: 123.297 MB.
Execute       report -o /home/ylxiao/ws_201/RISC/ip_development/hls_prj/rendering/rasterization2_m/.autopilot/db/rasterization2_odd.verbose.sched.rpt -verbose -f 
Execute       db_write -o /home/ylxiao/ws_201/RISC/ip_development/hls_prj/rendering/rasterization2_m/.autopilot/db/rasterization2_odd.sched.adb -f 
INFO-FLOW: Finish scheduling rasterization2_odd.
Execute       set_default_model rasterization2_odd 
Execute       bind -model rasterization2_odd 
BIND OPTION: fu_weight=[ 0.0 -- 1.0 ]
BIND OPTION: model=rasterization2_odd
BIND OPTION: reg_weight=[ 0.0 -- 1.0 ]
INFO: [BIND 205-100] Starting micro-architecture generation ...
INFO: [BIND 205-101] Performing variable lifetime analysis.
INFO: [BIND 205-101] Exploring resource sharing.
INFO: [BIND 205-101] Binding ...
INFO: [BIND 205-100] Finished micro-architecture generation.
INFO: [HLS 200-111]  Elapsed time: 0.14 seconds; current allocated memory: 123.978 MB.
Execute       report -o /home/ylxiao/ws_201/RISC/ip_development/hls_prj/rendering/rasterization2_m/.autopilot/db/rasterization2_odd.verbose.bind.rpt -verbose -f 
Execute       db_write -o /home/ylxiao/ws_201/RISC/ip_development/hls_prj/rendering/rasterization2_m/.autopilot/db/rasterization2_odd.bind.adb -f 
INFO-FLOW: Finish binding rasterization2_odd.
INFO: [HLS 200-10] ----------------------------------------------------------------
INFO: [HLS 200-42] -- Implementing module 'rasterization2_even' 
INFO: [HLS 200-10] ----------------------------------------------------------------
Execute       set_default_model rasterization2_even 
Execute       schedule -model rasterization2_even 
INFO: [SCHED 204-11] Starting scheduling ...
INFO: [SCHED 204-61] Pipelining loop 'RAST2'.
INFO: [SCHED 204-61] Pipelining result : Target II = 1, Final II = 1, Depth = 22.
INFO: [SCHED 204-61] Pipelining loop 'Loop 2'.
INFO: [SCHED 204-61] Pipelining result : Target II = 1, Final II = 1, Depth = 3.
INFO: [SCHED 204-11] Finished scheduling.
INFO: [HLS 200-111]  Elapsed time: 0.2 seconds; current allocated memory: 124.727 MB.
Execute       report -o /home/ylxiao/ws_201/RISC/ip_development/hls_prj/rendering/rasterization2_m/.autopilot/db/rasterization2_even.verbose.sched.rpt -verbose -f 
Execute       db_write -o /home/ylxiao/ws_201/RISC/ip_development/hls_prj/rendering/rasterization2_m/.autopilot/db/rasterization2_even.sched.adb -f 
INFO-FLOW: Finish scheduling rasterization2_even.
Execute       set_default_model rasterization2_even 
Execute       bind -model rasterization2_even 
BIND OPTION: fu_weight=[ 0.0 -- 1.0 ]
BIND OPTION: model=rasterization2_even
BIND OPTION: reg_weight=[ 0.0 -- 1.0 ]
INFO: [BIND 205-100] Starting micro-architecture generation ...
INFO: [BIND 205-101] Performing variable lifetime analysis.
INFO: [BIND 205-101] Exploring resource sharing.
INFO: [BIND 205-101] Binding ...
INFO: [BIND 205-100] Finished micro-architecture generation.
INFO: [HLS 200-111]  Elapsed time: 0.14 seconds; current allocated memory: 125.384 MB.
Execute       report -o /home/ylxiao/ws_201/RISC/ip_development/hls_prj/rendering/rasterization2_m/.autopilot/db/rasterization2_even.verbose.bind.rpt -verbose -f 
Execute       db_write -o /home/ylxiao/ws_201/RISC/ip_development/hls_prj/rendering/rasterization2_m/.autopilot/db/rasterization2_even.bind.adb -f 
INFO-FLOW: Finish binding rasterization2_even.
INFO: [HLS 200-10] ----------------------------------------------------------------
INFO: [HLS 200-42] -- Implementing module 'rasterization2_m' 
INFO: [HLS 200-10] ----------------------------------------------------------------
Execute       set_default_model rasterization2_m 
Execute       schedule -model rasterization2_m 
INFO: [SCHED 204-11] Starting scheduling ...
INFO: [SCHED 204-11] Finished scheduling.
INFO: [HLS 200-111]  Elapsed time: 0.1 seconds; current allocated memory: 125.529 MB.
Execute       report -o /home/ylxiao/ws_201/RISC/ip_development/hls_prj/rendering/rasterization2_m/.autopilot/db/rasterization2_m.verbose.sched.rpt -verbose -f 
Execute       db_write -o /home/ylxiao/ws_201/RISC/ip_development/hls_prj/rendering/rasterization2_m/.autopilot/db/rasterization2_m.sched.adb -f 
INFO-FLOW: Finish scheduling rasterization2_m.
Execute       set_default_model rasterization2_m 
Execute       bind -model rasterization2_m 
BIND OPTION: fu_weight=[ 0.0 -- 1.0 ]
BIND OPTION: model=rasterization2_m
BIND OPTION: reg_weight=[ 0.0 -- 1.0 ]
INFO: [BIND 205-100] Starting micro-architecture generation ...
INFO: [BIND 205-101] Performing variable lifetime analysis.
INFO: [BIND 205-101] Exploring resource sharing.
INFO: [BIND 205-101] Binding ...
INFO: [BIND 205-100] Finished micro-architecture generation.
INFO: [HLS 200-111]  Elapsed time: 0.07 seconds; current allocated memory: 125.674 MB.
Execute       report -o /home/ylxiao/ws_201/RISC/ip_development/hls_prj/rendering/rasterization2_m/.autopilot/db/rasterization2_m.verbose.bind.rpt -verbose -f 
Execute       db_write -o /home/ylxiao/ws_201/RISC/ip_development/hls_prj/rendering/rasterization2_m/.autopilot/db/rasterization2_m.bind.adb -f 
INFO-FLOW: Finish binding rasterization2_m.
Execute       get_model_list rasterization2_m -filter all-wo-channel 
INFO-FLOW: Preprocessing for RTLGen ...
Execute       rtl_gen_preprocess rasterization2_odd 
Execute       rtl_gen_preprocess rasterization2_even 
Execute       rtl_gen_preprocess rasterization2_m 
INFO-FLOW: Model list for RTL generation: rasterization2_odd rasterization2_even rasterization2_m
INFO: [HLS 200-10] ----------------------------------------------------------------
INFO: [HLS 200-10] -- Generating RTL for module 'rasterization2_odd' 
INFO: [HLS 200-10] ----------------------------------------------------------------
Execute       get_config_rtl -prefix 
Execute       get_config_rtl -auto_prefix 
Execute       create_rtl_model rasterization2_odd -vendor xilinx -mg_file /home/ylxiao/ws_201/RISC/ip_development/hls_prj/rendering/rasterization2_m/.autopilot/db/rasterization2_odd.compgen.tcl 
WARNING: [RTGEN 206-101] Register 'rasterization2_m_in_1' is power-on initialization.
WARNING: [RTGEN 206-101] Register 'rasterization2_m_out_1' is power-on initialization.
WARNING: [RTGEN 206-101] Register 'rasterization2_m_out_3' is power-on initialization.
INFO: [SYN 201-210] Renamed object name 'rasterization2_odd_fragment_x_V_1' to 'rasterization2_odbkb' due to the length limit 20
INFO: [SYN 201-210] Renamed object name 'rasterization2_odd_fragment_y_V' to 'rasterization2_odcud' due to the length limit 20
INFO: [SYN 201-210] Renamed object name 'rasterization2_odd_fragment_z_V' to 'rasterization2_oddEe' due to the length limit 20
INFO: [SYN 201-210] Renamed object name 'rasterization2_odd_fragment_color_V' to 'rasterization2_odeOg' due to the length limit 20
INFO: [SYN 201-210] Renamed object name 'rasterization2_m_urem_16ns_8ns_8_20_1' to 'rasterization2_m_fYi' due to the length limit 20
INFO: [SYN 201-210] Renamed object name 'rasterization2_m_udiv_16ns_8ns_8_20_1' to 'rasterization2_m_g8j' due to the length limit 20
INFO: [SYN 201-210] Renamed object name 'rasterization2_m_am_submul_8ns_8ns_9s_18_1_1' to 'rasterization2_m_hbi' due to the length limit 20
INFO: [SYN 201-210] Renamed object name 'rasterization2_m_ama_submul_sub_8ns_8ns_9s_18s_18_1_1' to 'rasterization2_m_ibs' due to the length limit 20
INFO: [RTGEN 206-100] Generating core module 'rasterization2_m_fYi': 1 instance(s).
INFO: [RTGEN 206-100] Generating core module 'rasterization2_m_g8j': 1 instance(s).
INFO: [RTGEN 206-100] Generating core module 'rasterization2_m_hbi': 3 instance(s).
INFO: [RTGEN 206-100] Generating core module 'rasterization2_m_ibs': 3 instance(s).
INFO: [RTGEN 206-100] Finished creating RTL model for 'rasterization2_odd'.
INFO: [HLS 200-111]  Elapsed time: 0.17 seconds; current allocated memory: 127.024 MB.
Execute       source /home/ylxiao/ws_201/RISC/ip_development/hls_prj/rendering/rasterization2_m/.autopilot/db/rasterization2_m.rtl_wrap.cfg.tcl 
Execute       gen_rtl rasterization2_odd -style xilinx -tracefl mytrace -tracefmt vcd -traceopt all -f -lang sc -o /home/ylxiao/ws_201/RISC/ip_development/hls_prj/rendering/rasterization2_m/syn/systemc/rasterization2_odd -synmodules rasterization2_odd rasterization2_even rasterization2_m 
Execute       gen_rtl rasterization2_odd -style xilinx -f -lang vhdl -o /home/ylxiao/ws_201/RISC/ip_development/hls_prj/rendering/rasterization2_m/syn/vhdl/rasterization2_odd 
Execute       gen_rtl rasterization2_odd -style xilinx -f -lang vlog -o /home/ylxiao/ws_201/RISC/ip_development/hls_prj/rendering/rasterization2_m/syn/verilog/rasterization2_odd 
Execute       gen_tb_info rasterization2_odd -o /home/ylxiao/ws_201/RISC/ip_development/hls_prj/rendering/rasterization2_m/.autopilot/db/rasterization2_odd -p /home/ylxiao/ws_201/RISC/ip_development/hls_prj/rendering/rasterization2_m/.autopilot/db 
Execute       report -model rasterization2_odd -o /home/ylxiao/ws_201/RISC/ip_development/hls_prj/rendering/rasterization2_m/syn/report/rasterization2_odd_csynth.rpt -f 
Execute       report -model rasterization2_odd -o /home/ylxiao/ws_201/RISC/ip_development/hls_prj/rendering/rasterization2_m/syn/report/rasterization2_odd_csynth.xml -f -x 
Execute       report -model rasterization2_odd -o /home/ylxiao/ws_201/RISC/ip_development/hls_prj/rendering/rasterization2_m/.autopilot/db/rasterization2_odd.verbose.rpt -verbose -f 
Command       report done; 0.12 sec.
Execute       db_write -model rasterization2_odd -o /home/ylxiao/ws_201/RISC/ip_development/hls_prj/rendering/rasterization2_m/.autopilot/db/rasterization2_odd.adb -f 
INFO: [HLS 200-10] ----------------------------------------------------------------
INFO: [HLS 200-10] -- Generating RTL for module 'rasterization2_even' 
INFO: [HLS 200-10] ----------------------------------------------------------------
Execute       get_config_rtl -prefix 
Execute       get_config_rtl -auto_prefix 
Execute       create_rtl_model rasterization2_even -vendor xilinx -mg_file /home/ylxiao/ws_201/RISC/ip_development/hls_prj/rendering/rasterization2_m/.autopilot/db/rasterization2_even.compgen.tcl 
WARNING: [RTGEN 206-101] Register 'rasterization2_m_in_s' is power-on initialization.
WARNING: [RTGEN 206-101] Register 'rasterization2_m_out_4' is power-on initialization.
WARNING: [RTGEN 206-101] Register 'rasterization2_m_out' is power-on initialization.
INFO: [SYN 201-210] Renamed object name 'rasterization2_even_fragment_x_V' to 'rasterization2_evjbC' due to the length limit 20
INFO: [SYN 201-210] Renamed object name 'rasterization2_even_fragment_y_V_1' to 'rasterization2_evkbM' due to the length limit 20
INFO: [SYN 201-210] Renamed object name 'rasterization2_even_fragment_z_V_1' to 'rasterization2_evlbW' due to the length limit 20
INFO: [SYN 201-210] Renamed object name 'rasterization2_even_fragment_color_V_1' to 'rasterization2_evmb6' due to the length limit 20
INFO: [RTGEN 206-100] Generating core module 'rasterization2_m_fYi': 1 instance(s).
INFO: [RTGEN 206-100] Generating core module 'rasterization2_m_g8j': 1 instance(s).
INFO: [RTGEN 206-100] Generating core module 'rasterization2_m_hbi': 3 instance(s).
INFO: [RTGEN 206-100] Generating core module 'rasterization2_m_ibs': 3 instance(s).
INFO: [RTGEN 206-100] Finished creating RTL model for 'rasterization2_even'.
INFO: [HLS 200-111]  Elapsed time: 0.34 seconds; current allocated memory: 130.943 MB.
Execute       source /home/ylxiao/ws_201/RISC/ip_development/hls_prj/rendering/rasterization2_m/.autopilot/db/rasterization2_m.rtl_wrap.cfg.tcl 
Execute       gen_rtl rasterization2_even -style xilinx -tracefl mytrace -tracefmt vcd -traceopt all -f -lang sc -o /home/ylxiao/ws_201/RISC/ip_development/hls_prj/rendering/rasterization2_m/syn/systemc/rasterization2_even -synmodules rasterization2_odd rasterization2_even rasterization2_m 
Execute       gen_rtl rasterization2_even -style xilinx -f -lang vhdl -o /home/ylxiao/ws_201/RISC/ip_development/hls_prj/rendering/rasterization2_m/syn/vhdl/rasterization2_even 
Execute       gen_rtl rasterization2_even -style xilinx -f -lang vlog -o /home/ylxiao/ws_201/RISC/ip_development/hls_prj/rendering/rasterization2_m/syn/verilog/rasterization2_even 
Execute       gen_tb_info rasterization2_even -o /home/ylxiao/ws_201/RISC/ip_development/hls_prj/rendering/rasterization2_m/.autopilot/db/rasterization2_even -p /home/ylxiao/ws_201/RISC/ip_development/hls_prj/rendering/rasterization2_m/.autopilot/db 
Execute       report -model rasterization2_even -o /home/ylxiao/ws_201/RISC/ip_development/hls_prj/rendering/rasterization2_m/syn/report/rasterization2_even_csynth.rpt -f 
Execute       report -model rasterization2_even -o /home/ylxiao/ws_201/RISC/ip_development/hls_prj/rendering/rasterization2_m/syn/report/rasterization2_even_csynth.xml -f -x 
Execute       report -model rasterization2_even -o /home/ylxiao/ws_201/RISC/ip_development/hls_prj/rendering/rasterization2_m/.autopilot/db/rasterization2_even.verbose.rpt -verbose -f 
Command       report done; 0.12 sec.
Execute       db_write -model rasterization2_even -o /home/ylxiao/ws_201/RISC/ip_development/hls_prj/rendering/rasterization2_m/.autopilot/db/rasterization2_even.adb -f 
INFO: [HLS 200-10] ----------------------------------------------------------------
INFO: [HLS 200-10] -- Generating RTL for module 'rasterization2_m' 
INFO: [HLS 200-10] ----------------------------------------------------------------
Execute       get_config_rtl -prefix 
Execute       get_config_rtl -auto_prefix 
Execute       create_rtl_model rasterization2_m -vendor xilinx -mg_file /home/ylxiao/ws_201/RISC/ip_development/hls_prj/rendering/rasterization2_m/.autopilot/db/rasterization2_m.compgen.tcl 
INFO: [RTGEN 206-500] Setting interface mode on port 'rasterization2_m/Input_1_V_V' to 'ap_hs'.
INFO: [RTGEN 206-500] Setting interface mode on port 'rasterization2_m/Output_1_V_V' to 'ap_hs'.
INFO: [RTGEN 206-500] Setting interface mode on port 'rasterization2_m/Output_2_V_V' to 'ap_hs'.
INFO: [RTGEN 206-500] Setting interface mode on port 'rasterization2_m/Input_2_V_V' to 'ap_hs'.
INFO: [RTGEN 206-500] Setting interface mode on port 'rasterization2_m/Output_3_V_V' to 'ap_hs'.
INFO: [RTGEN 206-500] Setting interface mode on port 'rasterization2_m/Output_4_V_V' to 'ap_hs'.
INFO: [RTGEN 206-500] Setting interface mode on function 'rasterization2_m' to 'ap_ctrl_hs'.
INFO: [RTGEN 206-100] Finished creating RTL model for 'rasterization2_m'.
INFO: [HLS 200-111]  Elapsed time: 0.28 seconds; current allocated memory: 133.987 MB.
Execute       source /home/ylxiao/ws_201/RISC/ip_development/hls_prj/rendering/rasterization2_m/.autopilot/db/rasterization2_m.rtl_wrap.cfg.tcl 
Execute       gen_rtl rasterization2_m -istop -style xilinx -tracefl mytrace -tracefmt vcd -traceopt all -f -lang sc -o /home/ylxiao/ws_201/RISC/ip_development/hls_prj/rendering/rasterization2_m/syn/systemc/rasterization2_m -synmodules rasterization2_odd rasterization2_even rasterization2_m 
Execute       gen_rtl rasterization2_m -istop -style xilinx -f -lang vhdl -o /home/ylxiao/ws_201/RISC/ip_development/hls_prj/rendering/rasterization2_m/syn/vhdl/rasterization2_m 
Execute       gen_rtl rasterization2_m -istop -style xilinx -f -lang vlog -o /home/ylxiao/ws_201/RISC/ip_development/hls_prj/rendering/rasterization2_m/syn/verilog/rasterization2_m 
Execute       export_constraint_db -o /home/ylxiao/ws_201/RISC/ip_development/hls_prj/rendering/rasterization2_m/.autopilot/db/rasterization2_m.constraint.tcl -f -tool general 
Execute       report -model rasterization2_m -o /home/ylxiao/ws_201/RISC/ip_development/hls_prj/rendering/rasterization2_m/.autopilot/db/rasterization2_m.design.xml -verbose -f -dv 
Execute       report -model rasterization2_m -o /home/ylxiao/ws_201/RISC/ip_development/hls_prj/rendering/rasterization2_m/.autopilot/db/rasterization2_m.sdaccel.xml -verbose -f -sdaccel 
Execute       gen_tb_info rasterization2_m -o /home/ylxiao/ws_201/RISC/ip_development/hls_prj/rendering/rasterization2_m/.autopilot/db/rasterization2_m -p /home/ylxiao/ws_201/RISC/ip_development/hls_prj/rendering/rasterization2_m/.autopilot/db 
Execute       report -model rasterization2_m -o /home/ylxiao/ws_201/RISC/ip_development/hls_prj/rendering/rasterization2_m/syn/report/rasterization2_m_csynth.rpt -f 
Execute       report -model rasterization2_m -o /home/ylxiao/ws_201/RISC/ip_development/hls_prj/rendering/rasterization2_m/syn/report/rasterization2_m_csynth.xml -f -x 
Execute       report -model rasterization2_m -o /home/ylxiao/ws_201/RISC/ip_development/hls_prj/rendering/rasterization2_m/.autopilot/db/rasterization2_m.verbose.rpt -verbose -f 
Execute       db_write -model rasterization2_m -o /home/ylxiao/ws_201/RISC/ip_development/hls_prj/rendering/rasterization2_m/.autopilot/db/rasterization2_m.adb -f 
Execute       sc_get_clocks rasterization2_m 
Execute       sc_get_portdomain rasterization2_m 
INFO-FLOW: Model list for RTL component generation: rasterization2_odd rasterization2_even rasterization2_m
INFO-FLOW: Handling components in module [rasterization2_odd] ... 
Execute       source /home/ylxiao/ws_201/RISC/ip_development/hls_prj/rendering/rasterization2_m/.autopilot/db/rasterization2_odd.compgen.tcl 
INFO-FLOW: Found component rasterization2_m_fYi.
INFO-FLOW: Append model rasterization2_m_fYi
INFO-FLOW: Found component rasterization2_m_g8j.
INFO-FLOW: Append model rasterization2_m_g8j
INFO-FLOW: Found component rasterization2_m_hbi.
INFO-FLOW: Append model rasterization2_m_hbi
INFO-FLOW: Found component rasterization2_m_ibs.
INFO-FLOW: Append model rasterization2_m_ibs
INFO-FLOW: Found component rasterization2_odbkb.
INFO-FLOW: Append model rasterization2_odbkb
INFO-FLOW: Handling components in module [rasterization2_even] ... 
Execute       source /home/ylxiao/ws_201/RISC/ip_development/hls_prj/rendering/rasterization2_m/.autopilot/db/rasterization2_even.compgen.tcl 
INFO-FLOW: Handling components in module [rasterization2_m] ... 
Execute       source /home/ylxiao/ws_201/RISC/ip_development/hls_prj/rendering/rasterization2_m/.autopilot/db/rasterization2_m.compgen.tcl 
INFO-FLOW: Append model rasterization2_odd
INFO-FLOW: Append model rasterization2_even
INFO-FLOW: Append model rasterization2_m
INFO-FLOW: Generating RTL model list ...
INFO-FLOW: All models in this session: rasterization2_m_fYi rasterization2_m_g8j rasterization2_m_hbi rasterization2_m_ibs rasterization2_odbkb rasterization2_odd rasterization2_even rasterization2_m
INFO-FLOW: To file: write model rasterization2_m_fYi
INFO-FLOW: To file: write model rasterization2_m_g8j
INFO-FLOW: To file: write model rasterization2_m_hbi
INFO-FLOW: To file: write model rasterization2_m_ibs
INFO-FLOW: To file: write model rasterization2_odbkb
INFO-FLOW: To file: write model rasterization2_odd
INFO-FLOW: To file: write model rasterization2_even
INFO-FLOW: To file: write model rasterization2_m
INFO-FLOW: Finished generating RTL model list.


INFO-FLOW: RTL Generation done.
INFO-FLOW: CAS Generation done.
INFO-FLOW: CBC Generation done.
Execute       get_config_sdx -target 
Execute       source /home/ylxiao/ws_201/RISC/ip_development/hls_prj/rendering/rasterization2_m/.autopilot/db/global.setting.tcl 
Execute       source /opt/Xilinx/Vivado/2018.2/common/technology/generic/autopilot/common.gen 
Execute         source /opt/Xilinx/Vivado/2018.2/common/technology/generic/autopilot/APCoreGen.gen 
Execute       source /opt/Xilinx/Vivado/2018.2/common/technology/generic/autopilot/op.gen 
Execute       source /opt/Xilinx/Vivado/2018.2/common/technology/generic/autopilot/op_simcore.gen 
Execute       source /opt/Xilinx/Vivado/2018.2/common/technology/generic/autopilot/interface.gen 
Execute       source /home/ylxiao/ws_201/RISC/ip_development/hls_prj/rendering/rasterization2_m/.autopilot/db/global.setting.tcl 
Execute       source /opt/Xilinx/Vivado/2018.2/common/technology/xilinx/zynq/zynq.gen 
Execute         source /opt/Xilinx/Vivado/2018.2/common/technology/xilinx/common/virtex.gen 
Execute           source /opt/Xilinx/Vivado/2018.2/common/technology/xilinx/common/xilinx.gen 
Execute             source /opt/Xilinx/Vivado/2018.2/common/technology/xilinx/interface/plb46.gen 
Execute             source /opt/Xilinx/Vivado/2018.2/common/technology/xilinx/interface/fsl.gen 
Execute             source /opt/Xilinx/Vivado/2018.2/common/technology/xilinx/interface/axi4.gen 
Execute             source /opt/Xilinx/Vivado/2018.2/common/technology/xilinx/interface/nativeAXI4.gen 
Execute               source /opt/Xilinx/Vivado/2018.2/common/technology/xilinx/interface/saxilite.gen 
Execute               source /opt/Xilinx/Vivado/2018.2/common/technology/xilinx/interface/maxi.gen 
Execute             source /opt/Xilinx/Vivado/2018.2/common/technology/xilinx/scripts/xilinxcoregen.gen 
Execute             source /opt/Xilinx/Vivado/2018.2/common/technology/xilinx/interface/XilEDKCoreGen.gen 
Execute             source /opt/Xilinx/Vivado/2018.2/common/technology/xilinx/ip/dds_compiler.gen 
Execute             source /opt/Xilinx/Vivado/2018.2/common/technology/xilinx/ip/util.gen 
Execute             source /opt/Xilinx/Vivado/2018.2/common/technology/xilinx/ip/xfft.gen 
Execute             source /opt/Xilinx/Vivado/2018.2/common/technology/xilinx/ip/xfir.gen 
Execute           source /opt/Xilinx/Vivado/2018.2/common/technology/xilinx/common/dsp48.gen 
Execute       source /opt/Xilinx/Vivado/2018.2/common/technology/xilinx/zynq/zynq_fpv6.gen 
Execute         source /opt/Xilinx/Vivado/2018.2/common/technology/xilinx/common/xilinx_fpv6.gen 
Execute       source /home/ylxiao/ws_201/RISC/ip_development/hls_prj/rendering/rasterization2_m/.autopilot/db/global.setting.tcl 
Execute       source /home/ylxiao/ws_201/RISC/ip_development/hls_prj/rendering/rasterization2_m/.autopilot/db/global.setting.tcl 
Execute       source /home/ylxiao/ws_201/RISC/ip_development/hls_prj/rendering/rasterization2_m/.autopilot/db/global.setting.tcl 
Execute       source /home/ylxiao/ws_201/RISC/ip_development/hls_prj/rendering/rasterization2_m/.autopilot/db/rasterization2_odd.compgen.tcl 
INFO: [RTMG 210-282] Generating pipelined core: 'rasterization2_m_fYi_div'
INFO: [RTMG 210-282] Generating pipelined core: 'rasterization2_m_g8j_div'
INFO: [RTMG 210-278] Implementing memory 'rasterization2_odbkb_ram (RAM)' using block RAMs with power-on initialization.
Execute       source /home/ylxiao/ws_201/RISC/ip_development/hls_prj/rendering/rasterization2_m/.autopilot/db/rasterization2_even.compgen.tcl 
Execute       source /home/ylxiao/ws_201/RISC/ip_development/hls_prj/rendering/rasterization2_m/.autopilot/db/rasterization2_m.compgen.tcl 
Execute       get_config_sdx -target 
Execute       source /home/ylxiao/ws_201/RISC/ip_development/hls_prj/rendering/rasterization2_m/.autopilot/db/global.setting.tcl 
Execute       source /opt/Xilinx/Vivado/2018.2/common/technology/generic/autopilot/common.gen 
Execute         source /opt/Xilinx/Vivado/2018.2/common/technology/generic/autopilot/APCoreGen.gen 
Execute       source /opt/Xilinx/Vivado/2018.2/common/technology/generic/autopilot/op.gen 
Execute       source /opt/Xilinx/Vivado/2018.2/common/technology/generic/autopilot/op_simcore.gen 
Execute       source /opt/Xilinx/Vivado/2018.2/common/technology/generic/autopilot/interface.gen 
Execute       source /home/ylxiao/ws_201/RISC/ip_development/hls_prj/rendering/rasterization2_m/.autopilot/db/global.setting.tcl 
Execute       source /opt/Xilinx/Vivado/2018.2/common/technology/xilinx/zynq/zynq.gen 
Execute         source /opt/Xilinx/Vivado/2018.2/common/technology/xilinx/common/virtex.gen 
Execute           source /opt/Xilinx/Vivado/2018.2/common/technology/xilinx/common/xilinx.gen 
Execute             source /opt/Xilinx/Vivado/2018.2/common/technology/xilinx/interface/plb46.gen 
Execute             source /opt/Xilinx/Vivado/2018.2/common/technology/xilinx/interface/fsl.gen 
Execute             source /opt/Xilinx/Vivado/2018.2/common/technology/xilinx/interface/axi4.gen 
Execute             source /opt/Xilinx/Vivado/2018.2/common/technology/xilinx/interface/nativeAXI4.gen 
Execute               source /opt/Xilinx/Vivado/2018.2/common/technology/xilinx/interface/saxilite.gen 
Execute               source /opt/Xilinx/Vivado/2018.2/common/technology/xilinx/interface/maxi.gen 
Execute             source /opt/Xilinx/Vivado/2018.2/common/technology/xilinx/scripts/xilinxcoregen.gen 
Execute             source /opt/Xilinx/Vivado/2018.2/common/technology/xilinx/interface/XilEDKCoreGen.gen 
Execute             source /opt/Xilinx/Vivado/2018.2/common/technology/xilinx/ip/dds_compiler.gen 
Execute             source /opt/Xilinx/Vivado/2018.2/common/technology/xilinx/ip/util.gen 
Execute             source /opt/Xilinx/Vivado/2018.2/common/technology/xilinx/ip/xfft.gen 
Execute             source /opt/Xilinx/Vivado/2018.2/common/technology/xilinx/ip/xfir.gen 
Execute           source /opt/Xilinx/Vivado/2018.2/common/technology/xilinx/common/dsp48.gen 
Execute       source /opt/Xilinx/Vivado/2018.2/common/technology/xilinx/zynq/zynq_fpv6.gen 
Execute         source /opt/Xilinx/Vivado/2018.2/common/technology/xilinx/common/xilinx_fpv6.gen 
Execute       source /home/ylxiao/ws_201/RISC/ip_development/hls_prj/rendering/rasterization2_m/.autopilot/db/rasterization2_m.rtl_wrap.cfg.tcl 
Execute       source /home/ylxiao/ws_201/RISC/ip_development/hls_prj/rendering/rasterization2_m/.autopilot/db/rasterization2_m.rtl_wrap.cfg.tcl 
Execute       source /home/ylxiao/ws_201/RISC/ip_development/hls_prj/rendering/rasterization2_m/.autopilot/db/rasterization2_m.rtl_wrap.cfg.tcl 
Execute       source /home/ylxiao/ws_201/RISC/ip_development/hls_prj/rendering/rasterization2_m/.autopilot/db/rasterization2_m.tbgen.tcl 
Execute       source /home/ylxiao/ws_201/RISC/ip_development/hls_prj/rendering/rasterization2_m/.autopilot/db/rasterization2_m.tbgen.tcl 
Execute       source /home/ylxiao/ws_201/RISC/ip_development/hls_prj/rendering/rasterization2_m/.autopilot/db/global.setting.tcl 
Execute       source /home/ylxiao/ws_201/RISC/ip_development/hls_prj/rendering/rasterization2_m/.autopilot/db/rasterization2_odd.compgen.tcl 
Execute       source /home/ylxiao/ws_201/RISC/ip_development/hls_prj/rendering/rasterization2_m/.autopilot/db/rasterization2_even.compgen.tcl 
Execute       source /home/ylxiao/ws_201/RISC/ip_development/hls_prj/rendering/rasterization2_m/.autopilot/db/rasterization2_m.compgen.tcl 
Execute       source /home/ylxiao/ws_201/RISC/ip_development/hls_prj/rendering/rasterization2_m/.autopilot/db/global.setting.tcl 
Execute       source /home/ylxiao/ws_201/RISC/ip_development/hls_prj/rendering/rasterization2_m/.autopilot/db/rasterization2_odd.compgen.tcl 
Execute       source /home/ylxiao/ws_201/RISC/ip_development/hls_prj/rendering/rasterization2_m/.autopilot/db/rasterization2_even.compgen.tcl 
Execute       source /home/ylxiao/ws_201/RISC/ip_development/hls_prj/rendering/rasterization2_m/.autopilot/db/rasterization2_m.compgen.tcl 
Execute       source /home/ylxiao/ws_201/RISC/ip_development/hls_prj/rendering/rasterization2_m/.autopilot/db/global.setting.tcl 
Execute       source /home/ylxiao/ws_201/RISC/ip_development/hls_prj/rendering/rasterization2_m/.autopilot/db/rasterization2_odd.compgen.tcl 
Execute       source /home/ylxiao/ws_201/RISC/ip_development/hls_prj/rendering/rasterization2_m/.autopilot/db/rasterization2_even.compgen.tcl 
Execute       source /home/ylxiao/ws_201/RISC/ip_development/hls_prj/rendering/rasterization2_m/.autopilot/db/rasterization2_m.compgen.tcl 
Execute       source /home/ylxiao/ws_201/RISC/ip_development/hls_prj/rendering/rasterization2_m/.autopilot/db/global.setting.tcl 
Execute       source /home/ylxiao/ws_201/RISC/ip_development/hls_prj/rendering/rasterization2_m/.autopilot/db/rasterization2_m.constraint.tcl 
Execute       source /home/ylxiao/ws_201/RISC/ip_development/hls_prj/rendering/rasterization2_m/.autopilot/db/rasterization2_m.tbgen.tcl 
Execute       source /home/ylxiao/ws_201/RISC/ip_development/hls_prj/rendering/rasterization2_m/.autopilot/db/global.setting.tcl 
Execute       source /home/ylxiao/ws_201/RISC/ip_development/hls_prj/rendering/rasterization2_m/.autopilot/db/global.setting.tcl 
Execute       source /home/ylxiao/ws_201/RISC/ip_development/hls_prj/rendering/rasterization2_m/.autopilot/db/global.setting.tcl 
Execute       source /home/ylxiao/ws_201/RISC/ip_development/hls_prj/rendering/rasterization2_m/.autopilot/db/rasterization2_m.tbgen.tcl 
Execute       source /home/ylxiao/ws_201/RISC/ip_development/hls_prj/rendering/rasterization2_m/.autopilot/db/rasterization2_m.tbgen.tcl 
Execute       source /home/ylxiao/ws_201/RISC/ip_development/hls_prj/rendering/rasterization2_m/.autopilot/db/rasterization2_m.tbgen.tcl 
Execute       source /home/ylxiao/ws_201/RISC/ip_development/hls_prj/rendering/rasterization2_m/.autopilot/db/rasterization2_m.tbgen.tcl 
Execute       source /home/ylxiao/ws_201/RISC/ip_development/hls_prj/rendering/rasterization2_m/.autopilot/db/rasterization2_m.tbgen.tcl 
Execute       source /home/ylxiao/ws_201/RISC/ip_development/hls_prj/rendering/rasterization2_m/.autopilot/db/global.setting.tcl 
Execute       source /home/ylxiao/ws_201/RISC/ip_development/hls_prj/rendering/rasterization2_m/.autopilot/db/rasterization2_m.constraint.tcl 
Execute       sc_get_clocks rasterization2_m 
Execute       source /home/ylxiao/ws_201/RISC/ip_development/hls_prj/rendering/rasterization2_m/.autopilot/db/global.setting.tcl 
Execute       get_config_sdx -target 
Execute       get_config_sdx -profile 
Execute       ::config_rtl 
INFO: [HLS 200-111] Finished generating all RTL models Time (s): cpu = 00:00:35 ; elapsed = 00:00:37 . Memory (MB): peak = 560.598 ; gain = 192.000 ; free physical = 13392 ; free virtual = 23196
INFO: [SYSC 207-301] Generating SystemC RTL for rasterization2_m.
INFO: [VHDL 208-304] Generating VHDL RTL for rasterization2_m.
INFO: [VLOG 209-307] Generating Verilog RTL for rasterization2_m.
Command     autosyn done; 2.12 sec.
Command   csynth_design done; 36.19 sec.
Command ap_source done; 36.4 sec.
Execute cleanup_all 
